{"/Users/nicolasta/Documents/Projet/chatApp/App.js": {"path":"/Users/nicolasta/Documents/Projet/chatApp/App.js","statementMap":{"0":{"start":{"line":19,"column":14},"end":{"line":19,"column":52}},"1":{"start":{"line":20,"column":17},"end":{"line":20,"column":38}},"2":{"start":{"line":21,"column":0},"end":{"line":21,"column":37}},"3":{"start":{"line":22,"column":14},"end":{"line":22,"column":36}},"4":{"start":{"line":24,"column":21},"end":{"line":26,"column":1}},"5":{"start":{"line":28,"column":12},"end":{"line":49,"column":1}},"6":{"start":{"line":29,"column":2},"end":{"line":48,"column":4}}},"fnMap":{"0":{"name":"(anonymous_0)","decl":{"start":{"line":28,"column":12},"end":{"line":28,"column":13}},"loc":{"start":{"line":28,"column":18},"end":{"line":49,"column":1}},"line":28}},"branchMap":{},"s":{"0":1,"1":1,"2":1,"3":1,"4":1,"5":1,"6":1},"f":{"0":1},"b":{},"_coverageSchema":"1a1c01bbd47fc00a2c39e90264f33305004495a9","hash":"ece6599a963b60404bf530eeec641c5e529a0e0a"}
,"/Users/nicolasta/Documents/Projet/chatApp/src/context.js": {"path":"/Users/nicolasta/Documents/Projet/chatApp/src/context.js","statementMap":{"0":{"start":{"line":3,"column":26},"end":{"line":3,"column":41}},"1":{"start":{"line":4,"column":30},"end":{"line":17,"column":1}},"2":{"start":{"line":5,"column":30},"end":{"line":15,"column":3}},"3":{"start":{"line":6,"column":4},"end":{"line":14,"column":6}},"4":{"start":{"line":9,"column":30},"end":{"line":9,"column":76}},"5":{"start":{"line":10,"column":30},"end":{"line":10,"column":56}},"6":{"start":{"line":11,"column":10},"end":{"line":11,"column":48}},"7":{"start":{"line":16,"column":2},"end":{"line":16,"column":29}}},"fnMap":{"0":{"name":"(anonymous_0)","decl":{"start":{"line":4,"column":30},"end":{"line":4,"column":31}},"loc":{"start":{"line":4,"column":68},"end":{"line":17,"column":1}},"line":4},"1":{"name":"(anonymous_1)","decl":{"start":{"line":5,"column":30},"end":{"line":5,"column":31}},"loc":{"start":{"line":5,"column":39},"end":{"line":15,"column":3}},"line":5},"2":{"name":"(anonymous_2)","decl":{"start":{"line":8,"column":9},"end":{"line":8,"column":10}},"loc":{"start":{"line":8,"column":18},"end":{"line":12,"column":9}},"line":8}},"branchMap":{"0":{"loc":{"start":{"line":4,"column":42},"end":{"line":4,"column":63}},"type":"default-arg","locations":[{"start":{"line":4,"column":59},"end":{"line":4,"column":63}}],"line":4},"1":{"loc":{"start":{"line":9,"column":30},"end":{"line":9,"column":76}},"type":"cond-expr","locations":[{"start":{"line":9,"column":47},"end":{"line":9,"column":68}},{"start":{"line":9,"column":71},"end":{"line":9,"column":76}}],"line":9}},"s":{"0":1,"1":1,"2":10,"3":0,"4":0,"5":0,"6":0,"7":10},"f":{"0":10,"1":0,"2":0},"b":{"0":[10],"1":[0,0]},"_coverageSchema":"1a1c01bbd47fc00a2c39e90264f33305004495a9","hash":"bc637c8f5a08b55f09d1db4c41ad24006f116d37"}
,"/Users/nicolasta/Documents/Projet/chatApp/src/asset/no-avatar.png": {"path":"/Users/nicolasta/Documents/Projet/chatApp/src/asset/no-avatar.png","statementMap":{"0":{"start":{"line":1,"column":0},"end":{"line":4,"column":6}}},"fnMap":{},"branchMap":{},"s":{"0":1},"f":{},"b":{},"inputSourceMap":null,"_coverageSchema":"1a1c01bbd47fc00a2c39e90264f33305004495a9","hash":"c72974c319bf0560d3da72d52f0b515f5b011ea9"}
,"/Users/nicolasta/Documents/Projet/chatApp/src/components/adminMessage.js": {"path":"/Users/nicolasta/Documents/Projet/chatApp/src/components/adminMessage.js","statementMap":{"0":{"start":{"line":6,"column":21},"end":{"line":15,"column":1}},"1":{"start":{"line":7,"column":20},"end":{"line":7,"column":25}},"2":{"start":{"line":8,"column":2},"end":{"line":14,"column":4}},"3":{"start":{"line":17,"column":14},"end":{"line":27,"column":1}}},"fnMap":{"0":{"name":"(anonymous_0)","decl":{"start":{"line":6,"column":21},"end":{"line":6,"column":22}},"loc":{"start":{"line":6,"column":30},"end":{"line":15,"column":1}},"line":6}},"branchMap":{},"s":{"0":1,"1":0,"2":0,"3":1},"f":{"0":0},"b":{},"_coverageSchema":"1a1c01bbd47fc00a2c39e90264f33305004495a9","hash":"9ac2f749314d0af0f459177e9a5187666cee5f89"}
,"/Users/nicolasta/Documents/Projet/chatApp/src/components/channel.js": {"path":"/Users/nicolasta/Documents/Projet/chatApp/src/components/channel.js","statementMap":{"0":{"start":{"line":15,"column":30},"end":{"line":15,"column":32}},"1":{"start":{"line":17,"column":16},"end":{"line":118,"column":1}},"2":{"start":{"line":18,"column":39},"end":{"line":18,"column":44}},"3":{"start":{"line":19,"column":26},"end":{"line":19,"column":38}},"4":{"start":{"line":20,"column":40},"end":{"line":20,"column":52}},"5":{"start":{"line":21,"column":54},"end":{"line":21,"column":66}},"6":{"start":{"line":22,"column":36},"end":{"line":22,"column":48}},"7":{"start":{"line":24,"column":25},"end":{"line":27,"column":3}},"8":{"start":{"line":25,"column":10},"end":{"line":25,"column":39}},"9":{"start":{"line":28,"column":2},"end":{"line":35,"column":4}},"10":{"start":{"line":29,"column":4},"end":{"line":34,"column":5}},"11":{"start":{"line":30,"column":6},"end":{"line":30,"column":40}},"12":{"start":{"line":31,"column":6},"end":{"line":31,"column":40}},"13":{"start":{"line":32,"column":6},"end":{"line":32,"column":47}},"14":{"start":{"line":33,"column":6},"end":{"line":33,"column":38}},"15":{"start":{"line":36,"column":2},"end":{"line":42,"column":4}},"16":{"start":{"line":37,"column":4},"end":{"line":41,"column":5}},"17":{"start":{"line":38,"column":6},"end":{"line":40,"column":7}},"18":{"start":{"line":39,"column":8},"end":{"line":39,"column":42}},"19":{"start":{"line":43,"column":2},"end":{"line":49,"column":4}},"20":{"start":{"line":44,"column":4},"end":{"line":48,"column":5}},"21":{"start":{"line":45,"column":6},"end":{"line":47,"column":7}},"22":{"start":{"line":46,"column":8},"end":{"line":46,"column":42}},"23":{"start":{"line":51,"column":28},"end":{"line":53,"column":3}},"24":{"start":{"line":52,"column":4},"end":{"line":52,"column":40}},"25":{"start":{"line":55,"column":28},"end":{"line":64,"column":3}},"26":{"start":{"line":56,"column":4},"end":{"line":63,"column":5}},"27":{"start":{"line":57,"column":22},"end":{"line":57,"column":41}},"28":{"start":{"line":58,"column":6},"end":{"line":62,"column":7}},"29":{"start":{"line":59,"column":8},"end":{"line":59,"column":40}},"30":{"start":{"line":60,"column":13},"end":{"line":62,"column":7}},"31":{"start":{"line":61,"column":8},"end":{"line":61,"column":37}},"32":{"start":{"line":65,"column":35},"end":{"line":67,"column":3}},"33":{"start":{"line":66,"column":4},"end":{"line":66,"column":61}},"34":{"start":{"line":68,"column":26},"end":{"line":74,"column":3}},"35":{"start":{"line":69,"column":4},"end":{"line":73,"column":6}},"36":{"start":{"line":76,"column":2},"end":{"line":86,"column":42}},"37":{"start":{"line":78,"column":4},"end":{"line":78,"column":73}},"38":{"start":{"line":79,"column":4},"end":{"line":79,"column":31}},"39":{"start":{"line":80,"column":4},"end":{"line":80,"column":31}},"40":{"start":{"line":81,"column":4},"end":{"line":81,"column":38}},"41":{"start":{"line":82,"column":4},"end":{"line":82,"column":29}},"42":{"start":{"line":83,"column":4},"end":{"line":85,"column":6}},"43":{"start":{"line":84,"column":6},"end":{"line":84,"column":62}},"44":{"start":{"line":87,"column":2},"end":{"line":117,"column":4}},"45":{"start":{"line":91,"column":21},"end":{"line":91,"column":37}}},"fnMap":{"0":{"name":"(anonymous_0)","decl":{"start":{"line":17,"column":16},"end":{"line":17,"column":17}},"loc":{"start":{"line":17,"column":25},"end":{"line":118,"column":1}},"line":17},"1":{"name":"(anonymous_1)","decl":{"start":{"line":25,"column":4},"end":{"line":25,"column":5}},"loc":{"start":{"line":25,"column":10},"end":{"line":25,"column":39}},"line":25},"2":{"name":"(anonymous_2)","decl":{"start":{"line":28,"column":36},"end":{"line":28,"column":37}},"loc":{"start":{"line":28,"column":54},"end":{"line":35,"column":3}},"line":28},"3":{"name":"(anonymous_3)","decl":{"start":{"line":36,"column":32},"end":{"line":36,"column":33}},"loc":{"start":{"line":36,"column":58},"end":{"line":42,"column":3}},"line":36},"4":{"name":"(anonymous_4)","decl":{"start":{"line":43,"column":30},"end":{"line":43,"column":31}},"loc":{"start":{"line":43,"column":56},"end":{"line":49,"column":3}},"line":43},"5":{"name":"(anonymous_5)","decl":{"start":{"line":51,"column":28},"end":{"line":51,"column":29}},"loc":{"start":{"line":51,"column":39},"end":{"line":53,"column":3}},"line":51},"6":{"name":"(anonymous_6)","decl":{"start":{"line":55,"column":28},"end":{"line":55,"column":29}},"loc":{"start":{"line":55,"column":39},"end":{"line":64,"column":3}},"line":55},"7":{"name":"(anonymous_7)","decl":{"start":{"line":65,"column":35},"end":{"line":65,"column":36}},"loc":{"start":{"line":65,"column":46},"end":{"line":67,"column":3}},"line":65},"8":{"name":"(anonymous_8)","decl":{"start":{"line":68,"column":26},"end":{"line":68,"column":27}},"loc":{"start":{"line":68,"column":37},"end":{"line":74,"column":3}},"line":68},"9":{"name":"(anonymous_9)","decl":{"start":{"line":76,"column":12},"end":{"line":76,"column":13}},"loc":{"start":{"line":76,"column":18},"end":{"line":86,"column":3}},"line":76},"10":{"name":"(anonymous_10)","decl":{"start":{"line":83,"column":11},"end":{"line":83,"column":12}},"loc":{"start":{"line":83,"column":17},"end":{"line":85,"column":5}},"line":83},"11":{"name":"(anonymous_11)","decl":{"start":{"line":91,"column":15},"end":{"line":91,"column":16}},"loc":{"start":{"line":91,"column":21},"end":{"line":91,"column":37}},"line":91}},"branchMap":{"0":{"loc":{"start":{"line":29,"column":4},"end":{"line":34,"column":5}},"type":"if","locations":[{"start":{"line":29,"column":4},"end":{"line":34,"column":5}},{"start":{"line":29,"column":4},"end":{"line":34,"column":5}}],"line":29},"1":{"loc":{"start":{"line":37,"column":4},"end":{"line":41,"column":5}},"type":"if","locations":[{"start":{"line":37,"column":4},"end":{"line":41,"column":5}},{"start":{"line":37,"column":4},"end":{"line":41,"column":5}}],"line":37},"2":{"loc":{"start":{"line":38,"column":6},"end":{"line":40,"column":7}},"type":"if","locations":[{"start":{"line":38,"column":6},"end":{"line":40,"column":7}},{"start":{"line":38,"column":6},"end":{"line":40,"column":7}}],"line":38},"3":{"loc":{"start":{"line":44,"column":4},"end":{"line":48,"column":5}},"type":"if","locations":[{"start":{"line":44,"column":4},"end":{"line":48,"column":5}},{"start":{"line":44,"column":4},"end":{"line":48,"column":5}}],"line":44},"4":{"loc":{"start":{"line":45,"column":6},"end":{"line":47,"column":7}},"type":"if","locations":[{"start":{"line":45,"column":6},"end":{"line":47,"column":7}},{"start":{"line":45,"column":6},"end":{"line":47,"column":7}}],"line":45},"5":{"loc":{"start":{"line":56,"column":4},"end":{"line":63,"column":5}},"type":"if","locations":[{"start":{"line":56,"column":4},"end":{"line":63,"column":5}},{"start":{"line":56,"column":4},"end":{"line":63,"column":5}}],"line":56},"6":{"loc":{"start":{"line":58,"column":6},"end":{"line":62,"column":7}},"type":"if","locations":[{"start":{"line":58,"column":6},"end":{"line":62,"column":7}},{"start":{"line":58,"column":6},"end":{"line":62,"column":7}}],"line":58},"7":{"loc":{"start":{"line":60,"column":13},"end":{"line":62,"column":7}},"type":"if","locations":[{"start":{"line":60,"column":13},"end":{"line":62,"column":7}},{"start":{"line":60,"column":13},"end":{"line":62,"column":7}}],"line":60},"8":{"loc":{"start":{"line":71,"column":8},"end":{"line":71,"column":79}},"type":"cond-expr","locations":[{"start":{"line":71,"column":30},"end":{"line":71,"column":59}},{"start":{"line":71,"column":62},"end":{"line":71,"column":79}}],"line":71},"9":{"loc":{"start":{"line":94,"column":10},"end":{"line":96,"column":54}},"type":"cond-expr","locations":[{"start":{"line":95,"column":14},"end":{"line":95,"column":37}},{"start":{"line":96,"column":14},"end":{"line":96,"column":54}}],"line":94},"10":{"loc":{"start":{"line":108,"column":9},"end":{"line":114,"column":16}},"type":"cond-expr","locations":[{"start":{"line":109,"column":10},"end":{"line":113,"column":16}},{"start":{"line":114,"column":12},"end":{"line":114,"column":16}}],"line":108}},"s":{"0":1,"1":1,"2":0,"3":0,"4":0,"5":0,"6":0,"7":0,"8":0,"9":0,"10":0,"11":0,"12":0,"13":0,"14":0,"15":0,"16":0,"17":0,"18":0,"19":0,"20":0,"21":0,"22":0,"23":0,"24":0,"25":0,"26":0,"27":0,"28":0,"29":0,"30":0,"31":0,"32":0,"33":0,"34":0,"35":0,"36":0,"37":0,"38":0,"39":0,"40":0,"41":0,"42":0,"43":0,"44":0,"45":0},"f":{"0":0,"1":0,"2":0,"3":0,"4":0,"5":0,"6":0,"7":0,"8":0,"9":0,"10":0,"11":0},"b":{"0":[0,0],"1":[0,0],"2":[0,0],"3":[0,0],"4":[0,0],"5":[0,0],"6":[0,0],"7":[0,0],"8":[0,0],"9":[0,0],"10":[0,0]},"_coverageSchema":"1a1c01bbd47fc00a2c39e90264f33305004495a9","hash":"10559a384ef39ccd2de341f733de6765d3bb4445"}
,"/Users/nicolasta/Documents/Projet/chatApp/src/components/channelList.js": {"path":"/Users/nicolasta/Documents/Projet/chatApp/src/components/channelList.js","statementMap":{"0":{"start":{"line":8,"column":20},"end":{"line":48,"column":1}},"1":{"start":{"line":9,"column":2},"end":{"line":47,"column":4}},"2":{"start":{"line":15,"column":10},"end":{"line":19,"column":12}},"3":{"start":{"line":18,"column":32},"end":{"line":18,"column":60}},"4":{"start":{"line":21,"column":30},"end":{"line":21,"column":38}},"5":{"start":{"line":43,"column":28},"end":{"line":43,"column":40}}},"fnMap":{"0":{"name":"(anonymous_0)","decl":{"start":{"line":8,"column":20},"end":{"line":8,"column":21}},"loc":{"start":{"line":8,"column":29},"end":{"line":48,"column":1}},"line":8},"1":{"name":"(anonymous_1)","decl":{"start":{"line":14,"column":20},"end":{"line":14,"column":21}},"loc":{"start":{"line":15,"column":10},"end":{"line":19,"column":12}},"line":15},"2":{"name":"(anonymous_2)","decl":{"start":{"line":18,"column":21},"end":{"line":18,"column":22}},"loc":{"start":{"line":18,"column":32},"end":{"line":18,"column":60}},"line":18},"3":{"name":"(anonymous_3)","decl":{"start":{"line":21,"column":22},"end":{"line":21,"column":23}},"loc":{"start":{"line":21,"column":30},"end":{"line":21,"column":38}},"line":21},"4":{"name":"(anonymous_4)","decl":{"start":{"line":43,"column":22},"end":{"line":43,"column":23}},"loc":{"start":{"line":43,"column":28},"end":{"line":43,"column":40}},"line":43}},"branchMap":{"0":{"loc":{"start":{"line":32,"column":10},"end":{"line":36,"column":11}},"type":"binary-expr","locations":[{"start":{"line":32,"column":10},"end":{"line":32,"column":21}},{"start":{"line":33,"column":12},"end":{"line":35,"column":18}}],"line":32}},"s":{"0":1,"1":0,"2":0,"3":0,"4":0,"5":0},"f":{"0":0,"1":0,"2":0,"3":0,"4":0},"b":{"0":[0,0]},"_coverageSchema":"1a1c01bbd47fc00a2c39e90264f33305004495a9","hash":"8a8c06de46b0cca223c1316fb97bfccea03bb636"}
,"/Users/nicolasta/Documents/Projet/chatApp/src/components/inviteModal.js": {"path":"/Users/nicolasta/Documents/Projet/chatApp/src/components/inviteModal.js","statementMap":{"0":{"start":{"line":17,"column":20},"end":{"line":197,"column":1}},"1":{"start":{"line":18,"column":58},"end":{"line":18,"column":63}},"2":{"start":{"line":19,"column":33},"end":{"line":19,"column":45}},"3":{"start":{"line":21,"column":28},"end":{"line":27,"column":4}},"4":{"start":{"line":30,"column":2},"end":{"line":32,"column":22}},"5":{"start":{"line":31,"column":4},"end":{"line":31,"column":20}},"6":{"start":{"line":34,"column":24},"end":{"line":67,"column":65}},"7":{"start":{"line":35,"column":4},"end":{"line":35,"column":38}},"8":{"start":{"line":37,"column":20},"end":{"line":37,"column":61}},"9":{"start":{"line":38,"column":4},"end":{"line":38,"column":26}},"10":{"start":{"line":40,"column":4},"end":{"line":66,"column":7}},"11":{"start":{"line":41,"column":6},"end":{"line":65,"column":7}},"12":{"start":{"line":42,"column":8},"end":{"line":47,"column":11}},"13":{"start":{"line":49,"column":8},"end":{"line":63,"column":9}},"14":{"start":{"line":50,"column":24},"end":{"line":50,"column":34}},"15":{"start":{"line":51,"column":30},"end":{"line":53,"column":12}},"16":{"start":{"line":52,"column":12},"end":{"line":52,"column":78}},"17":{"start":{"line":54,"column":10},"end":{"line":61,"column":11}},"18":{"start":{"line":55,"column":12},"end":{"line":60,"column":14}},"19":{"start":{"line":57,"column":16},"end":{"line":59,"column":18}},"20":{"start":{"line":58,"column":18},"end":{"line":58,"column":55}},"21":{"start":{"line":62,"column":10},"end":{"line":62,"column":75}},"22":{"start":{"line":64,"column":8},"end":{"line":64,"column":40}},"23":{"start":{"line":69,"column":29},"end":{"line":90,"column":3}},"24":{"start":{"line":70,"column":4},"end":{"line":89,"column":5}},"25":{"start":{"line":71,"column":6},"end":{"line":71,"column":40}},"26":{"start":{"line":72,"column":21},"end":{"line":72,"column":54}},"27":{"start":{"line":73,"column":6},"end":{"line":73,"column":43}},"28":{"start":{"line":74,"column":6},"end":{"line":74,"column":31}},"29":{"start":{"line":75,"column":6},"end":{"line":88,"column":9}},"30":{"start":{"line":76,"column":8},"end":{"line":87,"column":9}},"31":{"start":{"line":77,"column":10},"end":{"line":77,"column":46}},"32":{"start":{"line":78,"column":10},"end":{"line":78,"column":33}},"33":{"start":{"line":80,"column":10},"end":{"line":80,"column":42}},"34":{"start":{"line":81,"column":10},"end":{"line":86,"column":13}},"35":{"start":{"line":92,"column":17},"end":{"line":117,"column":3}},"36":{"start":{"line":93,"column":4},"end":{"line":116,"column":5}},"37":{"start":{"line":94,"column":6},"end":{"line":94,"column":40}},"38":{"start":{"line":96,"column":6},"end":{"line":108,"column":9}},"39":{"start":{"line":97,"column":8},"end":{"line":107,"column":9}},"40":{"start":{"line":98,"column":10},"end":{"line":98,"column":46}},"41":{"start":{"line":99,"column":10},"end":{"line":99,"column":26}},"42":{"start":{"line":101,"column":10},"end":{"line":106,"column":13}},"43":{"start":{"line":110,"column":6},"end":{"line":115,"column":9}},"44":{"start":{"line":119,"column":19},"end":{"line":125,"column":3}},"45":{"start":{"line":120,"column":4},"end":{"line":124,"column":5}},"46":{"start":{"line":121,"column":6},"end":{"line":121,"column":55}},"47":{"start":{"line":123,"column":6},"end":{"line":123,"column":57}},"48":{"start":{"line":128,"column":4},"end":{"line":152,"column":6}},"49":{"start":{"line":131,"column":8},"end":{"line":136,"column":10}},"50":{"start":{"line":138,"column":28},"end":{"line":138,"column":39}},"51":{"start":{"line":156,"column":4},"end":{"line":193,"column":12}},"52":{"start":{"line":159,"column":8},"end":{"line":159,"column":44}},"53":{"start":{"line":160,"column":8},"end":{"line":160,"column":24}},"54":{"start":{"line":179,"column":16},"end":{"line":179,"column":52}},"55":{"start":{"line":180,"column":16},"end":{"line":180,"column":32}},"56":{"start":{"line":186,"column":16},"end":{"line":186,"column":61}},"57":{"start":{"line":196,"column":2},"end":{"line":196,"column":15}}},"fnMap":{"0":{"name":"(anonymous_0)","decl":{"start":{"line":17,"column":20},"end":{"line":17,"column":21}},"loc":{"start":{"line":17,"column":29},"end":{"line":197,"column":1}},"line":17},"1":{"name":"(anonymous_1)","decl":{"start":{"line":30,"column":12},"end":{"line":30,"column":13}},"loc":{"start":{"line":30,"column":18},"end":{"line":32,"column":3}},"line":30},"2":{"name":"(anonymous_2)","decl":{"start":{"line":34,"column":36},"end":{"line":34,"column":37}},"loc":{"start":{"line":34,"column":42},"end":{"line":67,"column":3}},"line":34},"3":{"name":"(anonymous_3)","decl":{"start":{"line":40,"column":19},"end":{"line":40,"column":20}},"loc":{"start":{"line":40,"column":37},"end":{"line":66,"column":5}},"line":40},"4":{"name":"(anonymous_4)","decl":{"start":{"line":51,"column":43},"end":{"line":51,"column":44}},"loc":{"start":{"line":51,"column":51},"end":{"line":53,"column":11}},"line":51},"5":{"name":"(anonymous_5)","decl":{"start":{"line":56,"column":14},"end":{"line":56,"column":15}},"loc":{"start":{"line":57,"column":16},"end":{"line":59,"column":18}},"line":57},"6":{"name":"(anonymous_6)","decl":{"start":{"line":57,"column":38},"end":{"line":57,"column":39}},"loc":{"start":{"line":57,"column":48},"end":{"line":59,"column":17}},"line":57},"7":{"name":"(anonymous_7)","decl":{"start":{"line":69,"column":29},"end":{"line":69,"column":30}},"loc":{"start":{"line":69,"column":35},"end":{"line":90,"column":3}},"line":69},"8":{"name":"(anonymous_8)","decl":{"start":{"line":75,"column":50},"end":{"line":75,"column":51}},"loc":{"start":{"line":75,"column":68},"end":{"line":88,"column":7}},"line":75},"9":{"name":"(anonymous_9)","decl":{"start":{"line":92,"column":17},"end":{"line":92,"column":18}},"loc":{"start":{"line":92,"column":23},"end":{"line":117,"column":3}},"line":92},"10":{"name":"(anonymous_10)","decl":{"start":{"line":96,"column":42},"end":{"line":96,"column":43}},"loc":{"start":{"line":96,"column":54},"end":{"line":108,"column":7}},"line":96},"11":{"name":"(anonymous_11)","decl":{"start":{"line":119,"column":19},"end":{"line":119,"column":20}},"loc":{"start":{"line":119,"column":27},"end":{"line":125,"column":3}},"line":119},"12":{"name":"(anonymous_12)","decl":{"start":{"line":130,"column":18},"end":{"line":130,"column":19}},"loc":{"start":{"line":131,"column":8},"end":{"line":136,"column":10}},"line":131},"13":{"name":"(anonymous_13)","decl":{"start":{"line":138,"column":20},"end":{"line":138,"column":21}},"loc":{"start":{"line":138,"column":28},"end":{"line":138,"column":39}},"line":138},"14":{"name":"(anonymous_14)","decl":{"start":{"line":158,"column":15},"end":{"line":158,"column":16}},"loc":{"start":{"line":158,"column":21},"end":{"line":161,"column":7}},"line":158},"15":{"name":"(anonymous_15)","decl":{"start":{"line":178,"column":23},"end":{"line":178,"column":24}},"loc":{"start":{"line":178,"column":29},"end":{"line":181,"column":15}},"line":178},"16":{"name":"(anonymous_16)","decl":{"start":{"line":185,"column":23},"end":{"line":185,"column":24}},"loc":{"start":{"line":185,"column":29},"end":{"line":187,"column":15}},"line":185}},"branchMap":{"0":{"loc":{"start":{"line":41,"column":6},"end":{"line":65,"column":7}},"type":"if","locations":[{"start":{"line":41,"column":6},"end":{"line":65,"column":7}},{"start":{"line":41,"column":6},"end":{"line":65,"column":7}}],"line":41},"1":{"loc":{"start":{"line":49,"column":8},"end":{"line":63,"column":9}},"type":"if","locations":[{"start":{"line":49,"column":8},"end":{"line":63,"column":9}},{"start":{"line":49,"column":8},"end":{"line":63,"column":9}}],"line":49},"2":{"loc":{"start":{"line":52,"column":19},"end":{"line":52,"column":77}},"type":"binary-expr","locations":[{"start":{"line":52,"column":19},"end":{"line":52,"column":53}},{"start":{"line":52,"column":57},"end":{"line":52,"column":77}}],"line":52},"3":{"loc":{"start":{"line":54,"column":10},"end":{"line":61,"column":11}},"type":"if","locations":[{"start":{"line":54,"column":10},"end":{"line":61,"column":11}},{"start":{"line":54,"column":10},"end":{"line":61,"column":11}}],"line":54},"4":{"loc":{"start":{"line":70,"column":4},"end":{"line":89,"column":5}},"type":"if","locations":[{"start":{"line":70,"column":4},"end":{"line":89,"column":5}},{"start":{"line":70,"column":4},"end":{"line":89,"column":5}}],"line":70},"5":{"loc":{"start":{"line":76,"column":8},"end":{"line":87,"column":9}},"type":"if","locations":[{"start":{"line":76,"column":8},"end":{"line":87,"column":9}},{"start":{"line":76,"column":8},"end":{"line":87,"column":9}}],"line":76},"6":{"loc":{"start":{"line":93,"column":4},"end":{"line":116,"column":5}},"type":"if","locations":[{"start":{"line":93,"column":4},"end":{"line":116,"column":5}},{"start":{"line":93,"column":4},"end":{"line":116,"column":5}}],"line":93},"7":{"loc":{"start":{"line":97,"column":8},"end":{"line":107,"column":9}},"type":"if","locations":[{"start":{"line":97,"column":8},"end":{"line":107,"column":9}},{"start":{"line":97,"column":8},"end":{"line":107,"column":9}}],"line":97},"8":{"loc":{"start":{"line":120,"column":4},"end":{"line":124,"column":5}},"type":"if","locations":[{"start":{"line":120,"column":4},"end":{"line":124,"column":5}},{"start":{"line":120,"column":4},"end":{"line":124,"column":5}}],"line":120},"9":{"loc":{"start":{"line":141,"column":8},"end":{"line":145,"column":9}},"type":"binary-expr","locations":[{"start":{"line":141,"column":8},"end":{"line":141,"column":19}},{"start":{"line":142,"column":10},"end":{"line":144,"column":16}}],"line":141},"10":{"loc":{"start":{"line":167,"column":9},"end":{"line":174,"column":9}},"type":"cond-expr","locations":[{"start":{"line":168,"column":10},"end":{"line":171,"column":19}},{"start":{"line":173,"column":10},"end":{"line":173,"column":18}}],"line":167},"11":{"loc":{"start":{"line":186,"column":16},"end":{"line":186,"column":60}},"type":"cond-expr","locations":[{"start":{"line":186,"column":29},"end":{"line":186,"column":49}},{"start":{"line":186,"column":52},"end":{"line":186,"column":60}}],"line":186}},"s":{"0":1,"1":0,"2":0,"3":0,"4":0,"5":0,"6":0,"7":0,"8":0,"9":0,"10":0,"11":0,"12":0,"13":0,"14":0,"15":0,"16":0,"17":0,"18":0,"19":0,"20":0,"21":0,"22":0,"23":0,"24":0,"25":0,"26":0,"27":0,"28":0,"29":0,"30":0,"31":0,"32":0,"33":0,"34":0,"35":0,"36":0,"37":0,"38":0,"39":0,"40":0,"41":0,"42":0,"43":0,"44":0,"45":0,"46":0,"47":0,"48":0,"49":0,"50":0,"51":0,"52":0,"53":0,"54":0,"55":0,"56":0,"57":0},"f":{"0":0,"1":0,"2":0,"3":0,"4":0,"5":0,"6":0,"7":0,"8":0,"9":0,"10":0,"11":0,"12":0,"13":0,"14":0,"15":0,"16":0},"b":{"0":[0,0],"1":[0,0],"2":[0,0],"3":[0,0],"4":[0,0],"5":[0,0],"6":[0,0],"7":[0,0],"8":[0,0],"9":[0,0],"10":[0,0],"11":[0,0]},"_coverageSchema":"1a1c01bbd47fc00a2c39e90264f33305004495a9","hash":"5de53981bb10b10a299073cd0596f6cb9d695af5"}
,"/Users/nicolasta/Documents/Projet/chatApp/src/components/message.js": {"path":"/Users/nicolasta/Documents/Projet/chatApp/src/components/message.js","statementMap":{"0":{"start":{"line":6,"column":16},"end":{"line":15,"column":1}},"1":{"start":{"line":7,"column":20},"end":{"line":7,"column":25}},"2":{"start":{"line":8,"column":18},"end":{"line":8,"column":22}},"3":{"start":{"line":9,"column":2},"end":{"line":13,"column":3}},"4":{"start":{"line":10,"column":4},"end":{"line":10,"column":43}},"5":{"start":{"line":11,"column":9},"end":{"line":13,"column":3}},"6":{"start":{"line":12,"column":4},"end":{"line":12,"column":44}},"7":{"start":{"line":14,"column":2},"end":{"line":14,"column":19}}},"fnMap":{"0":{"name":"(anonymous_0)","decl":{"start":{"line":6,"column":16},"end":{"line":6,"column":17}},"loc":{"start":{"line":6,"column":25},"end":{"line":15,"column":1}},"line":6}},"branchMap":{"0":{"loc":{"start":{"line":9,"column":2},"end":{"line":13,"column":3}},"type":"if","locations":[{"start":{"line":9,"column":2},"end":{"line":13,"column":3}},{"start":{"line":9,"column":2},"end":{"line":13,"column":3}}],"line":9},"1":{"loc":{"start":{"line":11,"column":9},"end":{"line":13,"column":3}},"type":"if","locations":[{"start":{"line":11,"column":9},"end":{"line":13,"column":3}},{"start":{"line":11,"column":9},"end":{"line":13,"column":3}}],"line":11}},"s":{"0":1,"1":0,"2":0,"3":0,"4":0,"5":0,"6":0,"7":0},"f":{"0":0},"b":{"0":[0,0],"1":[0,0]},"_coverageSchema":"1a1c01bbd47fc00a2c39e90264f33305004495a9","hash":"d43a0df6860fbeabcf985c3931174b5359283ace"}
,"/Users/nicolasta/Documents/Projet/chatApp/src/components/user.js": {"path":"/Users/nicolasta/Documents/Projet/chatApp/src/components/user.js","statementMap":{"0":{"start":{"line":6,"column":16},"end":{"line":6,"column":49}},"1":{"start":{"line":11,"column":13},"end":{"line":41,"column":1}},"2":{"start":{"line":12,"column":49},"end":{"line":12,"column":54}},"3":{"start":{"line":13,"column":30},"end":{"line":13,"column":48}},"4":{"start":{"line":14,"column":18},"end":{"line":19,"column":3}},"5":{"start":{"line":15,"column":4},"end":{"line":18,"column":5}},"6":{"start":{"line":16,"column":6},"end":{"line":16,"column":25}},"7":{"start":{"line":17,"column":6},"end":{"line":17,"column":21}},"8":{"start":{"line":20,"column":2},"end":{"line":40,"column":4}},"9":{"start":{"line":27,"column":21},"end":{"line":27,"column":30}},"10":{"start":{"line":43,"column":14},"end":{"line":71,"column":1}}},"fnMap":{"0":{"name":"(anonymous_0)","decl":{"start":{"line":11,"column":13},"end":{"line":11,"column":14}},"loc":{"start":{"line":11,"column":22},"end":{"line":41,"column":1}},"line":11},"1":{"name":"(anonymous_1)","decl":{"start":{"line":14,"column":18},"end":{"line":14,"column":19}},"loc":{"start":{"line":14,"column":24},"end":{"line":19,"column":3}},"line":14},"2":{"name":"(anonymous_2)","decl":{"start":{"line":27,"column":15},"end":{"line":27,"column":16}},"loc":{"start":{"line":27,"column":21},"end":{"line":27,"column":30}},"line":27}},"branchMap":{"0":{"loc":{"start":{"line":15,"column":4},"end":{"line":18,"column":5}},"type":"if","locations":[{"start":{"line":15,"column":4},"end":{"line":18,"column":5}},{"start":{"line":15,"column":4},"end":{"line":18,"column":5}}],"line":15},"1":{"loc":{"start":{"line":25,"column":25},"end":{"line":25,"column":58}},"type":"cond-expr","locations":[{"start":{"line":25,"column":36},"end":{"line":25,"column":46}},{"start":{"line":25,"column":49},"end":{"line":25,"column":58}}],"line":25},"2":{"loc":{"start":{"line":30,"column":18},"end":{"line":30,"column":75}},"type":"cond-expr","locations":[{"start":{"line":30,"column":43},"end":{"line":30,"column":65}},{"start":{"line":30,"column":68},"end":{"line":30,"column":75}}],"line":30},"3":{"loc":{"start":{"line":33,"column":9},"end":{"line":35,"column":9}},"type":"binary-expr","locations":[{"start":{"line":33,"column":9},"end":{"line":33,"column":17}},{"start":{"line":34,"column":10},"end":{"line":34,"column":79}}],"line":33},"4":{"loc":{"start":{"line":36,"column":9},"end":{"line":36,"column":74}},"type":"binary-expr","locations":[{"start":{"line":36,"column":9},"end":{"line":36,"column":43}},{"start":{"line":36,"column":47},"end":{"line":36,"column":74}}],"line":36},"5":{"loc":{"start":{"line":38,"column":36},"end":{"line":38,"column":64}},"type":"binary-expr","locations":[{"start":{"line":38,"column":36},"end":{"line":38,"column":49}},{"start":{"line":38,"column":53},"end":{"line":38,"column":64}}],"line":38}},"s":{"0":1,"1":1,"2":0,"3":0,"4":0,"5":0,"6":0,"7":0,"8":0,"9":0,"10":1},"f":{"0":0,"1":0,"2":0},"b":{"0":[0,0],"1":[0,0],"2":[0,0],"3":[0,0],"4":[0,0],"5":[0,0]},"_coverageSchema":"1a1c01bbd47fc00a2c39e90264f33305004495a9","hash":"20c594eb2040de54d67ea1cf364aa77f1253aab6"}
,"/Users/nicolasta/Documents/Projet/chatApp/src/components/userMessage.js": {"path":"/Users/nicolasta/Documents/Projet/chatApp/src/components/userMessage.js","statementMap":{"0":{"start":{"line":10,"column":16},"end":{"line":10,"column":49}},"1":{"start":{"line":12,"column":20},"end":{"line":98,"column":1}},"2":{"start":{"line":13,"column":30},"end":{"line":13,"column":35}},"3":{"start":{"line":14,"column":22},"end":{"line":14,"column":75}},"4":{"start":{"line":15,"column":34},"end":{"line":15,"column":49}},"5":{"start":{"line":17,"column":2},"end":{"line":24,"column":32}},"6":{"start":{"line":18,"column":27},"end":{"line":18,"column":56}},"7":{"start":{"line":20,"column":4},"end":{"line":20,"column":75}},"8":{"start":{"line":21,"column":4},"end":{"line":23,"column":6}},"9":{"start":{"line":22,"column":6},"end":{"line":22,"column":64}},"10":{"start":{"line":26,"column":2},"end":{"line":97,"column":4}},"11":{"start":{"line":29,"column":21},"end":{"line":29,"column":43}},"12":{"start":{"line":100,"column":14},"end":{"line":152,"column":1}}},"fnMap":{"0":{"name":"(anonymous_0)","decl":{"start":{"line":12,"column":20},"end":{"line":12,"column":21}},"loc":{"start":{"line":12,"column":29},"end":{"line":98,"column":1}},"line":12},"1":{"name":"(anonymous_1)","decl":{"start":{"line":17,"column":12},"end":{"line":17,"column":13}},"loc":{"start":{"line":17,"column":18},"end":{"line":24,"column":3}},"line":17},"2":{"name":"(anonymous_2)","decl":{"start":{"line":21,"column":11},"end":{"line":21,"column":12}},"loc":{"start":{"line":21,"column":17},"end":{"line":23,"column":5}},"line":21},"3":{"name":"(anonymous_3)","decl":{"start":{"line":29,"column":15},"end":{"line":29,"column":16}},"loc":{"start":{"line":29,"column":21},"end":{"line":29,"column":43}},"line":29}},"branchMap":{"0":{"loc":{"start":{"line":32,"column":23},"end":{"line":32,"column":58}},"type":"cond-expr","locations":[{"start":{"line":32,"column":37},"end":{"line":32,"column":50}},{"start":{"line":32,"column":53},"end":{"line":32,"column":58}}],"line":32},"1":{"loc":{"start":{"line":35,"column":9},"end":{"line":46,"column":9}},"type":"binary-expr","locations":[{"start":{"line":35,"column":9},"end":{"line":35,"column":36}},{"start":{"line":36,"column":10},"end":{"line":45,"column":12}}],"line":35},"2":{"loc":{"start":{"line":38,"column":14},"end":{"line":42,"column":25}},"type":"cond-expr","locations":[{"start":{"line":39,"column":18},"end":{"line":41,"column":19}},{"start":{"line":42,"column":18},"end":{"line":42,"column":25}}],"line":38},"3":{"loc":{"start":{"line":51,"column":22},"end":{"line":51,"column":61}},"type":"cond-expr","locations":[{"start":{"line":51,"column":36},"end":{"line":51,"column":46}},{"start":{"line":51,"column":49},"end":{"line":51,"column":61}}],"line":51},"4":{"loc":{"start":{"line":53,"column":9},"end":{"line":55,"column":9}},"type":"binary-expr","locations":[{"start":{"line":53,"column":9},"end":{"line":53,"column":36}},{"start":{"line":54,"column":10},"end":{"line":54,"column":71}}],"line":53},"5":{"loc":{"start":{"line":59,"column":29},"end":{"line":59,"column":72}},"type":"cond-expr","locations":[{"start":{"line":59,"column":43},"end":{"line":59,"column":53}},{"start":{"line":59,"column":56},"end":{"line":59,"column":72}}],"line":59},"6":{"loc":{"start":{"line":64,"column":21},"end":{"line":64,"column":51}},"type":"cond-expr","locations":[{"start":{"line":64,"column":35},"end":{"line":64,"column":42}},{"start":{"line":64,"column":45},"end":{"line":64,"column":51}}],"line":64},"7":{"loc":{"start":{"line":71,"column":23},"end":{"line":71,"column":60}},"type":"cond-expr","locations":[{"start":{"line":71,"column":37},"end":{"line":71,"column":51}},{"start":{"line":71,"column":54},"end":{"line":71,"column":60}}],"line":71},"8":{"loc":{"start":{"line":73,"column":15},"end":{"line":77,"column":20}},"type":"cond-expr","locations":[{"start":{"line":74,"column":18},"end":{"line":76,"column":55}},{"start":{"line":77,"column":18},"end":{"line":77,"column":20}}],"line":73},"9":{"loc":{"start":{"line":74,"column":18},"end":{"line":76,"column":55}},"type":"cond-expr","locations":[{"start":{"line":75,"column":20},"end":{"line":75,"column":25}},{"start":{"line":76,"column":20},"end":{"line":76,"column":55}}],"line":74},"10":{"loc":{"start":{"line":85,"column":22},"end":{"line":85,"column":61}},"type":"cond-expr","locations":[{"start":{"line":85,"column":36},"end":{"line":85,"column":46}},{"start":{"line":85,"column":49},"end":{"line":85,"column":61}}],"line":85},"11":{"loc":{"start":{"line":87,"column":9},"end":{"line":94,"column":9}},"type":"binary-expr","locations":[{"start":{"line":87,"column":9},"end":{"line":87,"column":44}},{"start":{"line":88,"column":10},"end":{"line":93,"column":12}}],"line":87}},"s":{"0":1,"1":1,"2":0,"3":0,"4":0,"5":0,"6":0,"7":0,"8":0,"9":0,"10":0,"11":0,"12":1},"f":{"0":0,"1":0,"2":0,"3":0},"b":{"0":[0,0],"1":[0,0],"2":[0,0],"3":[0,0],"4":[0,0],"5":[0,0],"6":[0,0],"7":[0,0],"8":[0,0],"9":[0,0],"10":[0,0],"11":[0,0]},"_coverageSchema":"1a1c01bbd47fc00a2c39e90264f33305004495a9","hash":"525f190bdf6d57b3093e591c46c871f33fbf6db3"}
,"/Users/nicolasta/Documents/Projet/chatApp/src/misc/constants.js": {"path":"/Users/nicolasta/Documents/Projet/chatApp/src/misc/constants.js","statementMap":{"0":{"start":{"line":2,"column":21},"end":{"line":9,"column":1}},"1":{"start":{"line":11,"column":21},"end":{"line":14,"column":1}}},"fnMap":{},"branchMap":{},"s":{"0":1,"1":1},"f":{},"b":{},"_coverageSchema":"1a1c01bbd47fc00a2c39e90264f33305004495a9","hash":"77d81f0b2f8327d7f553e2dc706a5d47c5a11fb0"}
,"/Users/nicolasta/Documents/Projet/chatApp/src/misc/utils.js": {"path":"/Users/nicolasta/Documents/Projet/chatApp/src/misc/utils.js","statementMap":{"0":{"start":{"line":3,"column":30},"end":{"line":3,"column":31}},"1":{"start":{"line":4,"column":34},"end":{"line":4,"column":36}},"2":{"start":{"line":5,"column":30},"end":{"line":5,"column":32}},"3":{"start":{"line":7,"column":24},"end":{"line":9,"column":1}},"4":{"start":{"line":8,"column":2},"end":{"line":8,"column":57}},"5":{"start":{"line":10,"column":33},"end":{"line":25,"column":1}},"6":{"start":{"line":11,"column":2},"end":{"line":23,"column":3}},"7":{"start":{"line":12,"column":22},"end":{"line":12,"column":58}},"8":{"start":{"line":12,"column":47},"end":{"line":12,"column":57}},"9":{"start":{"line":13,"column":4},"end":{"line":22,"column":5}},"10":{"start":{"line":14,"column":6},"end":{"line":19,"column":8}},"11":{"start":{"line":21,"column":6},"end":{"line":21,"column":76}},"12":{"start":{"line":24,"column":2},"end":{"line":24,"column":59}},"13":{"start":{"line":26,"column":40},"end":{"line":32,"column":1}},"14":{"start":{"line":27,"column":2},"end":{"line":31,"column":3}},"15":{"start":{"line":28,"column":4},"end":{"line":28,"column":39}},"16":{"start":{"line":30,"column":4},"end":{"line":30,"column":43}}},"fnMap":{"0":{"name":"(anonymous_0)","decl":{"start":{"line":7,"column":24},"end":{"line":7,"column":25}},"loc":{"start":{"line":7,"column":36},"end":{"line":9,"column":1}},"line":7},"1":{"name":"(anonymous_1)","decl":{"start":{"line":10,"column":33},"end":{"line":10,"column":34}},"loc":{"start":{"line":10,"column":44},"end":{"line":25,"column":1}},"line":10},"2":{"name":"(anonymous_2)","decl":{"start":{"line":12,"column":42},"end":{"line":12,"column":43}},"loc":{"start":{"line":12,"column":47},"end":{"line":12,"column":57}},"line":12},"3":{"name":"(anonymous_3)","decl":{"start":{"line":26,"column":40},"end":{"line":26,"column":41}},"loc":{"start":{"line":26,"column":51},"end":{"line":32,"column":1}},"line":26}},"branchMap":{"0":{"loc":{"start":{"line":8,"column":9},"end":{"line":8,"column":56}},"type":"cond-expr","locations":[{"start":{"line":8,"column":26},"end":{"line":8,"column":52}},{"start":{"line":8,"column":55},"end":{"line":8,"column":56}}],"line":8},"1":{"loc":{"start":{"line":11,"column":2},"end":{"line":23,"column":3}},"type":"if","locations":[{"start":{"line":11,"column":2},"end":{"line":23,"column":3}},{"start":{"line":11,"column":2},"end":{"line":23,"column":3}}],"line":11},"2":{"loc":{"start":{"line":11,"column":6},"end":{"line":11,"column":67}},"type":"binary-expr","locations":[{"start":{"line":11,"column":6},"end":{"line":11,"column":38}},{"start":{"line":11,"column":42},"end":{"line":11,"column":67}}],"line":11},"3":{"loc":{"start":{"line":13,"column":4},"end":{"line":22,"column":5}},"type":"if","locations":[{"start":{"line":13,"column":4},"end":{"line":22,"column":5}},{"start":{"line":13,"column":4},"end":{"line":22,"column":5}}],"line":13},"4":{"loc":{"start":{"line":27,"column":2},"end":{"line":31,"column":3}},"type":"if","locations":[{"start":{"line":27,"column":2},"end":{"line":31,"column":3}},{"start":{"line":27,"column":2},"end":{"line":31,"column":3}}],"line":27}},"s":{"0":1,"1":1,"2":1,"3":1,"4":0,"5":1,"6":0,"7":0,"8":0,"9":0,"10":0,"11":0,"12":0,"13":1,"14":0,"15":0,"16":0},"f":{"0":0,"1":0,"2":0,"3":0},"b":{"0":[0,0],"1":[0,0],"2":[0,0],"3":[0,0],"4":[0,0]},"_coverageSchema":"1a1c01bbd47fc00a2c39e90264f33305004495a9","hash":"f7a4c076dd3b612402266e74f8bb08dd1d2cd7f1"}
,"/Users/nicolasta/Documents/Projet/chatApp/src/reducer/channels.js": {"path":"/Users/nicolasta/Documents/Projet/chatApp/src/reducer/channels.js","statementMap":{"0":{"start":{"line":1,"column":31},"end":{"line":105,"column":1}},"1":{"start":{"line":2,"column":2},"end":{"line":103,"column":3}},"2":{"start":{"line":4,"column":6},"end":{"line":12,"column":8}},"3":{"start":{"line":15,"column":25},"end":{"line":15,"column":45}},"4":{"start":{"line":16,"column":31},"end":{"line":18,"column":7}},"5":{"start":{"line":17,"column":19},"end":{"line":17,"column":49}},"6":{"start":{"line":19,"column":29},"end":{"line":25,"column":7}},"7":{"start":{"line":21,"column":21},"end":{"line":21,"column":74}},"8":{"start":{"line":22,"column":21},"end":{"line":22,"column":74}},"9":{"start":{"line":23,"column":10},"end":{"line":23,"column":25}},"10":{"start":{"line":26,"column":25},"end":{"line":26,"column":27}},"11":{"start":{"line":27,"column":6},"end":{"line":30,"column":7}},"12":{"start":{"line":28,"column":24},"end":{"line":28,"column":41}},"13":{"start":{"line":29,"column":8},"end":{"line":29,"column":39}},"14":{"start":{"line":31,"column":6},"end":{"line":36,"column":8}},"15":{"start":{"line":40,"column":25},"end":{"line":40,"column":45}},"16":{"start":{"line":41,"column":31},"end":{"line":43,"column":7}},"17":{"start":{"line":42,"column":19},"end":{"line":42,"column":53}},"18":{"start":{"line":44,"column":29},"end":{"line":50,"column":7}},"19":{"start":{"line":46,"column":21},"end":{"line":46,"column":74}},"20":{"start":{"line":47,"column":21},"end":{"line":47,"column":74}},"21":{"start":{"line":48,"column":10},"end":{"line":48,"column":25}},"22":{"start":{"line":51,"column":25},"end":{"line":51,"column":27}},"23":{"start":{"line":52,"column":6},"end":{"line":55,"column":7}},"24":{"start":{"line":53,"column":24},"end":{"line":53,"column":41}},"25":{"start":{"line":54,"column":8},"end":{"line":54,"column":39}},"26":{"start":{"line":56,"column":6},"end":{"line":61,"column":8}},"27":{"start":{"line":65,"column":24},"end":{"line":65,"column":44}},"28":{"start":{"line":66,"column":6},"end":{"line":78,"column":8}},"29":{"start":{"line":71,"column":40},"end":{"line":71,"column":61}},"30":{"start":{"line":73,"column":21},"end":{"line":73,"column":74}},"31":{"start":{"line":74,"column":21},"end":{"line":74,"column":74}},"32":{"start":{"line":75,"column":10},"end":{"line":75,"column":25}},"33":{"start":{"line":82,"column":24},"end":{"line":82,"column":44}},"34":{"start":{"line":83,"column":29},"end":{"line":83,"column":78}},"35":{"start":{"line":83,"column":56},"end":{"line":83,"column":77}},"36":{"start":{"line":84,"column":6},"end":{"line":89,"column":8}},"37":{"start":{"line":92,"column":29},"end":{"line":92,"column":49}},"38":{"start":{"line":93,"column":6},"end":{"line":93,"column":46}},"39":{"start":{"line":96,"column":29},"end":{"line":96,"column":49}},"40":{"start":{"line":97,"column":6},"end":{"line":97,"column":47}},"41":{"start":{"line":100,"column":22},"end":{"line":100,"column":42}},"42":{"start":{"line":101,"column":6},"end":{"line":101,"column":31}},"43":{"start":{"line":104,"column":2},"end":{"line":104,"column":15}}},"fnMap":{"0":{"name":"(anonymous_0)","decl":{"start":{"line":1,"column":31},"end":{"line":1,"column":32}},"loc":{"start":{"line":1,"column":50},"end":{"line":105,"column":1}},"line":1},"1":{"name":"(anonymous_1)","decl":{"start":{"line":17,"column":8},"end":{"line":17,"column":9}},"loc":{"start":{"line":17,"column":19},"end":{"line":17,"column":49}},"line":17},"2":{"name":"(anonymous_2)","decl":{"start":{"line":20,"column":8},"end":{"line":20,"column":9}},"loc":{"start":{"line":20,"column":18},"end":{"line":24,"column":9}},"line":20},"3":{"name":"(anonymous_3)","decl":{"start":{"line":42,"column":8},"end":{"line":42,"column":9}},"loc":{"start":{"line":42,"column":19},"end":{"line":42,"column":53}},"line":42},"4":{"name":"(anonymous_4)","decl":{"start":{"line":45,"column":8},"end":{"line":45,"column":9}},"loc":{"start":{"line":45,"column":18},"end":{"line":49,"column":9}},"line":45},"5":{"name":"(anonymous_5)","decl":{"start":{"line":71,"column":35},"end":{"line":71,"column":36}},"loc":{"start":{"line":71,"column":40},"end":{"line":71,"column":61}},"line":71},"6":{"name":"(anonymous_6)","decl":{"start":{"line":72,"column":15},"end":{"line":72,"column":16}},"loc":{"start":{"line":72,"column":25},"end":{"line":76,"column":9}},"line":72},"7":{"name":"(anonymous_7)","decl":{"start":{"line":83,"column":51},"end":{"line":83,"column":52}},"loc":{"start":{"line":83,"column":56},"end":{"line":83,"column":77}},"line":83}},"branchMap":{"0":{"loc":{"start":{"line":2,"column":2},"end":{"line":103,"column":3}},"type":"switch","locations":[{"start":{"line":3,"column":4},"end":{"line":13,"column":5}},{"start":{"line":14,"column":4},"end":{"line":37,"column":5}},{"start":{"line":39,"column":4},"end":{"line":62,"column":5}},{"start":{"line":63,"column":4},"end":{"line":63,"column":24}},{"start":{"line":64,"column":4},"end":{"line":79,"column":5}},{"start":{"line":80,"column":4},"end":{"line":80,"column":25}},{"start":{"line":81,"column":4},"end":{"line":90,"column":5}},{"start":{"line":91,"column":4},"end":{"line":94,"column":5}},{"start":{"line":95,"column":4},"end":{"line":98,"column":5}},{"start":{"line":99,"column":4},"end":{"line":102,"column":5}}],"line":2},"1":{"loc":{"start":{"line":15,"column":25},"end":{"line":15,"column":45}},"type":"binary-expr","locations":[{"start":{"line":15,"column":25},"end":{"line":15,"column":39}},{"start":{"line":15,"column":43},"end":{"line":15,"column":45}}],"line":15},"2":{"loc":{"start":{"line":21,"column":21},"end":{"line":21,"column":74}},"type":"cond-expr","locations":[{"start":{"line":21,"column":37},"end":{"line":21,"column":60}},{"start":{"line":21,"column":63},"end":{"line":21,"column":74}}],"line":21},"3":{"loc":{"start":{"line":22,"column":21},"end":{"line":22,"column":74}},"type":"cond-expr","locations":[{"start":{"line":22,"column":37},"end":{"line":22,"column":60}},{"start":{"line":22,"column":63},"end":{"line":22,"column":74}}],"line":22},"4":{"loc":{"start":{"line":35,"column":15},"end":{"line":35,"column":67}},"type":"cond-expr","locations":[{"start":{"line":35,"column":45},"end":{"line":35,"column":62}},{"start":{"line":35,"column":65},"end":{"line":35,"column":67}}],"line":35},"5":{"loc":{"start":{"line":40,"column":25},"end":{"line":40,"column":45}},"type":"binary-expr","locations":[{"start":{"line":40,"column":25},"end":{"line":40,"column":39}},{"start":{"line":40,"column":43},"end":{"line":40,"column":45}}],"line":40},"6":{"loc":{"start":{"line":46,"column":21},"end":{"line":46,"column":74}},"type":"cond-expr","locations":[{"start":{"line":46,"column":37},"end":{"line":46,"column":60}},{"start":{"line":46,"column":63},"end":{"line":46,"column":74}}],"line":46},"7":{"loc":{"start":{"line":47,"column":21},"end":{"line":47,"column":74}},"type":"cond-expr","locations":[{"start":{"line":47,"column":37},"end":{"line":47,"column":60}},{"start":{"line":47,"column":63},"end":{"line":47,"column":74}}],"line":47},"8":{"loc":{"start":{"line":60,"column":15},"end":{"line":60,"column":67}},"type":"cond-expr","locations":[{"start":{"line":60,"column":45},"end":{"line":60,"column":62}},{"start":{"line":60,"column":65},"end":{"line":60,"column":67}}],"line":60},"9":{"loc":{"start":{"line":65,"column":24},"end":{"line":65,"column":44}},"type":"binary-expr","locations":[{"start":{"line":65,"column":24},"end":{"line":65,"column":38}},{"start":{"line":65,"column":42},"end":{"line":65,"column":44}}],"line":65},"10":{"loc":{"start":{"line":73,"column":21},"end":{"line":73,"column":74}},"type":"cond-expr","locations":[{"start":{"line":73,"column":37},"end":{"line":73,"column":60}},{"start":{"line":73,"column":63},"end":{"line":73,"column":74}}],"line":73},"11":{"loc":{"start":{"line":74,"column":21},"end":{"line":74,"column":74}},"type":"cond-expr","locations":[{"start":{"line":74,"column":37},"end":{"line":74,"column":60}},{"start":{"line":74,"column":63},"end":{"line":74,"column":74}}],"line":74},"12":{"loc":{"start":{"line":82,"column":24},"end":{"line":82,"column":44}},"type":"binary-expr","locations":[{"start":{"line":82,"column":24},"end":{"line":82,"column":38}},{"start":{"line":82,"column":42},"end":{"line":82,"column":44}}],"line":82},"13":{"loc":{"start":{"line":88,"column":15},"end":{"line":88,"column":67}},"type":"cond-expr","locations":[{"start":{"line":88,"column":45},"end":{"line":88,"column":62}},{"start":{"line":88,"column":65},"end":{"line":88,"column":67}}],"line":88},"14":{"loc":{"start":{"line":92,"column":13},"end":{"line":92,"column":25}},"type":"default-arg","locations":[{"start":{"line":92,"column":21},"end":{"line":92,"column":25}}],"line":92},"15":{"loc":{"start":{"line":92,"column":29},"end":{"line":92,"column":49}},"type":"binary-expr","locations":[{"start":{"line":92,"column":29},"end":{"line":92,"column":43}},{"start":{"line":92,"column":47},"end":{"line":92,"column":49}}],"line":92},"16":{"loc":{"start":{"line":96,"column":13},"end":{"line":96,"column":25}},"type":"default-arg","locations":[{"start":{"line":96,"column":21},"end":{"line":96,"column":25}}],"line":96},"17":{"loc":{"start":{"line":96,"column":29},"end":{"line":96,"column":49}},"type":"binary-expr","locations":[{"start":{"line":96,"column":29},"end":{"line":96,"column":43}},{"start":{"line":96,"column":47},"end":{"line":96,"column":49}}],"line":96},"18":{"loc":{"start":{"line":100,"column":22},"end":{"line":100,"column":42}},"type":"binary-expr","locations":[{"start":{"line":100,"column":22},"end":{"line":100,"column":36}},{"start":{"line":100,"column":40},"end":{"line":100,"column":42}}],"line":100}},"s":{"0":1,"1":0,"2":0,"3":0,"4":0,"5":0,"6":0,"7":0,"8":0,"9":0,"10":0,"11":0,"12":0,"13":0,"14":0,"15":0,"16":0,"17":0,"18":0,"19":0,"20":0,"21":0,"22":0,"23":0,"24":0,"25":0,"26":0,"27":0,"28":0,"29":0,"30":0,"31":0,"32":0,"33":0,"34":0,"35":0,"36":0,"37":0,"38":0,"39":0,"40":0,"41":0,"42":0,"43":0},"f":{"0":0,"1":0,"2":0,"3":0,"4":0,"5":0,"6":0,"7":0},"b":{"0":[0,0,0,0,0,0,0,0,0,0],"1":[0,0],"2":[0,0],"3":[0,0],"4":[0,0],"5":[0,0],"6":[0,0],"7":[0,0],"8":[0,0],"9":[0,0],"10":[0,0],"11":[0,0],"12":[0,0],"13":[0,0],"14":[0],"15":[0,0],"16":[0],"17":[0,0],"18":[0,0]},"_coverageSchema":"1a1c01bbd47fc00a2c39e90264f33305004495a9","hash":"b00770aff8fbf705484dd58c6707e392cf6d7d25"}
,"/Users/nicolasta/Documents/Projet/chatApp/src/reducer/chat.js": {"path":"/Users/nicolasta/Documents/Projet/chatApp/src/reducer/chat.js","statementMap":{"0":{"start":{"line":1,"column":27},"end":{"line":106,"column":1}},"1":{"start":{"line":2,"column":2},"end":{"line":104,"column":3}},"2":{"start":{"line":4,"column":6},"end":{"line":10,"column":8}},"3":{"start":{"line":13,"column":25},"end":{"line":13,"column":45}},"4":{"start":{"line":14,"column":31},"end":{"line":16,"column":7}},"5":{"start":{"line":15,"column":19},"end":{"line":15,"column":51}},"6":{"start":{"line":17,"column":29},"end":{"line":17,"column":69}},"7":{"start":{"line":18,"column":6},"end":{"line":24,"column":7}},"8":{"start":{"line":18,"column":19},"end":{"line":18,"column":20}},"9":{"start":{"line":19,"column":8},"end":{"line":23,"column":48}},"10":{"start":{"line":26,"column":25},"end":{"line":26,"column":27}},"11":{"start":{"line":27,"column":6},"end":{"line":30,"column":7}},"12":{"start":{"line":28,"column":24},"end":{"line":28,"column":43}},"13":{"start":{"line":29,"column":8},"end":{"line":29,"column":41}},"14":{"start":{"line":31,"column":6},"end":{"line":36,"column":8}},"15":{"start":{"line":39,"column":36},"end":{"line":39,"column":56}},"16":{"start":{"line":41,"column":6},"end":{"line":46,"column":7}},"17":{"start":{"line":42,"column":8},"end":{"line":45,"column":68}},"18":{"start":{"line":47,"column":6},"end":{"line":53,"column":8}},"19":{"start":{"line":55,"column":40},"end":{"line":55,"column":60}},"20":{"start":{"line":56,"column":6},"end":{"line":85,"column":7}},"21":{"start":{"line":57,"column":8},"end":{"line":62,"column":9}},"22":{"start":{"line":58,"column":10},"end":{"line":61,"column":70}},"23":{"start":{"line":64,"column":8},"end":{"line":70,"column":10}},"24":{"start":{"line":72,"column":8},"end":{"line":84,"column":9}},"25":{"start":{"line":73,"column":10},"end":{"line":83,"column":11}},"26":{"start":{"line":74,"column":36},"end":{"line":74,"column":55}},"27":{"start":{"line":75,"column":12},"end":{"line":75,"column":79}},"28":{"start":{"line":76,"column":12},"end":{"line":76,"column":41}},"29":{"start":{"line":78,"column":12},"end":{"line":82,"column":14}},"30":{"start":{"line":86,"column":6},"end":{"line":86,"column":12}},"31":{"start":{"line":90,"column":22},"end":{"line":90,"column":42}},"32":{"start":{"line":91,"column":6},"end":{"line":91,"column":31}},"33":{"start":{"line":94,"column":6},"end":{"line":94,"column":50}},"34":{"start":{"line":97,"column":22},"end":{"line":97,"column":42}},"35":{"start":{"line":98,"column":6},"end":{"line":98,"column":47}},"36":{"start":{"line":101,"column":22},"end":{"line":101,"column":42}},"37":{"start":{"line":102,"column":6},"end":{"line":102,"column":31}},"38":{"start":{"line":105,"column":2},"end":{"line":105,"column":15}}},"fnMap":{"0":{"name":"(anonymous_0)","decl":{"start":{"line":1,"column":27},"end":{"line":1,"column":28}},"loc":{"start":{"line":1,"column":46},"end":{"line":106,"column":1}},"line":1},"1":{"name":"(anonymous_1)","decl":{"start":{"line":15,"column":8},"end":{"line":15,"column":9}},"loc":{"start":{"line":15,"column":19},"end":{"line":15,"column":51}},"line":15}},"branchMap":{"0":{"loc":{"start":{"line":2,"column":2},"end":{"line":104,"column":3}},"type":"switch","locations":[{"start":{"line":3,"column":4},"end":{"line":11,"column":5}},{"start":{"line":12,"column":4},"end":{"line":37,"column":5}},{"start":{"line":38,"column":4},"end":{"line":53,"column":8}},{"start":{"line":54,"column":4},"end":{"line":87,"column":5}},{"start":{"line":89,"column":4},"end":{"line":92,"column":5}},{"start":{"line":93,"column":4},"end":{"line":95,"column":5}},{"start":{"line":96,"column":4},"end":{"line":99,"column":5}},{"start":{"line":100,"column":4},"end":{"line":103,"column":5}}],"line":2},"1":{"loc":{"start":{"line":13,"column":25},"end":{"line":13,"column":45}},"type":"binary-expr","locations":[{"start":{"line":13,"column":25},"end":{"line":13,"column":39}},{"start":{"line":13,"column":43},"end":{"line":13,"column":45}}],"line":13},"2":{"loc":{"start":{"line":20,"column":10},"end":{"line":23,"column":47}},"type":"binary-expr","locations":[{"start":{"line":20,"column":10},"end":{"line":20,"column":34}},{"start":{"line":21,"column":10},"end":{"line":21,"column":38}},{"start":{"line":22,"column":10},"end":{"line":23,"column":47}}],"line":20},"3":{"loc":{"start":{"line":35,"column":15},"end":{"line":35,"column":71}},"type":"cond-expr","locations":[{"start":{"line":35,"column":45},"end":{"line":35,"column":66}},{"start":{"line":35,"column":69},"end":{"line":35,"column":71}}],"line":35},"4":{"loc":{"start":{"line":39,"column":36},"end":{"line":39,"column":56}},"type":"binary-expr","locations":[{"start":{"line":39,"column":36},"end":{"line":39,"column":50}},{"start":{"line":39,"column":54},"end":{"line":39,"column":56}}],"line":39},"5":{"loc":{"start":{"line":41,"column":6},"end":{"line":46,"column":7}},"type":"if","locations":[{"start":{"line":41,"column":6},"end":{"line":46,"column":7}},{"start":{"line":41,"column":6},"end":{"line":46,"column":7}}],"line":41},"6":{"loc":{"start":{"line":43,"column":10},"end":{"line":45,"column":67}},"type":"binary-expr","locations":[{"start":{"line":43,"column":10},"end":{"line":43,"column":24}},{"start":{"line":44,"column":10},"end":{"line":44,"column":34}},{"start":{"line":45,"column":10},"end":{"line":45,"column":67}}],"line":43},"7":{"loc":{"start":{"line":51,"column":15},"end":{"line":51,"column":44}},"type":"cond-expr","locations":[{"start":{"line":51,"column":28},"end":{"line":51,"column":30}},{"start":{"line":51,"column":33},"end":{"line":51,"column":44}}],"line":51},"8":{"loc":{"start":{"line":55,"column":40},"end":{"line":55,"column":60}},"type":"binary-expr","locations":[{"start":{"line":55,"column":40},"end":{"line":55,"column":54}},{"start":{"line":55,"column":58},"end":{"line":55,"column":60}}],"line":55},"9":{"loc":{"start":{"line":56,"column":6},"end":{"line":85,"column":7}},"type":"if","locations":[{"start":{"line":56,"column":6},"end":{"line":85,"column":7}},{"start":{"line":56,"column":6},"end":{"line":85,"column":7}}],"line":56},"10":{"loc":{"start":{"line":57,"column":8},"end":{"line":62,"column":9}},"type":"if","locations":[{"start":{"line":57,"column":8},"end":{"line":62,"column":9}},{"start":{"line":57,"column":8},"end":{"line":62,"column":9}}],"line":57},"11":{"loc":{"start":{"line":59,"column":12},"end":{"line":61,"column":69}},"type":"binary-expr","locations":[{"start":{"line":59,"column":12},"end":{"line":59,"column":26}},{"start":{"line":60,"column":12},"end":{"line":60,"column":36}},{"start":{"line":61,"column":12},"end":{"line":61,"column":69}}],"line":59},"12":{"loc":{"start":{"line":68,"column":17},"end":{"line":68,"column":50}},"type":"cond-expr","locations":[{"start":{"line":68,"column":34},"end":{"line":68,"column":36}},{"start":{"line":68,"column":39},"end":{"line":68,"column":50}}],"line":68},"13":{"loc":{"start":{"line":73,"column":10},"end":{"line":83,"column":11}},"type":"if","locations":[{"start":{"line":73,"column":10},"end":{"line":83,"column":11}},{"start":{"line":73,"column":10},"end":{"line":83,"column":11}}],"line":73},"14":{"loc":{"start":{"line":80,"column":21},"end":{"line":80,"column":54}},"type":"cond-expr","locations":[{"start":{"line":80,"column":38},"end":{"line":80,"column":40}},{"start":{"line":80,"column":43},"end":{"line":80,"column":54}}],"line":80},"15":{"loc":{"start":{"line":90,"column":22},"end":{"line":90,"column":42}},"type":"binary-expr","locations":[{"start":{"line":90,"column":22},"end":{"line":90,"column":36}},{"start":{"line":90,"column":40},"end":{"line":90,"column":42}}],"line":90},"16":{"loc":{"start":{"line":97,"column":22},"end":{"line":97,"column":42}},"type":"binary-expr","locations":[{"start":{"line":97,"column":22},"end":{"line":97,"column":36}},{"start":{"line":97,"column":40},"end":{"line":97,"column":42}}],"line":97},"17":{"loc":{"start":{"line":101,"column":22},"end":{"line":101,"column":42}},"type":"binary-expr","locations":[{"start":{"line":101,"column":22},"end":{"line":101,"column":36}},{"start":{"line":101,"column":40},"end":{"line":101,"column":42}}],"line":101}},"s":{"0":1,"1":0,"2":0,"3":0,"4":0,"5":0,"6":0,"7":0,"8":0,"9":0,"10":0,"11":0,"12":0,"13":0,"14":0,"15":0,"16":0,"17":0,"18":0,"19":0,"20":0,"21":0,"22":0,"23":0,"24":0,"25":0,"26":0,"27":0,"28":0,"29":0,"30":0,"31":0,"32":0,"33":0,"34":0,"35":0,"36":0,"37":0,"38":0},"f":{"0":0,"1":0},"b":{"0":[0,0,0,0,0,0,0,0],"1":[0,0],"2":[0,0,0],"3":[0,0],"4":[0,0],"5":[0,0],"6":[0,0,0],"7":[0,0],"8":[0,0],"9":[0,0],"10":[0,0],"11":[0,0,0],"12":[0,0],"13":[0,0],"14":[0,0],"15":[0,0],"16":[0,0],"17":[0,0]},"_coverageSchema":"1a1c01bbd47fc00a2c39e90264f33305004495a9","hash":"4f9fc0ae510433814c384d753c81acf51ec66c51"}
,"/Users/nicolasta/Documents/Projet/chatApp/src/reducer/invite.js": {"path":"/Users/nicolasta/Documents/Projet/chatApp/src/reducer/invite.js","statementMap":{"0":{"start":{"line":1,"column":29},"end":{"line":85,"column":1}},"1":{"start":{"line":2,"column":2},"end":{"line":83,"column":3}},"2":{"start":{"line":4,"column":6},"end":{"line":11,"column":8}},"3":{"start":{"line":14,"column":6},"end":{"line":18,"column":8}},"4":{"start":{"line":21,"column":22},"end":{"line":21,"column":42}},"5":{"start":{"line":22,"column":28},"end":{"line":22,"column":77}},"6":{"start":{"line":22,"column":49},"end":{"line":22,"column":76}},"7":{"start":{"line":24,"column":26},"end":{"line":24,"column":28}},"8":{"start":{"line":25,"column":6},"end":{"line":27,"column":7}},"9":{"start":{"line":26,"column":8},"end":{"line":26,"column":65}},"10":{"start":{"line":26,"column":55},"end":{"line":26,"column":63}},"11":{"start":{"line":29,"column":26},"end":{"line":29,"column":42}},"12":{"start":{"line":30,"column":6},"end":{"line":35,"column":7}},"13":{"start":{"line":31,"column":21},"end":{"line":31,"column":37}},"14":{"start":{"line":32,"column":8},"end":{"line":34,"column":9}},"15":{"start":{"line":33,"column":10},"end":{"line":33,"column":33}},"16":{"start":{"line":36,"column":22},"end":{"line":36,"column":24}},"17":{"start":{"line":37,"column":6},"end":{"line":40,"column":7}},"18":{"start":{"line":38,"column":21},"end":{"line":38,"column":35}},"19":{"start":{"line":39,"column":8},"end":{"line":39,"column":36}},"20":{"start":{"line":41,"column":6},"end":{"line":45,"column":8}},"21":{"start":{"line":48,"column":21},"end":{"line":48,"column":41}},"22":{"start":{"line":49,"column":6},"end":{"line":55,"column":7}},"23":{"start":{"line":50,"column":8},"end":{"line":54,"column":10}},"24":{"start":{"line":56,"column":6},"end":{"line":56,"column":12}},"25":{"start":{"line":59,"column":21},"end":{"line":59,"column":41}},"26":{"start":{"line":60,"column":6},"end":{"line":68,"column":7}},"27":{"start":{"line":61,"column":8},"end":{"line":67,"column":10}},"28":{"start":{"line":65,"column":17},"end":{"line":65,"column":41}},"29":{"start":{"line":69,"column":6},"end":{"line":69,"column":12}},"30":{"start":{"line":72,"column":29},"end":{"line":72,"column":49}},"31":{"start":{"line":73,"column":6},"end":{"line":73,"column":46}},"32":{"start":{"line":76,"column":29},"end":{"line":76,"column":49}},"33":{"start":{"line":77,"column":6},"end":{"line":77,"column":47}},"34":{"start":{"line":80,"column":22},"end":{"line":80,"column":42}},"35":{"start":{"line":81,"column":6},"end":{"line":81,"column":31}},"36":{"start":{"line":84,"column":2},"end":{"line":84,"column":15}}},"fnMap":{"0":{"name":"(anonymous_0)","decl":{"start":{"line":1,"column":29},"end":{"line":1,"column":30}},"loc":{"start":{"line":1,"column":48},"end":{"line":85,"column":1}},"line":1},"1":{"name":"(anonymous_1)","decl":{"start":{"line":22,"column":41},"end":{"line":22,"column":42}},"loc":{"start":{"line":22,"column":49},"end":{"line":22,"column":76}},"line":22},"2":{"name":"(anonymous_2)","decl":{"start":{"line":26,"column":50},"end":{"line":26,"column":51}},"loc":{"start":{"line":26,"column":55},"end":{"line":26,"column":63}},"line":26},"3":{"name":"(anonymous_3)","decl":{"start":{"line":65,"column":12},"end":{"line":65,"column":13}},"loc":{"start":{"line":65,"column":17},"end":{"line":65,"column":41}},"line":65}},"branchMap":{"0":{"loc":{"start":{"line":2,"column":2},"end":{"line":83,"column":3}},"type":"switch","locations":[{"start":{"line":3,"column":4},"end":{"line":12,"column":5}},{"start":{"line":13,"column":4},"end":{"line":19,"column":5}},{"start":{"line":20,"column":4},"end":{"line":46,"column":5}},{"start":{"line":47,"column":4},"end":{"line":57,"column":5}},{"start":{"line":58,"column":4},"end":{"line":70,"column":5}},{"start":{"line":71,"column":4},"end":{"line":74,"column":5}},{"start":{"line":75,"column":4},"end":{"line":78,"column":5}},{"start":{"line":79,"column":4},"end":{"line":82,"column":5}}],"line":2},"1":{"loc":{"start":{"line":21,"column":22},"end":{"line":21,"column":42}},"type":"binary-expr","locations":[{"start":{"line":21,"column":22},"end":{"line":21,"column":36}},{"start":{"line":21,"column":40},"end":{"line":21,"column":42}}],"line":21},"2":{"loc":{"start":{"line":25,"column":6},"end":{"line":27,"column":7}},"type":"if","locations":[{"start":{"line":25,"column":6},"end":{"line":27,"column":7}},{"start":{"line":25,"column":6},"end":{"line":27,"column":7}}],"line":25},"3":{"loc":{"start":{"line":32,"column":8},"end":{"line":34,"column":9}},"type":"if","locations":[{"start":{"line":32,"column":8},"end":{"line":34,"column":9}},{"start":{"line":32,"column":8},"end":{"line":34,"column":9}}],"line":32},"4":{"loc":{"start":{"line":48,"column":21},"end":{"line":48,"column":41}},"type":"binary-expr","locations":[{"start":{"line":48,"column":21},"end":{"line":48,"column":35}},{"start":{"line":48,"column":39},"end":{"line":48,"column":41}}],"line":48},"5":{"loc":{"start":{"line":49,"column":6},"end":{"line":55,"column":7}},"type":"if","locations":[{"start":{"line":49,"column":6},"end":{"line":55,"column":7}},{"start":{"line":49,"column":6},"end":{"line":55,"column":7}}],"line":49},"6":{"loc":{"start":{"line":59,"column":21},"end":{"line":59,"column":41}},"type":"binary-expr","locations":[{"start":{"line":59,"column":21},"end":{"line":59,"column":35}},{"start":{"line":59,"column":39},"end":{"line":59,"column":41}}],"line":59},"7":{"loc":{"start":{"line":60,"column":6},"end":{"line":68,"column":7}},"type":"if","locations":[{"start":{"line":60,"column":6},"end":{"line":68,"column":7}},{"start":{"line":60,"column":6},"end":{"line":68,"column":7}}],"line":60},"8":{"loc":{"start":{"line":72,"column":13},"end":{"line":72,"column":25}},"type":"default-arg","locations":[{"start":{"line":72,"column":21},"end":{"line":72,"column":25}}],"line":72},"9":{"loc":{"start":{"line":72,"column":29},"end":{"line":72,"column":49}},"type":"binary-expr","locations":[{"start":{"line":72,"column":29},"end":{"line":72,"column":43}},{"start":{"line":72,"column":47},"end":{"line":72,"column":49}}],"line":72},"10":{"loc":{"start":{"line":76,"column":13},"end":{"line":76,"column":25}},"type":"default-arg","locations":[{"start":{"line":76,"column":21},"end":{"line":76,"column":25}}],"line":76},"11":{"loc":{"start":{"line":76,"column":29},"end":{"line":76,"column":49}},"type":"binary-expr","locations":[{"start":{"line":76,"column":29},"end":{"line":76,"column":43}},{"start":{"line":76,"column":47},"end":{"line":76,"column":49}}],"line":76},"12":{"loc":{"start":{"line":80,"column":22},"end":{"line":80,"column":42}},"type":"binary-expr","locations":[{"start":{"line":80,"column":22},"end":{"line":80,"column":36}},{"start":{"line":80,"column":40},"end":{"line":80,"column":42}}],"line":80}},"s":{"0":1,"1":0,"2":0,"3":0,"4":0,"5":0,"6":0,"7":0,"8":0,"9":0,"10":0,"11":0,"12":0,"13":0,"14":0,"15":0,"16":0,"17":0,"18":0,"19":0,"20":0,"21":0,"22":0,"23":0,"24":0,"25":0,"26":0,"27":0,"28":0,"29":0,"30":0,"31":0,"32":0,"33":0,"34":0,"35":0,"36":0},"f":{"0":0,"1":0,"2":0,"3":0},"b":{"0":[0,0,0,0,0,0,0,0],"1":[0,0],"2":[0,0],"3":[0,0],"4":[0,0],"5":[0,0],"6":[0,0],"7":[0,0],"8":[0],"9":[0,0],"10":[0],"11":[0,0],"12":[0,0]},"_coverageSchema":"1a1c01bbd47fc00a2c39e90264f33305004495a9","hash":"0c4788e4c17b958670b07ba358a681fbfaddd919"}
,"/Users/nicolasta/Documents/Projet/chatApp/src/reducer/login.js": {"path":"/Users/nicolasta/Documents/Projet/chatApp/src/reducer/login.js","statementMap":{"0":{"start":{"line":1,"column":28},"end":{"line":23,"column":1}},"1":{"start":{"line":2,"column":2},"end":{"line":21,"column":3}},"2":{"start":{"line":4,"column":24},"end":{"line":4,"column":44}},"3":{"start":{"line":5,"column":6},"end":{"line":5,"column":41}},"4":{"start":{"line":8,"column":24},"end":{"line":8,"column":44}},"5":{"start":{"line":9,"column":6},"end":{"line":9,"column":43}},"6":{"start":{"line":12,"column":6},"end":{"line":12,"column":53}},"7":{"start":{"line":15,"column":6},"end":{"line":15,"column":43}},"8":{"start":{"line":18,"column":22},"end":{"line":18,"column":42}},"9":{"start":{"line":19,"column":6},"end":{"line":19,"column":31}},"10":{"start":{"line":22,"column":2},"end":{"line":22,"column":15}}},"fnMap":{"0":{"name":"(anonymous_0)","decl":{"start":{"line":1,"column":28},"end":{"line":1,"column":29}},"loc":{"start":{"line":1,"column":47},"end":{"line":23,"column":1}},"line":1}},"branchMap":{"0":{"loc":{"start":{"line":2,"column":2},"end":{"line":21,"column":3}},"type":"switch","locations":[{"start":{"line":3,"column":4},"end":{"line":6,"column":5}},{"start":{"line":7,"column":4},"end":{"line":10,"column":5}},{"start":{"line":11,"column":4},"end":{"line":13,"column":5}},{"start":{"line":14,"column":4},"end":{"line":16,"column":5}},{"start":{"line":17,"column":4},"end":{"line":20,"column":5}}],"line":2},"1":{"loc":{"start":{"line":4,"column":24},"end":{"line":4,"column":44}},"type":"binary-expr","locations":[{"start":{"line":4,"column":24},"end":{"line":4,"column":38}},{"start":{"line":4,"column":42},"end":{"line":4,"column":44}}],"line":4},"2":{"loc":{"start":{"line":8,"column":24},"end":{"line":8,"column":44}},"type":"binary-expr","locations":[{"start":{"line":8,"column":24},"end":{"line":8,"column":38}},{"start":{"line":8,"column":42},"end":{"line":8,"column":44}}],"line":8},"3":{"loc":{"start":{"line":18,"column":22},"end":{"line":18,"column":42}},"type":"binary-expr","locations":[{"start":{"line":18,"column":22},"end":{"line":18,"column":36}},{"start":{"line":18,"column":40},"end":{"line":18,"column":42}}],"line":18}},"s":{"0":2,"1":1,"2":0,"3":0,"4":1,"5":1,"6":0,"7":0,"8":0,"9":0,"10":0},"f":{"0":1},"b":{"0":[0,1,0,0,0],"1":[0,0],"2":[1,0],"3":[0,0]},"_coverageSchema":"1a1c01bbd47fc00a2c39e90264f33305004495a9","hash":"726627cc0be5fa249d2d46cb41c92634cb40268e"}
,"/Users/nicolasta/Documents/Projet/chatApp/src/reducer/member.js": {"path":"/Users/nicolasta/Documents/Projet/chatApp/src/reducer/member.js","statementMap":{"0":{"start":{"line":1,"column":29},"end":{"line":38,"column":1}},"1":{"start":{"line":2,"column":2},"end":{"line":36,"column":3}},"2":{"start":{"line":4,"column":24},"end":{"line":4,"column":44}},"3":{"start":{"line":5,"column":6},"end":{"line":5,"column":44}},"4":{"start":{"line":8,"column":21},"end":{"line":8,"column":41}},"5":{"start":{"line":9,"column":6},"end":{"line":11,"column":7}},"6":{"start":{"line":9,"column":34},"end":{"line":9,"column":42}},"7":{"start":{"line":10,"column":8},"end":{"line":10,"column":72}},"8":{"start":{"line":12,"column":6},"end":{"line":12,"column":12}},"9":{"start":{"line":15,"column":21},"end":{"line":15,"column":41}},"10":{"start":{"line":16,"column":6},"end":{"line":22,"column":7}},"11":{"start":{"line":16,"column":33},"end":{"line":16,"column":41}},"12":{"start":{"line":17,"column":8},"end":{"line":21,"column":10}},"13":{"start":{"line":19,"column":45},"end":{"line":19,"column":69}},"14":{"start":{"line":23,"column":6},"end":{"line":23,"column":12}},"15":{"start":{"line":26,"column":6},"end":{"line":26,"column":50}},"16":{"start":{"line":29,"column":22},"end":{"line":29,"column":42}},"17":{"start":{"line":30,"column":6},"end":{"line":30,"column":47}},"18":{"start":{"line":33,"column":22},"end":{"line":33,"column":42}},"19":{"start":{"line":34,"column":6},"end":{"line":34,"column":31}},"20":{"start":{"line":37,"column":2},"end":{"line":37,"column":15}}},"fnMap":{"0":{"name":"(anonymous_0)","decl":{"start":{"line":1,"column":29},"end":{"line":1,"column":30}},"loc":{"start":{"line":1,"column":48},"end":{"line":38,"column":1}},"line":1},"1":{"name":"(anonymous_1)","decl":{"start":{"line":9,"column":29},"end":{"line":9,"column":30}},"loc":{"start":{"line":9,"column":34},"end":{"line":9,"column":42}},"line":9},"2":{"name":"(anonymous_2)","decl":{"start":{"line":16,"column":28},"end":{"line":16,"column":29}},"loc":{"start":{"line":16,"column":33},"end":{"line":16,"column":41}},"line":16},"3":{"name":"(anonymous_3)","decl":{"start":{"line":19,"column":40},"end":{"line":19,"column":41}},"loc":{"start":{"line":19,"column":45},"end":{"line":19,"column":69}},"line":19}},"branchMap":{"0":{"loc":{"start":{"line":2,"column":2},"end":{"line":36,"column":3}},"type":"switch","locations":[{"start":{"line":3,"column":4},"end":{"line":6,"column":5}},{"start":{"line":7,"column":4},"end":{"line":13,"column":5}},{"start":{"line":14,"column":4},"end":{"line":24,"column":5}},{"start":{"line":25,"column":4},"end":{"line":27,"column":5}},{"start":{"line":28,"column":4},"end":{"line":31,"column":5}},{"start":{"line":32,"column":4},"end":{"line":35,"column":5}}],"line":2},"1":{"loc":{"start":{"line":4,"column":24},"end":{"line":4,"column":44}},"type":"binary-expr","locations":[{"start":{"line":4,"column":24},"end":{"line":4,"column":38}},{"start":{"line":4,"column":42},"end":{"line":4,"column":44}}],"line":4},"2":{"loc":{"start":{"line":8,"column":21},"end":{"line":8,"column":41}},"type":"binary-expr","locations":[{"start":{"line":8,"column":21},"end":{"line":8,"column":35}},{"start":{"line":8,"column":39},"end":{"line":8,"column":41}}],"line":8},"3":{"loc":{"start":{"line":9,"column":6},"end":{"line":11,"column":7}},"type":"if","locations":[{"start":{"line":9,"column":6},"end":{"line":11,"column":7}},{"start":{"line":9,"column":6},"end":{"line":11,"column":7}}],"line":9},"4":{"loc":{"start":{"line":15,"column":21},"end":{"line":15,"column":41}},"type":"binary-expr","locations":[{"start":{"line":15,"column":21},"end":{"line":15,"column":35}},{"start":{"line":15,"column":39},"end":{"line":15,"column":41}}],"line":15},"5":{"loc":{"start":{"line":16,"column":6},"end":{"line":22,"column":7}},"type":"if","locations":[{"start":{"line":16,"column":6},"end":{"line":22,"column":7}},{"start":{"line":16,"column":6},"end":{"line":22,"column":7}}],"line":16},"6":{"loc":{"start":{"line":29,"column":22},"end":{"line":29,"column":42}},"type":"binary-expr","locations":[{"start":{"line":29,"column":22},"end":{"line":29,"column":36}},{"start":{"line":29,"column":40},"end":{"line":29,"column":42}}],"line":29},"7":{"loc":{"start":{"line":33,"column":22},"end":{"line":33,"column":42}},"type":"binary-expr","locations":[{"start":{"line":33,"column":22},"end":{"line":33,"column":36}},{"start":{"line":33,"column":40},"end":{"line":33,"column":42}}],"line":33}},"s":{"0":2,"1":2,"2":2,"3":2,"4":0,"5":0,"6":0,"7":0,"8":0,"9":0,"10":0,"11":0,"12":0,"13":0,"14":0,"15":0,"16":0,"17":0,"18":0,"19":0,"20":0},"f":{"0":2,"1":0,"2":0,"3":0},"b":{"0":[2,0,0,0,0,0],"1":[2,0],"2":[0,0],"3":[0,0],"4":[0,0],"5":[0,0],"6":[0,0],"7":[0,0]},"_coverageSchema":"1a1c01bbd47fc00a2c39e90264f33305004495a9","hash":"4c397bf02197b6f83dd0e94acb4afd23cfe37668"}
,"/Users/nicolasta/Documents/Projet/chatApp/src/screens/chat.js": {"path":"/Users/nicolasta/Documents/Projet/chatApp/src/screens/chat.js","statementMap":{"0":{"start":{"line":12,"column":13},"end":{"line":96,"column":1}},"1":{"start":{"line":13,"column":20},"end":{"line":13,"column":51}},"2":{"start":{"line":14,"column":18},"end":{"line":14,"column":23}},"3":{"start":{"line":15,"column":44},"end":{"line":15,"column":55}},"4":{"start":{"line":17,"column":19},"end":{"line":25,"column":3}},"5":{"start":{"line":18,"column":4},"end":{"line":18,"column":23}},"6":{"start":{"line":19,"column":4},"end":{"line":19,"column":24}},"7":{"start":{"line":20,"column":4},"end":{"line":24,"column":15}},"8":{"start":{"line":28,"column":27},"end":{"line":36,"column":3}},"9":{"start":{"line":29,"column":4},"end":{"line":29,"column":23}},"10":{"start":{"line":30,"column":4},"end":{"line":30,"column":24}},"11":{"start":{"line":31,"column":4},"end":{"line":35,"column":15}},"12":{"start":{"line":39,"column":16},"end":{"line":47,"column":3}},"13":{"start":{"line":40,"column":4},"end":{"line":46,"column":7}},"14":{"start":{"line":45,"column":6},"end":{"line":45,"column":26}},"15":{"start":{"line":51,"column":4},"end":{"line":58,"column":6}},"16":{"start":{"line":55,"column":8},"end":{"line":55,"column":16}},"17":{"start":{"line":56,"column":8},"end":{"line":56,"column":42}},"18":{"start":{"line":63,"column":4},"end":{"line":75,"column":20}},"19":{"start":{"line":80,"column":4},"end":{"line":80,"column":67}},"20":{"start":{"line":86,"column":13},"end":{"line":86,"column":49}},"21":{"start":{"line":88,"column":2},"end":{"line":95,"column":4}}},"fnMap":{"0":{"name":"(anonymous_0)","decl":{"start":{"line":12,"column":13},"end":{"line":12,"column":14}},"loc":{"start":{"line":12,"column":22},"end":{"line":96,"column":1}},"line":12},"1":{"name":"(anonymous_1)","decl":{"start":{"line":17,"column":19},"end":{"line":17,"column":20}},"loc":{"start":{"line":17,"column":25},"end":{"line":25,"column":3}},"line":17},"2":{"name":"(anonymous_2)","decl":{"start":{"line":28,"column":27},"end":{"line":28,"column":28}},"loc":{"start":{"line":28,"column":33},"end":{"line":36,"column":3}},"line":28},"3":{"name":"(anonymous_3)","decl":{"start":{"line":39,"column":16},"end":{"line":39,"column":17}},"loc":{"start":{"line":39,"column":22},"end":{"line":47,"column":3}},"line":39},"4":{"name":"(anonymous_4)","decl":{"start":{"line":44,"column":13},"end":{"line":44,"column":14}},"loc":{"start":{"line":44,"column":19},"end":{"line":46,"column":5}},"line":44},"5":{"name":"(anonymous_5)","decl":{"start":{"line":54,"column":16},"end":{"line":54,"column":17}},"loc":{"start":{"line":54,"column":30},"end":{"line":57,"column":7}},"line":54}},"branchMap":{"0":{"loc":{"start":{"line":70,"column":10},"end":{"line":72,"column":23}},"type":"cond-expr","locations":[{"start":{"line":71,"column":12},"end":{"line":71,"column":64}},{"start":{"line":72,"column":14},"end":{"line":72,"column":23}}],"line":70},"1":{"loc":{"start":{"line":92,"column":7},"end":{"line":92,"column":52}},"type":"cond-expr","locations":[{"start":{"line":92,"column":29},"end":{"line":92,"column":40}},{"start":{"line":92,"column":43},"end":{"line":92,"column":52}}],"line":92}},"s":{"0":1,"1":0,"2":0,"3":0,"4":0,"5":0,"6":0,"7":0,"8":0,"9":0,"10":0,"11":0,"12":0,"13":0,"14":0,"15":0,"16":0,"17":0,"18":0,"19":0,"20":0,"21":0},"f":{"0":0,"1":0,"2":0,"3":0,"4":0,"5":0},"b":{"0":[0,0],"1":[0,0]},"_coverageSchema":"1a1c01bbd47fc00a2c39e90264f33305004495a9","hash":"a9b664e8195025c9696624fc2c8887abe5cfde6b"}
,"/Users/nicolasta/Documents/Projet/chatApp/src/screens/login.js": {"path":"/Users/nicolasta/Documents/Projet/chatApp/src/screens/login.js","statementMap":{"0":{"start":{"line":10,"column":14},"end":{"line":142,"column":1}},"1":{"start":{"line":12,"column":4},"end":{"line":12,"column":74}},"2":{"start":{"line":14,"column":33},"end":{"line":14,"column":38}},"3":{"start":{"line":15,"column":28},"end":{"line":20,"column":4}},"4":{"start":{"line":22,"column":32},"end":{"line":22,"column":35}},"5":{"start":{"line":23,"column":28},"end":{"line":23,"column":32}},"6":{"start":{"line":25,"column":15},"end":{"line":25,"column":36}},"7":{"start":{"line":30,"column":20},"end":{"line":46,"column":3}},"8":{"start":{"line":31,"column":4},"end":{"line":31,"column":57}},"9":{"start":{"line":32,"column":4},"end":{"line":44,"column":15}},"10":{"start":{"line":45,"column":4},"end":{"line":45,"column":39}},"11":{"start":{"line":48,"column":22},"end":{"line":64,"column":3}},"12":{"start":{"line":49,"column":4},"end":{"line":52,"column":5}},"13":{"start":{"line":50,"column":6},"end":{"line":50,"column":31}},"14":{"start":{"line":51,"column":6},"end":{"line":51,"column":13}},"15":{"start":{"line":53,"column":4},"end":{"line":63,"column":9}},"16":{"start":{"line":55,"column":8},"end":{"line":58,"column":9}},"17":{"start":{"line":56,"column":10},"end":{"line":56,"column":33}},"18":{"start":{"line":57,"column":10},"end":{"line":57,"column":17}},"19":{"start":{"line":59,"column":8},"end":{"line":59,"column":38}},"20":{"start":{"line":62,"column":8},"end":{"line":62,"column":31}},"21":{"start":{"line":66,"column":16},"end":{"line":74,"column":3}},"22":{"start":{"line":67,"column":4},"end":{"line":69,"column":5}},"23":{"start":{"line":68,"column":6},"end":{"line":68,"column":13}},"24":{"start":{"line":70,"column":4},"end":{"line":70,"column":41}},"25":{"start":{"line":71,"column":4},"end":{"line":73,"column":7}},"26":{"start":{"line":72,"column":6},"end":{"line":72,"column":31}},"27":{"start":{"line":76,"column":27},"end":{"line":94,"column":3}},"28":{"start":{"line":77,"column":4},"end":{"line":93,"column":7}},"29":{"start":{"line":78,"column":6},"end":{"line":80,"column":7}},"30":{"start":{"line":79,"column":8},"end":{"line":79,"column":33}},"31":{"start":{"line":83,"column":6},"end":{"line":92,"column":9}},"32":{"start":{"line":84,"column":8},"end":{"line":86,"column":9}},"33":{"start":{"line":85,"column":10},"end":{"line":85,"column":33}},"34":{"start":{"line":89,"column":8},"end":{"line":89,"column":43}},"35":{"start":{"line":91,"column":8},"end":{"line":91,"column":60}},"36":{"start":{"line":96,"column":2},"end":{"line":141,"column":4}},"37":{"start":{"line":107,"column":12},"end":{"line":107,"column":66}},"38":{"start":{"line":108,"column":12},"end":{"line":108,"column":64}},"39":{"start":{"line":125,"column":25},"end":{"line":125,"column":32}}},"fnMap":{"0":{"name":"(anonymous_0)","decl":{"start":{"line":10,"column":14},"end":{"line":10,"column":15}},"loc":{"start":{"line":10,"column":23},"
[...]
umn":79},"end":{"line":201,"column":7}},"line":186},"18":{"name":"(anonymous_18)","decl":{"start":{"line":190,"column":21},"end":{"line":190,"column":22}},"loc":{"start":{"line":190,"column":27},"end":{"line":199,"column":11}},"line":190},"19":{"name":"(anonymous_19)","decl":{"start":{"line":234,"column":20},"end":{"line":234,"column":21}},"loc":{"start":{"line":234,"column":31},"end":{"line":236,"column":7}},"line":234},"20":{"name":"(anonymous_20)","decl":{"start":{"line":265,"column":18},"end":{"line":265,"column":19}},"loc":{"start":{"line":266,"column":8},"end":{"line":266,"column":80}},"line":266},"21":{"name":"(anonymous_21)","decl":{"start":{"line":268,"column":20},"end":{"line":268,"column":21}},"loc":{"start":{"line":268,"column":28},"end":{"line":268,"column":61}},"line":268},"22":{"name":"(anonymous_22)","decl":{"start":{"line":282,"column":20},"end":{"line":282,"column":21}},"loc":{"start":{"line":282,"column":26},"end":{"line":282,"column":32}},"line":282}},"branchMap":{"0":{"loc":{"start":{"line":49,"column":4},"end":{"line":64,"column":5}},"type":"if","locations":[{"start":{"line":49,"column":4},"end":{"line":64,"column":5}},{"start":{"line":49,"column":4},"end":{"line":64,"column":5}}],"line":49},"1":{"loc":{"start":{"line":51,"column":8},"end":{"line":60,"column":9}},"type":"if","locations":[{"start":{"line":51,"column":8},"end":{"line":60,"column":9}},{"start":{"line":51,"column":8},"end":{"line":60,"column":9}}],"line":51},"2":{"loc":{"start":{"line":82,"column":4},"end":{"line":84,"column":5}},"type":"if","locations":[{"start":{"line":82,"column":4},"end":{"line":84,"column":5}},{"start":{"line":82,"column":4},"end":{"line":84,"column":5}}],"line":82},"3":{"loc":{"start":{"line":111,"column":4},"end":{"line":113,"column":5}},"type":"if","locations":[{"start":{"line":111,"column":4},"end":{"line":113,"column":5}},{"start":{"line":111,"column":4},"end":{"line":113,"column":5}}],"line":111},"4":{"loc":{"start":{"line":130,"column":4},"end":{"line":135,"column":5}},"type":"if","locations":[{"start":{"line":130,"column":4},"end":{"line":135,"column":5}},{"start":{"line":130,"column":4},"end":{"line":135,"column":5}}],"line":130},"5":{"loc":{"start":{"line":132,"column":6},"end":{"line":134,"column":7}},"type":"if","locations":[{"start":{"line":132,"column":6},"end":{"line":134,"column":7}},{"start":{"line":132,"column":6},"end":{"line":134,"column":7}}],"line":132},"6":{"loc":{"start":{"line":140,"column":6},"end":{"line":144,"column":7}},"type":"if","locations":[{"start":{"line":140,"column":6},"end":{"line":144,"column":7}},{"start":{"line":140,"column":6},"end":{"line":144,"column":7}}],"line":140},"7":{"loc":{"start":{"line":150,"column":4},"end":{"line":152,"column":5}},"type":"if","locations":[{"start":{"line":150,"column":4},"end":{"line":152,"column":5}},{"start":{"line":150,"column":4},"end":{"line":152,"column":5}}],"line":150},"8":{"loc":{"start":{"line":154,"column":4},"end":{"line":157,"column":5}},"type":"if","locations":[{"start":{"line":154,"column":4},"end":{"line":157,"column":5}},{"start":{"line":154,"column":4},"end":{"line":157,"column":5}}],"line":154},"9":{"loc":{"start":{"line":161,"column":4},"end":{"line":178,"column":5}},"type":"if","locations":[{"start":{"line":161,"column":4},"end":{"line":178,"column":5}},{"start":{"line":161,"column":4},"end":{"line":178,"column":5}}],"line":161},"10":{"loc":{"start":{"line":166,"column":8},"end":{"line":176,"column":9}},"type":"if","locations":[{"start":{"line":166,"column":8},"end":{"line":176,"column":9}},{"start":{"line":166,"column":8},"end":{"line":176,"column":9}}],"line":166},"11":{"loc":{"start":{"line":182,"column":4},"end":{"line":206,"column":5}},"type":"if","locations":[{"start":{"line":182,"column":4},"end":{"line":206,"column":5}},{"start":{"line":182,"column":4},"end":{"line":206,"column":5}}],"line":182},"12":{"loc":{"start":{"line":187,"column":8},"end":{"line":200,"column":9}},"type":"if","locations":[{"start":{"line":187,"column":8},"end":{"line":200,"column":9}},{"start":{"line":187,"column":8},"end":{"line":200,"column":9}}],"line":187},"13":{"loc":{"start":{"line":245,"column":20},"end":{"line":245,"column":61}},"type":"binary-expr","locations":[{"start":{"line":245,"column":20},"end":{"line":245,"column":33}},{"start":{"line":245,"column":37},"end":{"line":245,"column":61}}],"line":245},"14":{"loc":{"start":{"line":268,"column":28},"end":{"line":268,"column":61}},"type":"binary-expr","locations":[{"start":{"line":268,"column":28},"end":{"line":268,"column":47}},{"start":{"line":268,"column":51},"end":{"line":268,"column":61}}],"line":268},"15":{"loc":{"start":{"line":271,"column":8},"end":{"line":275,"column":9}},"type":"binary-expr","locations":[{"start":{"line":271,"column":8},"end":{"line":271,"column":19}},{"start":{"line":272,"column":10},"end":{"line":274,"column":16}}],"line":271},"16":{"loc":{"start":{"line":289,"column":16},"end":{"line":289,"column":61}},"type":"cond-expr","locations":[{"start":{"line":289,"column":40},"end":{"line":289,"column":49}},{"start":{"line":289,"column":52},"end":{"line":289,"column":61}}],"line":289},"17":{"loc":{"start":{"line":290,"column":30},"end":{"line":290,"column":61}},"type":"cond-expr","locations":[{"start":{"line":290,"column":54},"end":{"line":290,"column":56}},{"start":{"line":290,"column":59},"end":{"line":290,"column":61}}],"line":290},"18":{"loc":{"start":{"line":292,"column":7},"end":{"line":300,"column":7}},"type":"cond-expr","locations":[{"start":{"line":293,"column":8},"end":{"line":293,"column":19}},{"start":{"line":295,"column":8},"end":{"line":299,"column":15}}],"line":292}},"s":{"0":1,"1":0,"2":0,"3":0,"4":0,"5":0,"6":0,"7":0,"8":0,"9":0,"10":0,"11":0,"12":0,"13":0,"14":0,"15":0,"16":0,"17":0,"18":0,"19":0,"20":0,"21":0,"22":0,"23":0,"24":0,"25":0,"26":0,"27":0,"28":0,"29":0,"30":0,"31":0,"32":0,"33":0,"34":0,"35":0,"36":0,"37":0,"38":0,"39":0,"40":0,"41":0,"42":0,"43":0,"44":0,"45":0,"46":0,"47":0,"48":0,"49":0,"50":0,"51":0,"52":0,"53":0,"54":0,"55":0,"56":0,"57":0,"58":0,"59":0,"60":0,"61":0,"62":0,"63":0,"64":0,"65":0,"66":0,"67":0,"68":0,"69":0,"70":0,"71":0,"72":0,"73":0,"74":0,"75":0,"76":0,"77":0,"78":0,"79":0},"f":{"0":0,"1":0,"2":0,"3":0,"4":0,"5":0,"6":0,"7":0,"8":0,"9":0,"10":0,"11":0,"12":0,"13":0,"14":0,"15":0,"16":0,"17":0,"18":0,"19":0,"20":0,"21":0,"22":0},"b":{"0":[0,0],"1":[0,0],"2":[0,0],"3":[0,0],"4":[0,0],"5":[0,0],"6":[0,0],"7":[0,0],"8":[0,0],"9":[0,0],"10":[0,0],"11":[0,0],"12":[0,0],"13":[0,0],"14":[0,0],"15":[0,0],"16":[0,0],"17":[0,0],"18":[0,0]},"_coverageSchema":"1a1c01bbd47fc00a2c39e90264f33305004495a9","hash":"2ef159cbe2336978d4336b9f15a7d0bea7f28a2d"}
,"/Users/nicolasta/Documents/Projet/chatApp/src/screens/chatPanels/memberList.js": {"path":"/Users/nicolasta/Documents/Projet/chatApp/src/screens/chatPanels/memberList.js","statementMap":{"0":{"start":{"line":19,"column":19},"end":{"line":219,"column":1}},"1":{"start":{"line":20,"column":40},"end":{"line":20,"column":45}},"2":{"start":{"line":21,"column":33},"end":{"line":21,"column":45}},"3":{"start":{"line":22,"column":28},"end":{"line":27,"column":4}},"4":{"start":{"line":28,"column":48},"end":{"line":28,"column":63}},"5":{"start":{"line":31,"column":2},"end":{"line":65,"column":5}},"6":{"start":{"line":32,"column":4},"end":{"line":32,"column":63}},"7":{"start":{"line":33,"column":4},"end":{"line":33,"column":57}},"8":{"start":{"line":34,"column":18},"end":{"line":34,"column":72}},"9":{"start":{"line":35,"column":4},"end":{"line":50,"column":5}},"10":{"start":{"line":36,"column":6},"end":{"line":47,"column":9}},"11":{"start":{"line":37,"column":8},"end":{"line":46,"column":9}},"12":{"start":{"line":38,"column":10},"end":{"line":38,"column":20}},"13":{"start":{"line":40,"column":10},"end":{"line":45,"column":13}},"14":{"start":{"line":49,"column":6},"end":{"line":49,"column":16}},"15":{"start":{"line":52,"column":4},"end":{"line":57,"column":6}},"16":{"start":{"line":53,"column":6},"end":{"line":53,"column":49}},"17":{"start":{"line":54,"column":6},"end":{"line":54,"column":46}},"18":{"start":{"line":55,"column":6},"end":{"line":55,"column":21}},"19":{"start":{"line":56,"column":6},"end":{"line":56,"column":38}},"20":{"start":{"line":68,"column":2},"end":{"line":70,"column":38}},"21":{"start":{"line":69,"column":4},"end":{"line":69,"column":14}},"22":{"start":{"line":73,"column":28},"end":{"line":76,"column":3}},"23":{"start":{"line":74,"column":10},"end":{"line":74,"column":42}},"24":{"start":{"line":78,"column":2},"end":{"line":85,"column":4}},"25":{"start":{"line":79,"column":4},"end":{"line":84,"column":7}},"26":{"start":{"line":86,"column":2},"end":{"line":99,"column":4}},"27":{"start":{"line":87,"column":4},"end":{"line":92,"column":7}},"28":{"start":{"line":93,"column":4},"end":{"line":98,"column":5}},"29":{"start":{"line":94,"column":6},"end":{"line":94,"column":16}},"30":{"start":{"line":97,"column":6},"end":{"line":97,"column":16}},"31":{"start":{"line":100,"column":2},"end":{"line":107,"column":4}},"32":{"start":{"line":101,"column":4},"end":{"line":106,"column":7}},"33":{"start":{"line":110,"column":25},"end":{"line":113,"column":3}},"34":{"start":{"line":111,"column":10},"end":{"line":111,"column":39}},"35":{"start":{"line":114,"column":2},"end":{"line":118,"column":4}},"36":{"start":{"line":115,"column":4},"end":{"line":117,"column":5}},"37":{"start":{"line":116,"column":6},"end":{"line":116,"column":54}},"38":{"start":{"line":119,"column":2},"end":{"line":125,"column":4}},"39":{"start":{"line":120,"column":4},"end":{"line":124,"column":5}},"40":{"start":{"line":121,"column":6},"end":{"line":121,"column":57}},"41":{"start":{"line":123,"column":6},"end":{"line":123,"column":26}},"42":{"start":{"line":127,"column":28},"end":{"line":136,"column":3}},"43":{"start":{"line":129,"column":6},"end":{"line":133,"column":7}},"44":{"start":{"line":130,"column":8},"end":{"line":130,"column":38}},"45":{"start":{"line":132,"column":8},"end":{"line":132,"column":38}},"46":{"start":{"line":138,"column":18},"end":{"line":162,"column":15}},"47":{"start":{"line":139,"column":4},"end":{"line":139,"column":38}},"48":{"start":{"line":141,"column":4},"end":{"line":161,"column":5}},"49":{"start":{"line":142,"column":22},"end":{"line":142,"column":58}},"50":{"start":{"line":144,"column":6},"end":{"line":157,"column":9}},"51":{"start":{"line":145,"column":8},"end":{"line":145,"column":40}},"52":{"start":{"line":146,"column":8},"end":{"line":156,"column":9}},"53":{"start":{"line":148,"column":10},"end":{"line":153,"column":13}},"54":{"start":{"line":155,"column":10},"end":{"line":155,"column":75}},"55":{"start":{"line":159,"column":6},"end":{"line":159,"column":38}},"56":{"start":{"line":160,"column":6},"end":{"line":160,"column":71}},"57":{"start":{"line":164,"column":2},"end":{"line":218,"column":4}},"58":{"start":{"line":175,"column":34},"end":{"line":175,"column":54}},"59":{"start":{"line":176,"column":32},"end":{"line":176,"column":43}},"60":{"start":{"line":197,"column":29},"end":{"line":197,"column":53}},"61":{"start":{"line":212,"column":29},"end":{"line":212,"column":54}},"62":{"start":{"line":221,"column":14},"end":{"line":236,"column":1}}},"fnMap":{"0":{"name":"(anonymous_0)","decl":{"start":{"line":19,"column":19},"end":{"line":19,"column":20}},"loc":{"start":{"line":19,"column":28},"end":{"line":219,"column":1}},"line":19},"1":{"name":"(anonymous_1)","decl":{"start":{"line":31,"column":12},"end":{"line":31,"column":13}},"loc":{"start":{"line":31,"column":18},"end":{"line":58,"column":3}},"line":31},"2":{"name":"(anonymous_2)","decl":{"start":{"line":36,"column":43},"end":{"line":36,"column":44}},"loc":{"start":{"line":36,"column":55},"end":{"line":47,"column":7}},"line":36},"3":{"name":"(anonymous_3)","decl":{"start":{"line":52,"column":11},"end":{"line":52,"column":12}},"loc":{"start":{"line":52,"column":17},"end":{"line":57,"column":5}},"line":52},"4":{"name":"(anonymous_4)","decl":{"start":{"line":68,"column":12},"end":{"line":68,"column":13}},"loc":{"start":{"line":68,"column":18},"end":{"line":70,"column":3}},"line":68},"5":{"name":"(anonymous_5)","decl":{"start":{"line":74,"column":4},"end":{"line":74,"column":5}},"loc":{"start":{"line":74,"column":10},"end":{"line":74,"column":42}},"line":74},"6":{"name":"(anonymous_6)","decl":{"start":{"line":78,"column":41},"end":{"line":78,"column":42}},"loc":{"start":{"line":78,"column":47},"end":{"line":85,"column":3}},"line":78},"7":{"name":"(anonymous_7)","decl":{"start":{"line":86,"column":43},"end":{"line":86,"column":44}},"loc":{"start":{"line":86,"column":49},"end":{"line":99,"column":3}},"line":86},"8":{"name":"(anonymous_8)","decl":{"start":{"line":100,"column":40},"end":{"line":100,"column":41}},"loc":{"start":{"line":100,"column":46},"end":{"line":107,"column":3}},"line":100},"9":{"name":"(anonymous_9)","decl":{"start":{"line":111,"column":4},"end":{"line":111,"column":5}},"loc":{"start":{"line":111,"column":10},"end":{"line":111,"column":39}},"line":111},"10":{"name":"(anonymous_10)","decl":{"start":{"line":114,"column":32},"end":{"line":114,"column":33}},"loc":{"start":{"line":114,"column":45},"end":{"line":118,"column":3}},"line":114},"11":{"name":"(anonymous_11)","decl":{"start":{"line":119,"column":30},"end":{"line":119,"column":31}},"loc":{"start":{"line":119,"column":43},"end":{"line":125,"column":3}},"line":119},"12":{"name":"(anonymous_12)","decl":{"start":{"line":128,"column":4},"end":{"line":128,"column":5}},"loc":{"start":{"line":128,"column":16},"end":{"line":134,"column":5}},"line":128},"13":{"name":"(anonymous_13)","decl":{"start":{"line":138,"column":30},"end":{"line":138,"column":31}},"loc":{"start":{"line":138,"column":36},"end":{"line":162,"column":3}},"line":138},"14":{"name":"(anonymous_14)","decl":{"start":{"line":144,"column":21},"end":{"line":144,"column":22}},"loc":{"start":{"line":144,"column":49},"end":{"line":157,"column":7}},"line":144},"15":{"name":"(anonymous_15)","decl":{"start":{"line":175,"column":22},"end":{"line":175,"column":23}},"loc":{"start":{"line":175,"column":34},"end":{"line":175,"column":54}},"line":175},"16":{"name":"(anonymous_16)","decl":{"start":{"line":176,"column":24},"end":{"line":176,"column":25}},"loc":{"start":{"line":176,"column":32},"end":{"line":176,"column":43}},"line":176},"17":{"name":"(anonymous_17)","decl":{"start":{"line":197,"column":23},"end":{"line":197,"column":24}},"loc":{"start":{"line":197,"column":29},"end":{"line":197,"column":53}},"line":197},"18":{"name":"(anonymous_18)","decl":{"start":{"line":212,"column":23},"end":{"line":212,"column":24}},"loc":{"start":{"line":212,"column":29},"end":{"line":212,"column":54}},"line":212}},"branchMap":{"0":{"loc":{"start":{"line":24,"column":6},"end":{"line":24,"column":78}},"type":"cond-expr","locations":[{"start":{"line":24,"column":40},"end":{"line":24,"column":55}},{"start":{"line":24,"column":58},"end":{"line":24,"column":78}}],"line":24},"1":{"loc":{"start":{"line":35,"column":4},"end":{"line":50,"column":5}},"type":"if","locations":[{"start":{"line":35,"column":4},"end":{"line":50,"column":5}},{"start":{"line":35,"column":4},"end":{"line":50,"column":5}}],"line":35},"2":{"loc":{"start":{"line":37,"column":8},"end":{"line":46,"column":9}},"type":"if","locations":[{"start":{"line":37,"column":8},"end":{"line":46,"column":9}},{"start":{"line":37,"column":8},"end":{"line":46,"column":9}}],"line":37},"3":{"loc":{"start":{"line":93,"column":4},"end":{"line":98,"column":5}},"type":"if","locations":[{"start":{"line":93,"column":4},"end":{"line":98,"column":5}},{"start":{"line":93,"column":4},"end":{"line":98,"column":5}}],"line":93},"4":{"loc":{"start":{"line":115,"column":4},"end":{"line":117,"column":5}},"type":"if","locations":[{"start":{"line":115,"column":4},"end":{"line":117,"column":5}},{"start":{"line":115,"column":4},"end":{"line":117,"column":5}}],"line":115},"5":{"loc":{"start":{"line":120,"column":4},"end":{"line":124,"column":5}},"type":"if","locations":[{"start":{"line":120,"column":4},"end":{"line":124,"column":5}},{"start":{"line":120,"column":4},"end":{"line":124,"column":5}}],"line":120},"6":{"loc":{"start":{"line":129,"column":6},"end":{"line":133,"column":7}},"type":"if","locations":[{"start":{"line":129,"column":6},"end":{"line":133,"column":7}},{"start":{"line":129,"column":6},"end":{"line":133,"column":7}}],"line":129},"7":{"loc":{"start":{"line":141,"column":4},"end":{"line":161,"column":5}},"type":"if","locations":[{"start":{"line":141,"column":4},"end":{"line":161,"column":5}},{"start":{"line":141,"column":4},"end":{"line":161,"column":5}}],"line":141},"8":{"loc":{"start":{"line":146,"column":8},"end":{"line":156,"column":9}},"type":"if","locations":[{"start":{"line":146,"column":8},"end":{"line":156,"column":9}},{"start":{"line":146,"column":8},"end":{"line":156,"column":9}}],"line":146},"9":{"loc":{"start":{"line":167,"column":46},"end":{"line":167,"column":75}},"type":"cond-expr","locations":[{"start":{"line":167,"column":70},"end":{"line":167,"column":71}},{"start":{"line":167,"column":74},"end":{"line":167,"column":75}}],"line":167},"10":{"loc":{"start":{"line":170,"column":11},"end":{"line":170,"column":77}},"type":"cond-expr","locations":[{"start":{"line":170,"column":44},"end":{"line":170,"column":65}},{"start":{"line":170,"column":68},"end":{"line":170,"column":77}}],"line":170},"11":{"loc":{"start":{"line":187,"column":12},"end":{"line":191,"column":13}},"type":"binary-expr","locations":[{"start":{"line":187,"column":12},"end":{"line":187,"column":23}},{"start":{"line":188,"column":14},"end":{"line":190,"column":20}}],"line":187},"12":{"loc":{"start":{"line":194,"column":9},"end":{"line":215,"column":21}},"type":"cond-expr","locations":[{"start":{"line":195,"column":10},"end":{"line":214,"column":16}},{"start":{"line":215,"column":12},"end":{"line":215,"column":21}}],"line":194}},"s":{"0":1,"1":0,"2":0,"3":0,"4":0,"5":0,"6":0,"7":0,"8":0,"9":0,"10":0,"11":0,"12":0,"13":0,"14":0,"15":0,"16":0,"17":0,"18":0,"19":0,"20":0,"21":0,"22":0,"23":0,"24":0,"25":0,"26":0,"27":0,"28":0,"29":0,"30":0,"31":0,"32":0,"33":0,"34":0,"35":0,"36":0,"37":0,"38":0,"39":0,"40":0,"41":0,"42":0,"43":0,"44":0,"45":0,"46":0,"47":0,"48":0,"49":0,"50":0,"51":0,"52":0,"53":0,"54":0,"55":0,"56":0,"57":0,"58":0,"59":0,"60":0,"61":0,"62":1},"f":{"0":0,"1":0,"2":0,"3":0,"4":0,"5":0,"6":0,"7":0,"8":0,"9":0,"10":0,"11":0,"12":0,"13":0,"14":0,"15":0,"16":0,"17":0,"18":0},"b":{"0":[0,0],"1":[0,0],"2":[0,0],"3":[0,0],"4":[0,0],"5":[0,0],"6":[0,0],"7":[0,0],"8":[0,0],"9":[0,0],"10":[0,0],"11":[0,0],"12":[0,0]},"_coverageSchema":"1a1c01bbd47fc00a2c39e90264f33305004495a9","hash":"f33aac7bc82b3fd7e5f07229e98eb28cc5d97a89"}
,"/Users/nicolasta/Documents/Projet/chatApp/src/styles/channel.style.js": {"path":"/Users/nicolasta/Documents/Projet/chatApp/src/styles/channel.style.js","statementMap":{},"fnMap":{},"branchMap":{},"s":{},"f":{},"b":{},"_coverageSchema":"1a1c01bbd47fc00a2c39e90264f33305004495a9","hash":"9e75c74d986ad952887259f1c2b2da1639ae334d"}
,"/Users/nicolasta/Documents/Projet/chatApp/src/styles/chat.style.js": {"path":"/Users/nicolasta/Documents/Projet/chatApp/src/styles/chat.style.js","statementMap":{},"fnMap":{},"branchMap":{},"s":{},"f":{},"b":{},"_coverageSchema":"1a1c01bbd47fc00a2c39e90264f33305004495a9","hash":"ad3a675c10a5893ab552458e4545f2d21d4fbde4"}
,"/Users/nicolasta/Documents/Projet/chatApp/src/styles/login.style.js": {"path":"/Users/nicolasta/Documents/Projet/chatApp/src/styles/login.style.js","statementMap":{},"fnMap":{},"branchMap":{},"s":{},"f":{},"b":{},"_coverageSchema":"1a1c01bbd47fc00a2c39e90264f33305004495a9","hash":"9edc5d5bdbf8a80debceafef5e318e1b401bacbb"}
,"/Users/nicolasta/Documents/Projet/chatApp/src/styles/member.style.js": {"path":"/Users/nicolasta/Documents/Projet/chatApp/src/styles/member.style.js","statementMap":{},"fnMap":{},"branchMap":{},"s":{},"f":{},"b":{},"_coverageSchema":"1a1c01bbd47fc00a2c39e90264f33305004495a9","hash":"5bb2c8ab279d8cf942450e15ec574194a51ab463"}
}
