{"/Users/nicolasta/Documents/Projet/chatApp/App.js": {"path":"/Users/nicolasta/Documents/Projet/chatApp/App.js","statementMap":{"0":{"start":{"line":19,"column":14},"end":{"line":19,"column":28}},"1":{"start":{"line":20,"column":17},"end":{"line":20,"column":38}},"2":{"start":{"line":21,"column":0},"end":{"line":21,"column":37}},"3":{"start":{"line":22,"column":14},"end":{"line":22,"column":36}},"4":{"start":{"line":24,"column":21},"end":{"line":26,"column":1}},"5":{"start":{"line":28,"column":12},"end":{"line":49,"column":1}},"6":{"start":{"line":29,"column":2},"end":{"line":48,"column":4}}},"fnMap":{"0":{"name":"(anonymous_0)","decl":{"start":{"line":28,"column":12},"end":{"line":28,"column":13}},"loc":{"start":{"line":28,"column":18},"end":{"line":49,"column":1}},"line":28}},"branchMap":{},"s":{"0":1,"1":1,"2":1,"3":1,"4":1,"5":1,"6":1},"f":{"0":1},"b":{},"_coverageSchema":"1a1c01bbd47fc00a2c39e90264f33305004495a9","hash":"09a00a9c8aa08e8e9f165703d3163bdcbcbdd8f4"}
,"/Users/nicolasta/Documents/Projet/chatApp/src/context.js": {"path":"/Users/nicolasta/Documents/Projet/chatApp/src/context.js","statementMap":{"0":{"start":{"line":3,"column":26},"end":{"line":3,"column":41}},"1":{"start":{"line":4,"column":30},"end":{"line":17,"column":1}},"2":{"start":{"line":5,"column":30},"end":{"line":15,"column":3}},"3":{"start":{"line":6,"column":4},"end":{"line":14,"column":6}},"4":{"start":{"line":9,"column":30},"end":{"line":9,"column":76}},"5":{"start":{"line":10,"column":30},"end":{"line":10,"column":56}},"6":{"start":{"line":11,"column":10},"end":{"line":11,"column":48}},"7":{"start":{"line":16,"column":2},"end":{"line":16,"column":29}}},"fnMap":{"0":{"name":"(anonymous_0)","decl":{"start":{"line":4,"column":30},"end":{"line":4,"column":31}},"loc":{"start":{"line":4,"column":68},"end":{"line":17,"column":1}},"line":4},"1":{"name":"(anonymous_1)","decl":{"start":{"line":5,"column":30},"end":{"line":5,"column":31}},"loc":{"start":{"line":5,"column":39},"end":{"line":15,"column":3}},"line":5},"2":{"name":"(anonymous_2)","decl":{"start":{"line":8,"column":9},"end":{"line":8,"column":10}},"loc":{"start":{"line":8,"column":18},"end":{"line":12,"column":9}},"line":8}},"branchMap":{"0":{"loc":{"start":{"line":4,"column":42},"end":{"line":4,"column":63}},"type":"default-arg","locations":[{"start":{"line":4,"column":59},"end":{"line":4,"column":63}}],"line":4},"1":{"loc":{"start":{"line":9,"column":30},"end":{"line":9,"column":76}},"type":"cond-expr","locations":[{"start":{"line":9,"column":47},"end":{"line":9,"column":68}},{"start":{"line":9,"column":71},"end":{"line":9,"column":76}}],"line":9}},"s":{"0":2,"1":2,"2":11,"3":0,"4":0,"5":0,"6":0,"7":11},"f":{"0":11,"1":0,"2":0},"b":{"0":[11],"1":[0,0]},"_coverageSchema":"1a1c01bbd47fc00a2c39e90264f33305004495a9","hash":"bc637c8f5a08b55f09d1db4c41ad24006f116d37"}
,"/Users/nicolasta/Documents/Projet/chatApp/src/assets/no-avatar.png": {"path":"/Users/nicolasta/Documents/Projet/chatApp/src/assets/no-avatar.png","statementMap":{"0":{"start":{"line":1,"column":0},"end":{"line":4,"column":6}}},"fnMap":{},"branchMap":{},"s":{"0":1},"f":{},"b":{},"inputSourceMap":null,"_coverageSchema":"1a1c01bbd47fc00a2c39e90264f33305004495a9","hash":"4c85628ad593a26db87b3c3a8b2c036a28b12456"}
,"/Users/nicolasta/Documents/Projet/chatApp/src/components/adminMessage.js": {"path":"/Users/nicolasta/Documents/Projet/chatApp/src/components/adminMessage.js","statementMap":{"0":{"start":{"line":6,"column":21},"end":{"line":15,"column":1}},"1":{"start":{"line":7,"column":20},"end":{"line":7,"column":25}},"2":{"start":{"line":8,"column":2},"end":{"line":14,"column":4}},"3":{"start":{"line":18,"column":14},"end":{"line":28,"column":1}}},"fnMap":{"0":{"name":"(anonymous_0)","decl":{"start":{"line":6,"column":21},"end":{"line":6,"column":22}},"loc":{"start":{"line":6,"column":30},"end":{"line":15,"column":1}},"line":6}},"branchMap":{},"s":{"0":1,"1":0,"2":0,"3":1},"f":{"0":0},"b":{},"_coverageSchema":"1a1c01bbd47fc00a2c39e90264f33305004495a9","hash":"b1d4a8864c910ace8ae66dda9e3b77c8b879a842"}
,"/Users/nicolasta/Documents/Projet/chatApp/src/components/channel.js": {"path":"/Users/nicolasta/Documents/Projet/chatApp/src/components/channel.js","statementMap":{"0":{"start":{"line":23,"column":16},"end":{"line":158,"column":1}},"1":{"start":{"line":25,"column":4},"end":{"line":25,"column":9}},"2":{"start":{"line":26,"column":26},"end":{"line":26,"column":38}},"3":{"start":{"line":27,"column":40},"end":{"line":27,"column":52}},"4":{"start":{"line":28,"column":54},"end":{"line":28,"column":66}},"5":{"start":{"line":29,"column":36},"end":{"line":29,"column":48}},"6":{"start":{"line":31,"column":28},"end":{"line":31,"column":58}},"7":{"start":{"line":34,"column":25},"end":{"line":37,"column":3}},"8":{"start":{"line":35,"column":10},"end":{"line":35,"column":39}},"9":{"start":{"line":38,"column":2},"end":{"line":45,"column":4}},"10":{"start":{"line":39,"column":4},"end":{"line":44,"column":5}},"11":{"start":{"line":40,"column":6},"end":{"line":40,"column":40}},"12":{"start":{"line":41,"column":6},"end":{"line":41,"column":40}},"13":{"start":{"line":42,"column":6},"end":{"line":42,"column":47}},"14":{"start":{"line":43,"column":6},"end":{"line":43,"column":38}},"15":{"start":{"line":46,"column":2},"end":{"line":52,"column":4}},"16":{"start":{"line":47,"column":4},"end":{"line":51,"column":5}},"17":{"start":{"line":48,"column":6},"end":{"line":50,"column":7}},"18":{"start":{"line":49,"column":8},"end":{"line":49,"column":42}},"19":{"start":{"line":53,"column":2},"end":{"line":59,"column":4}},"20":{"start":{"line":54,"column":4},"end":{"line":58,"column":5}},"21":{"start":{"line":55,"column":6},"end":{"line":57,"column":7}},"22":{"start":{"line":56,"column":8},"end":{"line":56,"column":42}},"23":{"start":{"line":64,"column":28},"end":{"line":66,"column":3}},"24":{"start":{"line":65,"column":4},"end":{"line":65,"column":43}},"25":{"start":{"line":71,"column":28},"end":{"line":80,"column":3}},"26":{"start":{"line":72,"column":4},"end":{"line":79,"column":5}},"27":{"start":{"line":73,"column":22},"end":{"line":73,"column":44}},"28":{"start":{"line":74,"column":6},"end":{"line":78,"column":7}},"29":{"start":{"line":75,"column":8},"end":{"line":75,"column":40}},"30":{"start":{"line":76,"column":13},"end":{"line":78,"column":7}},"31":{"start":{"line":77,"column":8},"end":{"line":77,"column":37}},"32":{"start":{"line":85,"column":35},"end":{"line":98,"column":3}},"33":{"start":{"line":87,"column":6},"end":{"line":87,"column":66}},"34":{"start":{"line":88,"column":6},"end":{"line":95,"column":9}},"35":{"start":{"line":89,"column":8},"end":{"line":91,"column":9}},"36":{"start":{"line":92,"column":8},"end":{"line":94,"column":9}},"37":{"start":{"line":93,"column":10},"end":{"line":93,"column":34}},"38":{"start":{"line":103,"column":26},"end":{"line":111,"column":3}},"39":{"start":{"line":104,"column":4},"end":{"line":110,"column":6}},"40":{"start":{"line":113,"column":2},"end":{"line":123,"column":68}},"41":{"start":{"line":115,"column":4},"end":{"line":115,"column":73}},"42":{"start":{"line":116,"column":4},"end":{"line":116,"column":31}},"43":{"start":{"line":117,"column":4},"end":{"line":117,"column":31}},"44":{"start":{"line":118,"column":4},"end":{"line":118,"column":38}},"45":{"start":{"line":119,"column":4},"end":{"line":119,"column":29}},"46":{"start":{"line":120,"column":4},"end":{"line":122,"column":6}},"47":{"start":{"line":121,"column":6},"end":{"line":121,"column":62}},"48":{"start":{"line":124,"column":2},"end":{"line":157,"column":4}},"49":{"start":{"line":131,"column":21},"end":{"line":131,"column":37}}},"fnMap":{"0":{"name":"(anonymous_0)","decl":{"start":{"line":23,"column":16},"end":{"line":23,"column":17}},"loc":{"start":{"line":23,"column":25},"end":{"line":158,"column":1}},"line":23},"1":{"name":"(anonymous_1)","decl":{"start":{"line":35,"column":4},"end":{"line":35,"column":5}},"loc":{"start":{"line":35,"column":10},"end":{"line":35,"column":39}},"line":35},"2":{"name":"(anonymous_2)","decl":{"start":{"line":38,"column":36},"end":{"line":38,"column":37}},"loc":{"start":{"line":38,"column":54},"end":{"line":45,"column":3}},"line":38},"3":{"name":"(anonymous_3)","decl":{"start":{"line":46,"column":32},"end":{"line":46,"column":33}},"loc":{"start":{"line":46,"column":58},"end":{"line":52,"column":3}},"line":46},"4":{"name":"(anonymous_4)","decl":{"start":{"line":53,"column":30},"end":{"line":53,"column":31}},"loc":{"start":{"line":53,"column":56},"end":{"line":59,"column":3}},"line":53},"5":{"name":"(anonymous_5)","decl":{"start":{"line":64,"column":28},"end":{"line":64,"column":29}},"loc":{"start":{"line":64,"column":42},"end":{"line":66,"column":3}},"line":64},"6":{"name":"(anonymous_6)","decl":{"start":{"line":71,"column":28},"end":{"line":71,"column":29}},"loc":{"start":{"line":71,"column":42},"end":{"line":80,"column":3}},"line":71},"7":{"name":"(anonymous_7)","decl":{"start":{"line":86,"column":4},"end":{"line":86,"column":5}},"loc":{"start":{"line":86,"column":18},"end":{"line":96,"column":5}},"line":86},"8":{"name":"(anonymous_8)","decl":{"start":{"line":88,"column":42},"end":{"line":88,"column":43}},"loc":{"start":{"line":88,"column":60},"end":{"line":95,"column":7}},"line":88},"9":{"name":"(anonymous_9)","decl":{"start":{"line":103,"column":26},"end":{"line":103,"column":27}},"loc":{"start":{"line":103,"column":40},"end":{"line":111,"column":3}},"line":103},"10":{"name":"(anonymous_10)","decl":{"start":{"line":113,"column":12},"end":{"line":113,"column":13}},"loc":{"start":{"line":113,"column":18},"end":{"line":123,"column":3}},"line":113},"11":{"name":"(anonymous_11)","decl":{"start":{"line":120,"column":11},"end":{"line":120,"column":12}},"loc":{"start":{"line":120,"column":17},"end":{"line":122,"column":5}},"line":120},"12":{"name":"(anonymous_12)","decl":{"start":{"line":131,"column":15},"end":{"line":131,"column":16}},"loc":{"start":{"line":131,"column":21},"end":{"line":131,"column":37}},"line":131}},"branchMap":{"0":{"loc":{"start":{"line":39,"column":4},"end":{"line":44,"column":5}},"type":"if","locations":[{"start":{"line":39,"column":4},"end":{"line":44,"column":5}},{"start":{"line":39,"column":4},"end":{"line":44,"column":5}}],"line":39},"1":{"loc":{"start":{"line":47,"column":4},"end":{"line":51,"column":5}},"type":"if","locations":[{"start":{"line":47,"column":4},"end":{"line":51,"column":5}},{"start":{"line":47,"column":4},"end":{"line":51,"column":5}}],"line":47},"2":{"loc":{"start":{"line":48,"column":6},"end":{"line":50,"column":7}},"type":"if","locations":[{"start":{"line":48,"column":6},"end":{"line":50,"column":7}},{"start":{"line":48,"column":6},"end":{"line":50,"column":7}}],"line":48},"3":{"loc":{"start":{"line":54,"column":4},"end":{"line":58,"column":5}},"type":"if","locations":[{"start":{"line":54,"column":4},"end":{"line":58,"column":5}},{"start":{"line":54,"column":4},"end":{"line":58,"column":5}}],"line":54},"4":{"loc":{"start":{"line":55,"column":6},"end":{"line":57,"column":7}},"type":"if","locations":[{"start":{"line":55,"column":6},"end":{"line":57,"column":7}},{"start":{"line":55,"column":6},"end":{"line":57,"column":7}}],"line":55},"5":{"loc":{"start":{"line":72,"column":4},"end":{"line":79,"column":5}},"type":"if","locations":[{"start":{"line":72,"column":4},"end":{"line":79,"column":5}},{"start":{"line":72,"column":4},"end":{"line":79,"column":5}}],"line":72},"6":{"loc":{"start":{"line":74,"column":6},"end":{"line":78,"column":7}},"type":"if","locations":[{"start":{"line":74,"column":6},"end":{"line":78,"column":7}},{"start":{"line":74,"column":6},"end":{"line":78,"column":7}}],"line":74},"7":{"loc":{"start":{"line":76,"column":13},"end":{"line":78,"column":7}},"type":"if","locations":[{"start":{"line":76,"column":13},"end":{"line":78,"column":7}},{"start":{"line":76,"column":13},"end":{"line":78,"column":7}}],"line":76},"8":{"loc":{"start":{"line":89,"column":8},"end":{"line":91,"column":9}},"type":"if","locations":[{"start":{"line":89,"column":8},"end":{"line":91,"column":9}},{"start":{"line":89,"column":8},"end":{"line":91,"column":9}}],"line":89},"9":{"loc":{"start":{"line":92,"column":8},"end":{"line":94,"column":9}},"type":"if","locations":[{"start":{"line":92,"column":8},"end":{"line":94,"column":9}},{"start":{"line":92,"column":8},"end":{"line":94,"column":9}}],"line":92},"10":{"loc":{"start":{"line":106,"column":8},"end":{"line":108,"column":32}},"type":"cond-expr","locations":[{"start":{"line":107,"column":12},"end":{"line":107,"column":44}},{"start":{"line":108,"column":12},"end":{"line":108,"column":32}}],"line":106},"11":{"loc":{"start":{"line":129,"column":25},"end":{"line":129,"column":72}},"type":"cond-expr","locations":[{"start":{"line":129,"column":44},"end":{"line":129,"column":53}},{"start":{"line":129,"column":56},"end":{"line":129,"column":72}}],"line":129},"12":{"loc":{"start":{"line":134,"column":10},"end":{"line":136,"column":55}},"type":"cond-expr","locations":[{"start":{"line":135,"column":14},"end":{"line":135,"column":37}},{"start":{"line":136,"column":14},"end":{"line":136,"column":55}}],"line":134},"13":{"loc":{"start":{"line":148,"column":9},"end":{"line":154,"column":16}},"type":"cond-expr","locations":[{"start":{"line":149,"column":10},"end":{"line":153,"column":16}},{"start":{"line":154,"column":12},"end":{"line":154,"column":16}}],"line":148}},"s":{"0":1,"1":0,"2":0,"3":0,"4":0,"5":0,"6":0,"7":0,"8":0,"9":0,"10":0,"11":0,"12":0,"13":0,"14":0,"15":0,"16":0,"17":0,"18":0,"19":0,"20":0,"21":0,"22":0,"23":0,"24":0,"25":0,"26":0,"27":0,"28":0,"29":0,"30":0,"31":0,"32":0,"33":0,"34":0,"35":0,"36":0,"37":0,"38":0,"39":0,"40":0,"41":0,"42":0,"43":0,"44":0,"45":0,"46":0,"47":0,"48":0,"49":0},"f":{"0":0,"1":0,"2":0,"3":0,"4":0,"5":0,"6":0,"7":0,"8":0,"9":0,"10":0,"11":0,"12":0},"b":{"0":[0,0],"1":[0,0],"2":[0,0],"3":[0,0],"4":[0,0],"5":[0,0],"6":[0,0],"7":[0,0],"8":[0,0],"9":[0,0],"10":[0,0],"11":[0,0],"12":[0,0],"13":[0,0]},"_coverageSchema":"1a1c01bbd47fc00a2c39e90264f33305004495a9","hash":"d4cb5904cdbb54709e1883f80a1be546cfed9345"}
,"/Users/nicolasta/Documents/Projet/chatApp/src/components/channelList.js": {"path":"/Users/nicolasta/Documents/Projet/chatApp/src/components/channelList.js","statementMap":{"0":{"start":{"line":8,"column":20},"end":{"line":52,"column":1}},"1":{"start":{"line":9,"column":45},"end":{"line":9,"column":50}},"2":{"start":{"line":10,"column":2},"end":{"line":51,"column":4}},"3":{"start":{"line":17,"column":10},"end":{"line":23,"column":12}},"4":{"start":{"line":22,"column":32},"end":{"line":22,"column":60}},"5":{"start":{"line":25,"column":30},"end":{"line":25,"column":38}},"6":{"start":{"line":47,"column":28},"end":{"line":47,"column":40}}},"fnMap":{"0":{"name":"(anonymous_0)","decl":{"start":{"line":8,"column":20},"end":{"line":8,"column":21}},"loc":{"start":{"line":8,"column":29},"end":{"line":52,"column":1}},"line":8},"1":{"name":"(anonymous_1)","decl":{"start":{"line":16,"column":20},"end":{"line":16,"column":21}},"loc":{"start":{"line":17,"column":10},"end":{"line":23,"column":12}},"line":17},"2":{"name":"(anonymous_2)","decl":{"start":{"line":22,"column":21},"end":{"line":22,"column":22}},"loc":{"start":{"line":22,"column":32},"end":{"line":22,"column":60}},"line":22},"3":{"name":"(anonymous_3)","decl":{"start":{"line":25,"column":22},"end":{"line":25,"column":23}},"loc":{"start":{"line":25,"column":30},"end":{"line":25,"column":38}},"line":25},"4":{"name":"(anonymous_4)","decl":{"start":{"line":47,"column":22},"end":{"line":47,"column":23}},"loc":{"start":{"line":47,"column":28},"end":{"line":47,"column":40}},"line":47}},"branchMap":{"0":{"loc":{"start":{"line":36,"column":10},"end":{"line":40,"column":11}},"type":"binary-expr","locations":[{"start":{"line":36,"column":10},"end":{"line":36,"column":21}},{"start":{"line":37,"column":12},"end":{"line":39,"column":18}}],"line":36}},"s":{"0":1,"1":0,"2":0,"3":0,"4":0,"5":0,"6":0},"f":{"0":0,"1":0,"2":0,"3":0,"4":0},"b":{"0":[0,0]},"_coverageSchema":"1a1c01bbd47fc00a2c39e90264f33305004495a9","hash":"6dcf8bf32602d8079e5e6e309a861ab1beb8c640"}
,"/Users/nicolasta/Documents/Projet/chatApp/src/components/index.js": {"path":"/Users/nicolasta/Documents/Projet/chatApp/src/components/index.js","statementMap":{},"fnMap":{},"branchMap":{},"s":{},"f":{},"b":{},"_coverageSchema":"1a1c01bbd47fc00a2c39e90264f33305004495a9","hash":"3a28124db55dc8b0d6a13a87af1539f1d0f94c67"}
,"/Users/nicolasta/Documents/Projet/chatApp/src/components/inviteModal.js": {"path":"/Users/nicolasta/Documents/Projet/chatApp/src/components/inviteModal.js","statementMap":{"0":{"start":{"line":9,"column":20},"end":{"line":202,"column":1}},"1":{"start":{"line":10,"column":58},"end":{"line":10,"column":63}},"2":{"start":{"line":11,"column":33},"end":{"line":11,"column":45}},"3":{"start":{"line":13,"column":28},"end":{"line":19,"column":4}},"4":{"start":{"line":22,"column":2},"end":{"line":24,"column":22}},"5":{"start":{"line":23,"column":4},"end":{"line":23,"column":20}},"6":{"start":{"line":27,"column":24},"end":{"line":61,"column":65}},"7":{"start":{"line":28,"column":4},"end":{"line":28,"column":38}},"8":{"start":{"line":30,"column":20},"end":{"line":30,"column":61}},"9":{"start":{"line":31,"column":4},"end":{"line":31,"column":26}},"10":{"start":{"line":33,"column":4},"end":{"line":60,"column":7}},"11":{"start":{"line":34,"column":6},"end":{"line":59,"column":7}},"12":{"start":{"line":35,"column":8},"end":{"line":40,"column":11}},"13":{"start":{"line":42,"column":8},"end":{"line":57,"column":9}},"14":{"start":{"line":44,"column":24},"end":{"line":44,"column":34}},"15":{"start":{"line":45,"column":30},"end":{"line":47,"column":12}},"16":{"start":{"line":46,"column":12},"end":{"line":46,"column":78}},"17":{"start":{"line":48,"column":10},"end":{"line":55,"column":11}},"18":{"start":{"line":49,"column":12},"end":{"line":54,"column":14}},"19":{"start":{"line":51,"column":16},"end":{"line":53,"column":18}},"20":{"start":{"line":52,"column":18},"end":{"line":52,"column":55}},"21":{"start":{"line":56,"column":10},"end":{"line":56,"column":75}},"22":{"start":{"line":58,"column":8},"end":{"line":58,"column":40}},"23":{"start":{"line":64,"column":30},"end":{"line":77,"column":3}},"24":{"start":{"line":65,"column":4},"end":{"line":76,"column":5}},"25":{"start":{"line":66,"column":6},"end":{"line":66,"column":42}},"26":{"start":{"line":67,"column":6},"end":{"line":67,"column":32}},"27":{"start":{"line":69,"column":6},"end":{"line":69,"column":38}},"28":{"start":{"line":70,"column":6},"end":{"line":75,"column":9}},"29":{"start":{"line":80,"column":29},"end":{"line":88,"column":3}},"30":{"start":{"line":81,"column":4},"end":{"line":87,"column":5}},"31":{"start":{"line":82,"column":6},"end":{"line":82,"column":40}},"32":{"start":{"line":83,"column":21},"end":{"line":83,"column":54}},"33":{"start":{"line":84,"column":6},"end":{"line":84,"column":43}},"34":{"start":{"line":85,"column":6},"end":{"line":85,"column":31}},"35":{"start":{"line":86,"column":6},"end":{"line":86,"column":71}},"36":{"start":{"line":91,"column":23},"end":{"line":103,"column":3}},"37":{"start":{"line":92,"column":4},"end":{"line":102,"column":5}},"38":{"start":{"line":93,"column":6},"end":{"line":93,"column":42}},"39":{"start":{"line":94,"column":6},"end":{"line":94,"column":22}},"40":{"start":{"line":96,"column":6},"end":{"line":101,"column":9}},"41":{"start":{"line":106,"column":17},"end":{"line":119,"column":3}},"42":{"start":{"line":107,"column":4},"end":{"line":118,"column":5}},"43":{"start":{"line":108,"column":6},"end":{"line":108,"column":40}},"44":{"start":{"line":110,"column":6},"end":{"line":110,"column":56}},"45":{"start":{"line":112,"column":6},"end":{"line":117,"column":9}},"46":{"start":{"line":122,"column":19},"end":{"line":128,"column":3}},"47":{"start":{"line":123,"column":4},"end":{"line":127,"column":5}},"48":{"start":{"line":124,"column":6},"end":{"line":124,"column":55}},"49":{"start":{"line":126,"column":6},"end":{"line":126,"column":57}},"50":{"start":{"line":133,"column":4},"end":{"line":157,"column":6}},"51":{"start":{"line":136,"column":8},"end":{"line":141,"column":10}},"52":{"start":{"line":143,"column":28},"end":{"line":143,"column":39}},"53":{"start":{"line":161,"column":4},"end":{"line":198,"column":12}},"54":{"start":{"line":164,"column":8},"end":{"line":164,"column":44}},"55":{"start":{"line":165,"column":8},"end":{"line":165,"column":24}},"56":{"start":{"line":184,"column":16},"end":{"line":184,"column":52}},"57":{"start":{"line":185,"column":16},"end":{"line":185,"column":32}},"58":{"start":{"line":191,"column":16},"end":{"line":191,"column":61}},"59":{"start":{"line":201,"column":2},"end":{"line":201,"column":15}}},"fnMap":{"0":{"name":"(anonymous_0)","decl":{"start":{"line":9,"column":20},"end":{"line":9,"column":21}},"loc":{"start":{"line":9,"column":29},"end":{"line":202,"column":1}},"line":9},"1":{"name":"(anonymous_1)","decl":{"start":{"line":22,"column":12},"end":{"line":22,"column":13}},"loc":{"start":{"line":22,"column":18},"end":{"line":24,"column":3}},"line":22},"2":{"name":"(anonymous_2)","decl":{"start":{"line":27,"column":36},"end":{"line":27,"column":37}},"loc":{"start":{"line":27,"column":42},"end":{"line":61,"column":3}},"line":27},"3":{"name":"(anonymous_3)","decl":{"start":{"line":33,"column":19},"end":{"line":33,"column":20}},"loc":{"start":{"line":33,"column":37},"end":{"line":60,"column":5}},"line":33},"4":{"name":"(anonymous_4)","decl":{"start":{"line":45,"column":43},"end":{"line":45,"column":44}},"loc":{"start":{"line":45,"column":51},"end":{"line":47,"column":11}},"line":45},"5":{"name":"(anonymous_5)","decl":{"start":{"line":50,"column":14},"end":{"line":50,"column":15}},"loc":{"start":{"line":51,"column":16},"end":{"line":53,"column":18}},"line":51},"6":{"name":"(anonymous_6)","decl":{"start":{"line":51,"column":38},"end":{"line":51,"column":39}},"loc":{"start":{"line":51,"column":48},"end":{"line":53,"column":17}},"line":51},"7":{"name":"(anonymous_7)","decl":{"start":{"line":64,"column":30},"end":{"line":64,"column":31}},"loc":{"start":{"line":64,"column":51},"end":{"line":77,"column":3}},"line":64},"8":{"name":"(anonymous_8)","decl":{"start":{"line":80,"column":29},"end":{"line":80,"column":30}},"loc":{"start":{"line":80,"column":35},"end":{"line":88,"column":3}},"line":80},"9":{"name":"(anonymous_9)","decl":{"start":{"line":91,"column":23},"end":{"line":91,"column":24}},"loc":{"start":{"line":91,"column":35},"end":{"line":103,"column":3}},"line":91},"10":{"name":"(anonymous_10)","decl":{"start":{"line":106,"column":17},"end":{"line":106,"column":18}},"loc":{"start":{"line":106,"column":23},"end":{"line":119,"column":3}},"line":106},"11":{"name":"(anonymous_11)","decl":{"start":{"line":122,"column":19},"end":{"line":122,"column":20}},"loc":{"start":{"line":122,"column":27},"end":{"line":128,"column":3}},"line":122},"12":{"name":"(anonymous_12)","decl":{"start":{"line":135,"column":18},"end":{"line":135,"column":19}},"loc":{"start":{"line":136,"column":8},"end":{"line":141,"column":10}},"line":136},"13":{"name":"(anonymous_13)","decl":{"start":{"line":143,"column":20},"end":{"line":143,"column":21}},"loc":{"start":{"line":143,"column":28},"end":{"line":143,"column":39}},"line":143},"14":{"name":"(anonymous_14)","decl":{"start":{"line":163,"column":15},"end":{"line":163,"column":16}},"loc":{"start":{"line":163,"column":21},"end":{"line":166,"column":7}},"line":163},"15":{"name":"(anonymous_15)","decl":{"start":{"line":183,"column":23},"end":{"line":183,"column":24}},"loc":{"start":{"line":183,"column":29},"end":{"line":186,"column":15}},"line":183},"16":{"name":"(anonymous_16)","decl":{"start":{"line":190,"column":23},"end":{"line":190,"column":24}},"loc":{"start":{"line":190,"column":29},"end":{"line":192,"column":15}},"line":190}},"branchMap":{"0":{"loc":{"start":{"line":34,"column":6},"end":{"line":59,"column":7}},"type":"if","locations":[{"start":{"line":34,"column":6},"end":{"line":59,"column":7}},{"start":{"line":34,"column":6},"end":{"line":59,"column":7}}],"line":34},"1":{"loc":{"start":{"line":42,"column":8},"end":{"line":57,"column":9}},"type":"if","locations":[{"start":{"line":42,"column":8},"end":{"line":57,"column":9}},{"start":{"line":42,"column":8},"end":{"line":57,"column":9}}],"line":42},"2":{"loc":{"start":{"line":46,"column":19},"end":{"line":46,"column":77}},"type":"binary-expr","locations":[{"start":{"line":46,"column":19},"end":{"line":46,"column":53}},{"start":{"line":46,"column":57},"end":{"line":46,"column":77}}],"line":46},"3":{"loc":{"start":{"line":48,"column":10},"end":{"line":55,"column":11}},"type":"if","locations":[{"start":{"line":48,"column":10},"end":{"line":55,"column":11}},{"start":{"line":48,"column":10},"end":{"line":55,"column":11}}],"line":48},"4":{"loc":{"start":{"line":65,"column":4},"end":{"line":76,"column":5}},"type":"if","locations":[{"start":{"line":65,"column":4},"end":{"line":76,"column":5}},{"start":{"line":65,"column":4},"end":{"line":76,"column":5}}],"line":65},"5":{"loc":{"start":{"line":81,"column":4},"end":{"line":87,"column":5}},"type":"if","locations":[{"start":{"line":81,"column":4},"end":{"line":87,"column":5}},{"start":{"line":81,"column":4},"end":{"line":87,"column":5}}],"line":81},"6":{"loc":{"start":{"line":92,"column":4},"end":{"line":102,"column":5}},"type":"if","locations":[{"start":{"line":92,"column":4},"end":{"line":102,"column":5}},{"start":{"line":92,"column":4},"end":{"line":102,"column":5}}],"line":92},"7":{"loc":{"start":{"line":107,"column":4},"end":{"line":118,"column":5}},"type":"if","locations":[{"start":{"line":107,"column":4},"end":{"line":118,"column":5}},{"start":{"line":107,"column":4},"end":{"line":118,"column":5}}],"line":107},"8":{"loc":{"start":{"line":123,"column":4},"end":{"line":127,"column":5}},"type":"if","locations":[{"start":{"line":123,"column":4},"end":{"line":127,"column":5}},{"start":{"line":123,"column":4},"end":{"line":127,"column":5}}],"line":123},"9":{"loc":{"start":{"line":146,"column":8},"end":{"line":150,"column":9}},"type":"binary-expr","locations":[{"start":{"line":146,"column":8},"end":{"line":146,"column":19}},{"start":{"line":147,"column":10},"end":{"line":149,"column":16}}],"line":146},"10":{"loc":{"start":{"line":172,"column":9},"end":{"line":179,"column":9}},"type":"cond-expr","locations":[{"start":{"line":173,"column":10},"end":{"line":176,"column":19}},{"start":{"line":178,"column":10},"end":{"line":178,"column":18}}],"line":172},"11":{"loc":{"start":{"line":191,"column":16},"end":{"line":191,"column":60}},"type":"cond-expr","locations":[{"start":{"line":191,"column":29},"end":{"line":191,"column":49}},{"start":{"line":191,"column":52},"end":{"line":191,"column":60}}],"line":191}},"s":{"0":1,"1":0,"2":0,"3":0,"4":0,"5":0,"6":0,"7":0,"8":0,"9":0,"10":0,"11":0,"12":0,"13":0,"14":0,"15":0,"16":0,"17":0,"18":0,"19":0,"20":0,"21":0,"22":0,"23":0,"24":0,"25":0,"26":0,"27":0,"28":0,"29":0,"30":0,"31":0,"32":0,"33":0,"34":0,"35":0,"36":0,"37":0,"38":0,"39":0,"40":0,"41":0,"42":0,"43":0,"44":0,"45":0,"46":0,"47":0,"48":0,"49":0,"50":0,"51":0,"52":0,"53":0,"54":0,"55":0,"56":0,"57":0,"58":0,"59":0},"f":{"0":0,"1":0,"2":0,"3":0,"4":0,"5":0,"6":0,"7":0,"8":0,"9":0,"10":0,"11":0,"12":0,"13":0,"14":0,"15":0,"16":0},"b":{"0":[0,0],"1":[0,0],"2":[0,0],"3":[0,0],"4":[0,0],"5":[0,0],"6":[0,0],"7":[0,0],"8":[0,0],"9":[0,0],"10":[0,0],"11":[0,0]},"_coverageSchema":"1a1c01bbd47fc00a2c39e90264f33305004495a9","hash":"8ac2fe5c49ee06f3fc20cd24c96a4b8f724d624b"}
,"/Users/nicolasta/Documents/Projet/chatApp/src/components/message.js": {"path":"/Users/nicolasta/Documents/Projet/chatApp/src/components/message.js","statementMap":{"0":{"start":{"line":7,"column":16},"end":{"line":16,"column":1}},"1":{"start":{"line":8,"column":20},"end":{"line":8,"column":25}},"2":{"start":{"line":9,"column":18},"end":{"line":9,"column":22}},"3":{"start":{"line":10,"column":2},"end":{"line":14,"column":3}},"4":{"start":{"line":11,"column":4},"end":{"line":11,"column":43}},"5":{"start":{"line":12,"column":9},"end":{"line":14,"column":3}},"6":{"start":{"line":13,"column":4},"end":{"line":13,"column":44}},"7":{"start":{"line":15,"column":2},"end":{"line":15,"column":19}}},"fnMap":{"0":{"name":"(anonymous_0)","decl":{"start":{"line":7,"column":16},"end":{"line":7,"column":17}},"loc":{"start":{"line":7,"column":25},"end":{"line":16,"column":1}},"line":7}},"branchMap":{"0":{"loc":{"start":{"line":10,"column":2},"end":{"line":14,"column":3}},"type":"if","locations":[{"start":{"line":10,"column":2},"end":{"line":14,"column":3}},{"start":{"line":10,"column":2},"end":{"line":14,"column":3}}],"line":10},"1":{"loc":{"start":{"line":12,"column":9},"end":{"line":14,"column":3}},"type":"if","locations":[{"start":{"line":12,"column":9},"end":{"line":14,"column":3}},{"start":{"line":12,"column":9},"end":{"line":14,"column":3}}],"line":12}},"s":{"0":1,"1":0,"2":0,"3":0,"4":0,"5":0,"6":0,"7":0},"f":{"0":0},"b":{"0":[0,0],"1":[0,0]},"_coverageSchema":"1a1c01bbd47fc00a2c39e90264f33305004495a9","hash":"e354ff648c48761950f9ff20278af2dc6281db14"}
,"/Users/nicolasta/Documents/Projet/chatApp/src/components/user.js": {"path":"/Users/nicolasta/Documents/Projet/chatApp/src/components/user.js","statementMap":{"0":{"start":{"line":8,"column":16},"end":{"line":8,"column":48}},"1":{"start":{"line":10,"column":13},"end":{"line":40,"column":1}},"2":{"start":{"line":11,"column":49},"end":{"line":11,"column":54}},"3":{"start":{"line":12,"column":30},"end":{"line":12,"column":48}},"4":{"start":{"line":13,"column":18},"end":{"line":18,"column":3}},"5":{"start":{"line":14,"column":4},"end":{"line":17,"column":5}},"6":{"start":{"line":15,"column":6},"end":{"line":15,"column":25}},"7":{"start":{"line":16,"column":6},"end":{"line":16,"column":21}},"8":{"start":{"line":19,"column":2},"end":{"line":39,"column":4}},"9":{"start":{"line":26,"column":21},"end":{"line":26,"column":30}},"10":{"start":{"line":42,"column":14},"end":{"line":69,"column":1}}},"fnMap":{"0":{"name":"(anonymous_0)","decl":{"start":{"line":10,"column":13},"end":{"line":10,"column":14}},"loc":{"start":{"line":10,"column":22},"end":{"line":40,"column":1}},"line":10},"1":{"name":"(anonymous_1)","decl":{"start":{"line":13,"column":18},"end":{"line":13,"column":19}},"loc":{"start":{"line":13,"column":24},"end":{"line":18,"column":3}},"line":13},"2":{"name":"(anonymous_2)","decl":{"start":{"line":26,"column":15},"end":{"line":26,"column":16}},"loc":{"start":{"line":26,"column":21},"end":{"line":26,"column":30}},"line":26}},"branchMap":{"0":{"loc":{"start":{"line":14,"column":4},"end":{"line":17,"column":5}},"type":"if","locations":[{"start":{"line":14,"column":4},"end":{"line":17,"column":5}},{"start":{"line":14,"column":4},"end":{"line":17,"column":5}}],"line":14},"1":{"loc":{"start":{"line":24,"column":25},"end":{"line":24,"column":58}},"type":"cond-expr","locations":[{"start":{"line":24,"column":36},"end":{"line":24,"column":46}},{"start":{"line":24,"column":49},"end":{"line":24,"column":58}}],"line":24},"2":{"loc":{"start":{"line":29,"column":18},"end":{"line":29,"column":75}},"type":"cond-expr","locations":[{"start":{"line":29,"column":43},"end":{"line":29,"column":65}},{"start":{"line":29,"column":68},"end":{"line":29,"column":75}}],"line":29},"3":{"loc":{"start":{"line":32,"column":9},"end":{"line":34,"column":9}},"type":"binary-expr","locations":[{"start":{"line":32,"column":9},"end":{"line":32,"column":17}},{"start":{"line":33,"column":10},"end":{"line":33,"column":79}}],"line":32},"4":{"loc":{"start":{"line":35,"column":9},"end":{"line":35,"column":74}},"type":"binary-expr","locations":[{"start":{"line":35,"column":9},"end":{"line":35,"column":43}},{"start":{"line":35,"column":47},"end":{"line":35,"column":74}}],"line":35},"5":{"loc":{"start":{"line":37,"column":36},"end":{"line":37,"column":64}},"type":"binary-expr","locations":[{"start":{"line":37,"column":36},"end":{"line":37,"column":49}},{"start":{"line":37,"column":53},"end":{"line":37,"column":64}}],"line":37}},"s":{"0":1,"1":1,"2":0,"3":0,"4":0,"5":0,"6":0,"7":0,"8":0,"9":0,"10":1},"f":{"0":0,"1":0,"2":0},"b":{"0":[0,0],"1":[0,0],"2":[0,0],"3":[0,0],"4":[0,0],"5":[0,0]},"_coverageSchema":"1a1c01bbd47fc00a2c39e90264f33305004495a9","hash":"0211c4ccd90e8982486c27d1e84ba17826202add"}
,"/Users/nicolasta/Documents/Projet/chatApp/src/components/userMessage.js": {"path":"/Users/nicolasta/Documents/Projet/chatApp/src/components/userMessage.js","statementMap":{"0":{"start":{"line":9,"column":16},"end":{"line":9,"column":50}},"1":{"start":{"line":11,"column":20},"end":{"line":96,"column":1}},"2":{"start":{"line":12,"column":30},"end":{"line":12,"column":35}},"3":{"start":{"line":13,"column":22},"end":{"line":13,"column":75}},"4":{"start":{"line":14,"column":34},"end":{"line":14,"column":49}},"5":{"start":{"line":16,"column":2},"end":{"line":22,"column":32}},"6":{"start":{"line":17,"column":27},"end":{"line":17,"column":56}},"7":{"start":{"line":18,"column":4},"end":{"line":18,"column":75}},"8":{"start":{"line":19,"column":4},"end":{"line":21,"column":6}},"9":{"start":{"line":20,"column":6},"end":{"line":20,"column":64}},"10":{"start":{"line":24,"column":2},"end":{"line":95,"column":4}},"11":{"start":{"line":27,"column":21},"end":{"line":27,"column":43}},"12":{"start":{"line":98,"column":14},"end":{"line":150,"column":1}}},"fnMap":{"0":{"name":"(anonymous_0)","decl":{"start":{"line":11,"column":20},"end":{"line":11,"column":21}},"loc":{"start":{"line":11,"column":29},"end":{"line":96,"column":1}},"line":11},"1":{"name":"(anonymous_1)","decl":{"start":{"line":16,"column":12},"end":{"line":16,"column":13}},"loc":{"start":{"line":16,"column":18},"end":{"line":22,"column":3}},"line":16},"2":{"name":"(anonymous_2)","decl":{"start":{"line":19,"column":11},"end":{"line":19,"column":12}},"loc":{"start":{"line":19,"column":17},"end":{"line":21,"column":5}},"line":19},"3":{"name":"(anonymous_3)","decl":{"start":{"line":27,"column":15},"end":{"line":27,"column":16}},"loc":{"start":{"line":27,"column":21},"end":{"line":27,"column":43}},"line":27}},"branchMap":{"0":{"loc":{"start":{"line":30,"column":23},"end":{"line":30,"column":58}},"type":"cond-expr","locations":[{"start":{"line":30,"column":37},"end":{"line":30,"column":50}},{"start":{"line":30,"column":53},"end":{"line":30,"column":58}}],"line":30},"1":{"loc":{"start":{"line":33,"column":9},"end":{"line":44,"column":9}},"type":"binary-expr","locations":[{"start":{"line":33,"column":9},"end":{"line":33,"column":36}},{"start":{"line":34,"column":10},"end":{"line":43,"column":12}}],"line":33},"2":{"loc":{"start":{"line":36,"column":14},"end":{"line":40,"column":25}},"type":"cond-expr","locations":[{"start":{"line":37,"column":18},"end":{"line":39,"column":19}},{"start":{"line":40,"column":18},"end":{"line":40,"column":25}}],"line":36},"3":{"loc":{"start":{"line":49,"column":22},"end":{"line":49,"column":61}},"type":"cond-expr","locations":[{"start":{"line":49,"column":36},"end":{"line":49,"column":46}},{"start":{"line":49,"column":49},"end":{"line":49,"column":61}}],"line":49},"4":{"loc":{"start":{"line":51,"column":9},"end":{"line":53,"column":9}},"type":"binary-expr","locations":[{"start":{"line":51,"column":9},"end":{"line":51,"column":36}},{"start":{"line":52,"column":10},"end":{"line":52,"column":71}}],"line":51},"5":{"loc":{"start":{"line":57,"column":29},"end":{"line":57,"column":72}},"type":"cond-expr","locations":[{"start":{"line":57,"column":43},"end":{"line":57,"column":53}},{"start":{"line":57,"column":56},"end":{"line":57,"column":72}}],"line":57},"6":{"loc":{"start":{"line":62,"column":21},"end":{"line":62,"column":51}},"type":"cond-expr","locations":[{"start":{"line":62,"column":35},"end":{"line":62,"column":42}},{"start":{"line":62,"column":45},"end":{"line":62,"column":51}}],"line":62},"7":{"loc":{"start":{"line":69,"column":23},"end":{"line":69,"column":60}},"type":"cond-expr","locations":[{"start":{"line":69,"column":37},"end":{"line":69,"column":51}},{"start":{"line":69,"column":54},"end":{"line":69,"column":60}}],"line":69},"8":{"loc":{"start":{"line":71,"column":15},"end":{"line":75,"column":20}},"type":"cond-expr","locations":[{"start":{"line":72,"column":18},"end":{"line":74,"column":55}},{"start":{"line":75,"column":18},"end":{"line":75,"column":20}}],"line":71},"9":{"loc":{"start":{"line":72,"column":18},"end":{"line":74,"column":55}},"type":"cond-expr","locations":[{"start":{"line":73,"column":20},"end":{"line":73,"column":25}},{"start":{"line":74,"column":20},"end":{"line":74,"column":55}}],"line":72},"10":{"loc":{"start":{"line":83,"column":22},"end":{"line":83,"column":61}},"type":"cond-expr","locations":[{"start":{"line":83,"column":36},"end":{"line":83,"column":46}},{"start":{"line":83,"column":49},"end":{"line":83,"column":61}}],"line":83},"11":{"loc":{"start":{"line":85,"column":9},"end":{"line":92,"column":9}},"type":"binary-expr","locations":[{"start":{"line":85,"column":9},"end":{"line":85,"column":44}},{"start":{"line":86,"column":10},"end":{"line":91,"column":12}}],"line":85}},"s":{"0":1,"1":1,"2":0,"3":0,"4":0,"5":0,"6":0,"7":0,"8":0,"9":0,"10":0,"11":0,"12":1},"f":{"0":0,"1":0,"2":0,"3":0},"b":{"0":[0,0],"1":[0,0],"2":[0,0],"3":[0,0],"4":[0,0],"5":[0,0],"6":[0,0],"7":[0,0],"8":[0,0],"9":[0,0],"10":[0,0],"11":[0,0]},"_coverageSchema":"1a1c01bbd47fc00a2c39e90264f33305004495a9","hash":"f5cab362d04a604c8e91260ed8abbbc9209a3a89"}
,"/Users/nicolasta/Documents/Projet/chatApp/src/misc/config.js": {"path":"/Users/nicolasta/Documents/Projet/chatApp/src/misc/config.js","statementMap":{"0":{"start":{"line":1,"column":30},"end":{"line":1,"column":68}},"1":{"start":{"line":3,"column":2},"end":{"line":3,"column":72}}},"fnMap":{},"branchMap":{},"s":{"0":2,"1":2},"f":{},"b":{},"_coverageSchema":"1a1c01bbd47fc00a2c39e90264f33305004495a9","hash":"69961574364e3e953a76ce0852ce0aecde727b94"}
,"/Users/nicolasta/Documents/Projet/chatApp/src/misc/constants.js": {"path":"/Users/nicolasta/Documents/Projet/chatApp/src/misc/constants.js","statementMap":{"0":{"start":{"line":2,"column":21},"end":{"line":9,"column":1}},"1":{"start":{"line":11,"column":21},"end":{"line":17,"column":1}}},"fnMap":{},"branchMap":{},"s":{"0":2,"1":2},"f":{},"b":{},"_coverageSchema":"1a1c01bbd47fc00a2c39e90264f33305004495a9","hash":"f69fac89646fa029ba3fc1cd1540b37d06984f58"}
,"/Users/nicolasta/Documents/Projet/chatApp/src/misc/utils.js": {"path":"/Users/nicolasta/Documents/Projet/chatApp/src/misc/utils.js","statementMap":{"0":{"start":{"line":1,"column":30},"end":{"line":1,"column":31}},"1":{"start":{"line":2,"column":34},"end":{"line":2,"column":36}},"2":{"start":{"line":3,"column":30},"end":{"line":3,"column":32}},"3":{"start":{"line":9,"column":24},"end":{"line":11,"column":1}},"4":{"start":{"line":10,"column":2},"end":{"line":10,"column":57}},"5":{"start":{"line":16,"column":33},"end":{"line":31,"column":1}},"6":{"start":{"line":17,"column":2},"end":{"line":29,"column":3}},"7":{"start":{"line":18,"column":22},"end":{"line":18,"column":58}},"8":{"start":{"line":18,"column":47},"end":{"line":18,"column":57}},"9":{"start":{"line":19,"column":4},"end":{"line":28,"column":5}},"10":{"start":{"line":20,"column":6},"end":{"line":25,"column":8}},"11":{"start":{"line":27,"column":6},"end":{"line":27,"column":76}},"12":{"start":{"line":30,"column":2},"end":{"line":30,"column":59}},"13":{"start":{"line":33,"column":40},"end":{"line":39,"column":1}},"14":{"start":{"line":34,"column":2},"end":{"line":38,"column":3}},"15":{"start":{"line":35,"column":4},"end":{"line":35,"column":39}},"16":{"start":{"line":37,"column":4},"end":{"line":37,"column":43}}},"fnMap":{"0":{"name":"(anonymous_0)","decl":{"start":{"line":9,"column":24},"end":{"line":9,"column":25}},"loc":{"start":{"line":9,"column":36},"end":{"line":11,"column":1}},"line":9},"1":{"name":"(anonymous_1)","decl":{"start":{"line":16,"column":33},"end":{"line":16,"column":34}},"loc":{"start":{"line":16,"column":44},"end":{"line":31,"column":1}},"line":16},"2":{"name":"(anonymous_2)","decl":{"start":{"line":18,"column":42},"end":{"line":18,"column":43}},"loc":{"start":{"line":18,"column":47},"end":{"line":18,"column":57}},"line":18},"3":{"name":"(anonymous_3)","decl":{"start":{"line":33,"column":40},"end":{"line":33,"column":41}},"loc":{"start":{"line":33,"column":51},"end":{"line":39,"column":1}},"line":33}},"branchMap":{"0":{"loc":{"start":{"line":10,"column":9},"end":{"line":10,"column":56}},"type":"cond-expr","locations":[{"start":{"line":10,"column":26},"end":{"line":10,"column":52}},{"start":{"line":10,"column":55},"end":{"line":10,"column":56}}],"line":10},"1":{"loc":{"start":{"line":17,"column":2},"end":{"line":29,"column":3}},"type":"if","locations":[{"start":{"line":17,"column":2},"end":{"line":29,"column":3}},{"start":{"line":17,"column":2},"end":{"line":29,"column":3}}],"line":17},"2":{"loc":{"start":{"line":17,"column":6},"end":{"line":17,"column":67}},"type":"binary-expr","locations":[{"start":{"line":17,"column":6},"end":{"line":17,"column":38}},{"start":{"line":17,"column":42},"end":{"line":17,"column":67}}],"line":17},"3":{"loc":{"start":{"line":19,"column":4},"end":{"line":28,"column":5}},"type":"if","locations":[{"start":{"line":19,"column":4},"end":{"line":28,"column":5}},{"start":{"line":19,"column":4},"end":{"line":28,"column":5}}],"line":19},"4":{"loc":{"start":{"line":34,"column":2},"end":{"line":38,"column":3}},"type":"if","locations":[{"start":{"line":34,"column":2},"end":{"line":38,"column":3}},{"start":{"line":34,"column":2},"end":{"line":38,"column":3}}],"line":34}},"s":{"0":1,"1":1,"2":1,"3":1,"4":0,"5":1,"6":0,"7":0,"8":0,"9":0,"10":0,"11":0,"12":0,"13":1,"14":0,"15":0,"16":0},"f":{"0":0,"1":0,"2":0,"3":0},"b":{"0":[0,0],"1":[0,0],"2":[0,0],"3":[0,0],"4":[0,0]},"_coverageSchema":"1a1c01bbd47fc00a2c39e90264f33305004495a9","hash":"dea338e984d3e33c2f7bffd69230ddd2db9947c0"}
,"/Users/nicolasta/Documents/Projet/chatApp/src/reducers/channel.js": {"path":"/Users/nicolasta/Documents/Projet/chatApp/src/reducers/channel.js","statementMap":{"0":{"start":{"line":1,"column":30},"end":{"line":112,"column":1}},"1":{"start":{"line":2,"column":2},"end":{"line":110,"column":3}},"2":{"start":{"line":4,"column":6},"end":{"line":12,"column":8}},"3":{"start":{"line":15,"column":25},"end":{"line":15,"column":45}},"4":{"start":{"line":16,"column":31},"end":{"line":20,"column":12}},"5":{"start":{"line":18,"column":12},"end":{"line":18,"column":61}},"6":{"start":{"line":21,"column":29},"end":{"line":27,"column":7}},"7":{"start":{"line":23,"column":21},"end":{"line":23,"column":74}},"8":{"start":{"line":24,"column":21},"end":{"line":24,"column":74}},"9":{"start":{"line":25,"column":10},"end":{"line":25,"column":25}},"10":{"start":{"line":28,"column":25},"end":{"line":28,"column":27}},"11":{"start":{"line":29,"column":6},"end":{"line":32,"column":7}},"12":{"start":{"line":30,"column":24},"end":{"line":30,"column":41}},"13":{"start":{"line":31,"column":8},"end":{"line":31,"column":39}},"14":{"start":{"line":33,"column":6},"end":{"line":38,"column":8}},"15":{"start":{"line":42,"column":25},"end":{"line":42,"column":45}},"16":{"start":{"line":44,"column":31},"end":{"line":48,"column":12}},"17":{"start":{"line":46,"column":23},"end":{"line":46,"column":68}},"18":{"start":{"line":49,"column":29},"end":{"line":55,"column":7}},"19":{"start":{"line":51,"column":21},"end":{"line":51,"column":74}},"20":{"start":{"line":52,"column":21},"end":{"line":52,"column":74}},"21":{"start":{"line":53,"column":10},"end":{"line":53,"column":25}},"22":{"start":{"line":56,"column":25},"end":{"line":56,"column":27}},"23":{"start":{"line":57,"column":6},"end":{"line":60,"column":7}},"24":{"start":{"line":58,"column":24},"end":{"line":58,"column":41}},"25":{"start":{"line":59,"column":8},"end":{"line":59,"column":39}},"26":{"start":{"line":61,"column":6},"end":{"line":66,"column":8}},"27":{"start":{"line":70,"column":24},"end":{"line":70,"column":44}},"28":{"start":{"line":71,"column":6},"end":{"line":85,"column":8}},"29":{"start":{"line":77,"column":44},"end":{"line":77,"column":65}},"30":{"start":{"line":79,"column":25},"end":{"line":79,"column":78}},"31":{"start":{"line":80,"column":25},"end":{"line":80,"column":78}},"32":{"start":{"line":81,"column":14},"end":{"line":81,"column":29}},"33":{"start":{"line":89,"column":24},"end":{"line":89,"column":44}},"34":{"start":{"line":90,"column":29},"end":{"line":90,"column":78}},"35":{"start":{"line":90,"column":56},"end":{"line":90,"column":77}},"36":{"start":{"line":91,"column":6},"end":{"line":96,"column":8}},"37":{"start":{"line":99,"column":29},"end":{"line":99,"column":49}},"38":{"start":{"line":100,"column":6},"end":{"line":100,"column":46}},"39":{"start":{"line":103,"column":29},"end":{"line":103,"column":49}},"40":{"start":{"line":104,"column":6},"end":{"line":104,"column":47}},"41":{"start":{"line":107,"column":22},"end":{"line":107,"column":42}},"42":{"start":{"line":108,"column":6},"end":{"line":108,"column":31}},"43":{"start":{"line":111,"column":2},"end":{"line":111,"column":15}}},"fnMap":{"0":{"name":"(anonymous_0)","decl":{"start":{"line":1,"column":30},"end":{"line":1,"column":31}},"loc":{"start":{"line":1,"column":49},"end":{"line":112,"column":1}},"line":1},"1":{"name":"(anonymous_1)","decl":{"start":{"line":17,"column":26},"end":{"line":17,"column":27}},"loc":{"start":{"line":17,"column":37},"end":{"line":19,"column":11}},"line":17},"2":{"name":"(anonymous_2)","decl":{"start":{"line":22,"column":8},"end":{"line":22,"column":9}},"loc":{"start":{"line":22,"column":18},"end":{"line":26,"column":9}},"line":22},"3":{"name":"(anonymous_3)","decl":{"start":{"line":46,"column":12},"end":{"line":46,"column":13}},"loc":{"start":{"line":46,"column":23},"end":{"line":46,"column":68}},"line":46},"4":{"name":"(anonymous_4)","decl":{"start":{"line":50,"column":8},"end":{"line":50,"column":9}},"loc":{"start":{"line":50,"column":18},"end":{"line":54,"column":9}},"line":50},"5":{"name":"(anonymous_5)","decl":{"start":{"line":77,"column":39},"end":{"line":77,"column":40}},"loc":{"start":{"line":77,"column":44},"end":{"line":77,"column":65}},"line":77},"6":{"name":"(anonymous_6)","decl":{"start":{"line":78,"column":19},"end":{"line":78,"column":20}},"loc":{"start":{"line":78,"column":29},"end":{"line":82,"column":13}},"line":78},"7":{"name":"(anonymous_7)","decl":{"start":{"line":90,"column":51},"end":{"line":90,"column":52}},"loc":{"start":{"line":90,"column":56},"end":{"line":90,"column":77}},"line":90}},"branchMap":{"0":{"loc":{"start":{"line":2,"column":2},"end":{"line":110,"column":3}},"type":"switch","locations":[{"start":{"line":3,"column":4},"end":{"line":13,"column":5}},{"start":{"line":14,"column":4},"end":{"line":39,"column":5}},{"start":{"line":41,"column":4},"end":{"line":67,"column":5}},{"start":{"line":68,"column":4},"end":{"line":68,"column":24}},{"start":{"line":69,"column":4},"end":{"line":86,"column":5}},{"start":{"line":87,"column":4},"end":{"line":87,"column":25}},{"start":{"line":88,"column":4},"end":{"line":97,"column":5}},{"start":{"line":98,"column":4},"end":{"line":101,"column":5}},{"start":{"line":102,"column":4},"end":{"line":105,"column":5}},{"start":{"line":106,"column":4},"end":{"line":109,"column":5}}],"line":2},"1":{"loc":{"start":{"line":15,"column":25},"end":{"line":15,"column":45}},"type":"binary-expr","locations":[{"start":{"line":15,"column":25},"end":{"line":15,"column":39}},{"start":{"line":15,"column":43},"end":{"line":15,"column":45}}],"line":15},"2":{"loc":{"start":{"line":16,"column":31},"end":{"line":20,"column":12}},"type":"cond-expr","locations":[{"start":{"line":17,"column":10},"end":{"line":19,"column":12}},{"start":{"line":20,"column":10},"end":{"line":20,"column":12}}],"line":16},"3":{"loc":{"start":{"line":18,"column":19},"end":{"line":18,"column":60}},"type":"binary-expr","locations":[{"start":{"line":18,"column":19},"end":{"line":18,"column":26}},{"start":{"line":18,"column":30},"end":{"line":18,"column":60}}],"line":18},"4":{"loc":{"start":{"line":23,"column":21},"end":{"line":23,"column":74}},"type":"cond-expr","locations":[{"start":{"line":23,"column":37},"end":{"line":23,"column":60}},{"start":{"line":23,"column":63},"end":{"line":23,"column":74}}],"line":23},"5":{"loc":{"start":{"line":24,"column":21},"end":{"line":24,"column":74}},"type":"cond-expr","locations":[{"start":{"line":24,"column":37},"end":{"line":24,"column":60}},{"start":{"line":24,"column":63},"end":{"line":24,"column":74}}],"line":24},"6":{"loc":{"start":{"line":37,"column":15},"end":{"line":37,"column":62}},"type":"cond-expr","locations":[{"start":{"line":37,"column":45},"end":{"line":37,"column":57}},{"start":{"line":37,"column":60},"end":{"line":37,"column":62}}],"line":37},"7":{"loc":{"start":{"line":42,"column":25},"end":{"line":42,"column":45}},"type":"binary-expr","locations":[{"start":{"line":42,"column":25},"end":{"line":42,"column":39}},{"start":{"line":42,"column":43},"end":{"line":42,"column":45}}],"line":42},"8":{"loc":{"start":{"line":44,"column":31},"end":{"line":48,"column":12}},"type":"cond-expr","locations":[{"start":{"line":45,"column":10},"end":{"line":47,"column":11}},{"start":{"line":48,"column":10},"end":{"line":48,"column":12}}],"line":44},"9":{"loc":{"start":{"line":46,"column":23},"end":{"line":46,"column":68}},"type":"binary-expr","locations":[{"start":{"line":46,"column":23},"end":{"line":46,"column":30}},{"start":{"line":46,"column":34},"end":{"line":46,"column":68}}],"line":46},"10":{"loc":{"start":{"line":51,"column":21},"end":{"line":51,"column":74}},"type":"cond-expr","locations":[{"start":{"line":51,"column":37},"end":{"line":51,"column":60}},{"start":{"line":51,"column":63},"end":{"line":51,"column":74}}],"line":51},"11":{"loc":{"start":{"line":52,"column":21},"end":{"line":52,"column":74}},"type":"cond-expr","locations":[{"start":{"line":52,"column":37},"end":{"line":52,"column":60}},{"start":{"line":52,"column":63},"end":{"line":52,"column":74}}],"line":52},"12":{"loc":{"start":{"line":65,"column":15},"end":{"line":65,"column":67}},"type":"cond-expr","locations":[{"start":{"line":65,"column":45},"end":{"line":65,"column":62}},{"start":{"line":65,"column":65},"end":{"line":65,"column":67}}],"line":65},"13":{"loc":{"start":{"line":70,"column":24},"end":{"line":70,"column":44}},"type":"binary-expr","locations":[{"start":{"line":70,"column":24},"end":{"line":70,"column":38}},{"start":{"line":70,"column":42},"end":{"line":70,"column":44}}],"line":70},"14":{"loc":{"start":{"line":73,"column":20},"end":{"line":73,"column":77}},"type":"cond-expr","locations":[{"start":{"line":73,"column":30},"end":{"line":73,"column":72}},{"start":{"line":73,"column":75},"end":{"line":73,"column":77}}],"line":73},"15":{"loc":{"start":{"line":74,"column":18},"end":{"line":83,"column":14}},"type":"cond-expr","locations":[{"start":{"line":75,"column":12},"end":{"line":82,"column":14}},{"start":{"line":83,"column":12},"end":{"line":83,"column":14}}],"line":74},"16":{"loc":{"start":{"line":79,"column":25},"end":{"line":79,"column":78}},"type":"cond-expr","locations":[{"start":{"line":79,"column":41},"end":{"line":79,"column":64}},{"start":{"line":79,"column":67},"end":{"line":79,"column":78}}],"line":79},"17":{"loc":{"start":{"line":80,"column":25},"end":{"line":80,"column":78}},"type":"cond-expr","locations":[{"start":{"line":80,"column":41},"end":{"line":80,"column":64}},{"start":{"line":80,"column":67},"end":{"line":80,"column":78}}],"line":80},"18":{"loc":{"start":{"line":89,"column":24},"end":{"line":89,"column":44}},"type":"binary-expr","locations":[{"start":{"line":89,"column":24},"end":{"line":89,"column":38}},{"start":{"line":89,"column":42},"end":{"line":89,"column":44}}],"line":89},"19":{"loc":{"start":{"line":93,"column":20},"end":{"line":93,"column":78}},"type":"cond-expr","locations":[{"start":{"line":93,"column":30},"end":{"line":93,"column":73}},{"start":{"line":93,"column":76},"end":{"line":93,"column":78}}],"line":93},"20":{"loc":{"start":{"line":95,"column":15},"end":{"line":95,"column":67}},"type":"cond-expr","locations":[{"start":{"line":95,"column":45},"end":{"line":95,"column":62}},{"start":{"line":95,"column":65},"end":{"line":95,"column":67}}],"line":95},"21":{"loc":{"start":{"line":99,"column":13},"end":{"line":99,"column":25}},"type":"default-arg","locations":[{"start":{"line":99,"column":21},"end":{"line":99,"column":25}}],"line":99},"22":{"loc":{"start":{"line":99,"column":29},"end":{"line":99,"column":49}},"type":"binary-expr","locations":[{"start":{"line":99,"column":29},"end":{"line":99,"column":43}},{"start":{"line":99,"column":47},"end":{"line":99,"column":49}}],"line":99},"23":{"loc":{"start":{"line":103,"column":13},"end":{"line":103,"column":25}},"type":"default-arg","locations":[{"start":{"line":103,"column":21},"end":{"line":103,"column":25}}],"line":103},"24":{"loc":{"start":{"line":103,"column":29},"end":{"line":103,"column":49}},"type":"binary-expr","locations":[{"start":{"line":103,"column":29},"end":{"line":103,"column":43}},{"start":{"line":103,"column":47},"end":{"line":103,"column":49}}],"line":103},"25":{"loc":{"start":{"line":107,"column":22},"end":{"line":107,"column":42}},"type":"binary-expr","locations":[{"start":{"line":107,"column":22},"end":{"line":107,"column":36}},{"start":{"line":107,"column":40},"end":{"line":107,"column":42}}],"line":107}},"s":{"0":3,"1":15,"2":1,"3":2,"4":2,"5":2,"6":2,"7":4,"8":4,"9":4,"10":2,"11":2,"12":6,"13":6,"14":2,"15":2,"16":2,"17":2,"18":2,"19":3,"20":3,"21":3,"22":2,"23":2,"24":4,"25":4,"26":2,"27":4,"28":4,"29":4,"30":2,"31":2,"32":2,"33":2,"34":2,"35":2,"36":2,"37":1,"38":1,"39":1,"40":1,"41":1,"42":1,"43":1},"f":{"0":15,"1":2,"2":4,"3":2,"4":3,"5":4,"6":2,"7":2},"b":{"0":[1,2,2,2,4,1,2,1,1,1],"1":[2,1],"2":[1,1],"3":[2,2],"4":[4,0],"5":[4,0],"6":[0,2],"7":[2,1],"8":[1,1],"9":[2,2],"10":[3,0],"11":[3,0],"12":[1,1],"13":[4,2],"14":[2,2],"15":[2,2],"16":[2,0],"17":[2,0],"18":[2,1],"19":[1,1],"20":[1,1],"21":[1],"22":[1,1],"23":[1],"24":[1,1],"25":[1,1]},"_coverageSchema":"1a1c01bbd47fc00a2c39e90264f33305004495a9","hash":"3e39ca79ec039709cc7b6f5ce613f3c5a650c888"}
,"/Users/nicolasta/Documents/Projet/chatApp/src/reducers/chat.js": {"path":"/Users/nicolasta/Documents/Projet/chatApp/src/reducers/chat.js","statementMap":{"0":{"start":{"line":1,"column":27},"end":{"line":111,"column":1}},"1":{"start":{"line":2,"column":2},"end":{"line":109,"column":3}},"2":{"start":{"line":4,"column":6},"end":{"line":10,"column":8}},"3":{"start":{"line":13,"column":25},"end":{"line":13,"column":45}},"4":{"start":{"line":15,"column":6},"end":{"line":17,"column":7}},"5":{"start":{"line":16,"column":8},"end":{"line":16,"column":26}},"6":{"start":{"line":18,"column":31},"end":{"line":20,"column":7}},"7":{"start":{"line":19,"column":19},"end":{"line":19,"column":51}},"8":{"start":{"line":21,"column":29},"end":{"line":21,"column":69}},"9":{"start":{"line":22,"column":6},"end":{"line":28,"column":7}},"10":{"start":{"line":22,"column":19},"end":{"line":22,"column":20}},"11":{"start":{"line":23,"column":8},"end":{"line":27,"column":48}},"12":{"start":{"line":30,"column":25},"end":{"line":30,"column":27}},"13":{"start":{"line":31,"column":6},"end":{"line":34,"column":7}},"14":{"start":{"line":32,"column":24},"end":{"line":32,"column":43}},"15":{"start":{"line":33,"column":8},"end":{"line":33,"column":41}},"16":{"start":{"line":35,"column":6},"end":{"line":40,"column":8}},"17":{"start":{"line":43,"column":36},"end":{"line":43,"column":56}},"18":{"start":{"line":44,"column":6},"end":{"line":49,"column":7}},"19":{"start":{"line":45,"column":8},"end":{"line":48,"column":68}},"20":{"start":{"line":50,"column":6},"end":{"line":58,"column":8}},"21":{"start":{"line":60,"column":40},"end":{"line":60,"column":60}},"22":{"start":{"line":62,"column":6},"end":{"line":90,"column":7}},"23":{"start":{"line":63,"column":8},"end":{"line":68,"column":9}},"24":{"start":{"line":64,"column":10},"end":{"line":67,"column":70}},"25":{"start":{"line":70,"column":8},"end":{"line":76,"column":10}},"26":{"start":{"line":78,"column":8},"end":{"line":89,"column":9}},"27":{"start":{"line":79,"column":10},"end":{"line":88,"column":11}},"28":{"start":{"line":80,"column":36},"end":{"line":80,"column":55}},"29":{"start":{"line":81,"column":12},"end":{"line":81,"column":79}},"30":{"start":{"line":82,"column":12},"end":{"line":82,"column":41}},"31":{"start":{"line":83,"column":12},"end":{"line":87,"column":14}},"32":{"start":{"line":91,"column":6},"end":{"line":91,"column":12}},"33":{"start":{"line":95,"column":22},"end":{"line":95,"column":42}},"34":{"start":{"line":96,"column":6},"end":{"line":96,"column":31}},"35":{"start":{"line":99,"column":6},"end":{"line":99,"column":50}},"36":{"start":{"line":102,"column":22},"end":{"line":102,"column":42}},"37":{"start":{"line":103,"column":6},"end":{"line":103,"column":47}},"38":{"start":{"line":106,"column":22},"end":{"line":106,"column":42}},"39":{"start":{"line":107,"column":6},"end":{"line":107,"column":31}},"40":{"start":{"line":110,"column":2},"end":{"line":110,"column":15}}},"fnMap":{"0":{"name":"(anonymous_0)","decl":{"start":{"line":1,"column":27},"end":{"line":1,"column":28}},"loc":{"start":{"line":1,"column":46},"end":{"line":111,"column":1}},"line":1},"1":{"name":"(anonymous_1)","decl":{"start":{"line":19,"column":8},"end":{"line":19,"column":9}},"loc":{"start":{"line":19,"column":19},"end":{"line":19,"column":51}},"line":19}},"branchMap":{"0":{"loc":{"start":{"line":2,"column":2},"end":{"line":109,"column":3}},"type":"switch","locations":[{"start":{"line":3,"column":4},"end":{"line":11,"column":5}},{"start":{"line":12,"column":4},"end":{"line":41,"column":5}},{"start":{"line":42,"column":4},"end":{"line":58,"column":8}},{"start":{"line":59,"column":4},"end":{"line":92,"column":5}},{"start":{"line":94,"column":4},"end":{"line":97,"column":5}},{"start":{"line":98,"column":4},"end":{"line":100,"column":5}},{"start":{"line":101,"column":4},"end":{"line":104,"column":5}},{"start":{"line":105,"column":4},"end":{"line":108,"column":5}}],"line":2},"1":{"loc":{"start":{"line":13,"column":25},"end":{"line":13,"column":45}},"type":"binary-expr","locations":[{"start":{"line":13,"column":25},"end":{"line":13,"column":39}},{"start":{"line":13,"column":43},"end":{"line":13,"column":45}}],"line":13},"2":{"loc":{"start":{"line":15,"column":6},"end":{"line":17,"column":7}},"type":"if","locations":[{"start":{"line":15,"column":6},"end":{"line":17,"column":7}},{"start":{"line":15,"column":6},"end":{"line":17,"column":7}}],"line":15},"3":{"loc":{"start":{"line":24,"column":10},"end":{"line":27,"column":47}},"type":"binary-expr","locations":[{"start":{"line":24,"column":10},"end":{"line":24,"column":34}},{"start":{"line":25,"column":10},"end":{"line":25,"column":38}},{"start":{"line":26,"column":10},"end":{"line":27,"column":47}}],"line":24},"4":{"loc":{"start":{"line":39,"column":15},"end":{"line":39,"column":71}},"type":"cond-expr","locations":[{"start":{"line":39,"column":45},"end":{"line":39,"column":66}},{"start":{"line":39,"column":69},"end":{"line":39,"column":71}}],"line":39},"5":{"loc":{"start":{"line":43,"column":36},"end":{"line":43,"column":56}},"type":"binary-expr","locations":[{"start":{"line":43,"column":36},"end":{"line":43,"column":50}},{"start":{"line":43,"column":54},"end":{"line":43,"column":56}}],"line":43},"6":{"loc":{"start":{"line":44,"column":6},"end":{"line":49,"column":7}},"type":"if","locations":[{"start":{"line":44,"column":6},"end":{"line":49,"column":7}},{"start":{"line":44,"column":6},"end":{"line":49,"column":7}}],"line":44},"7":{"loc":{"start":{"line":46,"column":10},"end":{"line":48,"column":67}},"type":"binary-expr","locations":[{"start":{"line":46,"column":10},"end":{"line":46,"column":24}},{"start":{"line":47,"column":10},"end":{"line":47,"column":34}},{"start":{"line":48,"column":10},"end":{"line":48,"column":67}}],"line":46},"8":{"loc":{"start":{"line":53,"column":20},"end":{"line":55,"column":33}},"type":"cond-expr","locations":[{"start":{"line":54,"column":12},"end":{"line":54,"column":56}},{"start":{"line":55,"column":12},"end":{"line":55,"column":33}}],"line":53},"9":{"loc":{"start":{"line":56,"column":15},"end":{"line":56,"column":44}},"type":"cond-expr","locations":[{"start":{"line":56,"column":28},"end":{"line":56,"column":30}},{"start":{"line":56,"column":33},"end":{"line":56,"column":44}}],"line":56},"10":{"loc":{"start":{"line":60,"column":40},"end":{"line":60,"column":60}},"type":"binary-expr","locations":[{"start":{"line":60,"column":40},"end":{"line":60,"column":54}},{"start":{"line":60,"column":58},"end":{"line":60,"column":60}}],"line":60},"11":{"loc":{"start":{"line":62,"column":6},"end":{"line":90,"column":7}},"type":"if","locations":[{"start":{"line":62,"column":6},"end":{"line":90,"column":7}},{"start":{"line":62,"column":6},"end":{"line":90,"column":7}}],"line":62},"12":{"loc":{"start":{"line":62,"column":10},"end":{"line":62,"column":53}},"type":"binary-expr","locations":[{"start":{"line":62,"column":10},"end":{"line":62,"column":17}},{"start":{"line":62,"column":21},"end":{"line":62,"column":53}}],"line":62},"13":{"loc":{"start":{"line":63,"column":8},"end":{"line":68,"column":9}},"type":"if","locations":[{"start":{"line":63,"column":8},"end":{"line":68,"column":9}},{"start":{"line":63,"column":8},"end":{"line":68,"column":9}}],"line":63},"14":{"loc":{"start":{"line":65,"column":12},"end":{"line":67,"column":69}},"type":"binary-expr","locations":[{"start":{"line":65,"column":12},"end":{"line":65,"column":26}},{"start":{"line":66,"column":12},"end":{"line":66,"column":36}},{"start":{"line":67,"column":12},"end":{"line":67,"column":69}}],"line":65},"15":{"loc":{"start":{"line":74,"column":17},"end":{"line":74,"column":50}},"type":"cond-expr","locations":[{"start":{"line":74,"column":34},"end":{"line":74,"column":36}},{"start":{"line":74,"column":39},"end":{"line":74,"column":50}}],"line":74},"16":{"loc":{"start":{"line":79,"column":10},"end":{"line":88,"column":11}},"type":"if","locations":[{"start":{"line":79,"column":10},"end":{"line":88,"column":11}},{"start":{"line":79,"column":10},"end":{"line":88,"column":11}}],"line":79},"17":{"loc":{"start":{"line":85,"column":21},"end":{"line":85,"column":54}},"type":"cond-expr","locations":[{"start":{"line":85,"column":38},"end":{"line":85,"column":40}},{"start":{"line":85,"column":43},"end":{"line":85,"column":54}}],"line":85},"18":{"loc":{"start":{"line":95,"column":22},"end":{"line":95,"column":42}},"type":"binary-expr","locations":[{"start":{"line":95,"column":22},"end":{"line":95,"column":36}},{"start":{"line":95,"column":40},"end":{"line":95,"column":42}}],"line":95},"19":{"loc":{"start":{"line":102,"column":22},"end":{"line":102,"column":42}},"type":"binary-expr","locations":[{"start":{"line":102,"column":22},"end":{"line":102,"column":36}},{"start":{"line":102,"column":40},"end":{"line":102,"column":42}}],"line":102},"20":{"loc":{"start":{"line":106,"column":22},"end":{"line":106,"column":42}},"type":"binary-expr","locations":[{"start":{"line":106,"column":22},"end":{"line":106,"column":36}},{"start":{"line":106,"column":40},"end":{"line":106,"column":42}}],"line":106}},"s":{"0":3,"1":12,"2":1,"3":2,"4":2,"5":1,"6":1,"7":1,"8":1,"9":1,"10":1,"11":2,"12":1,"13":1,"14":1,"15":1,"16":1,"17":2,"18":2,"19":1,"20":2,"21":2,"22":2,"23":1,"24":1,"25":1,"26":1,"27":0,"28":0,"29":0,"30":0,"31":0,"32":1,"33":1,"34":1,"35":1,"36":1,"37":1,"38":1,"39":1,"40":2},"f":{"0":12,"1":1},"b":{"0":[1,2,2,2,1,1,1,1],"1":[2,1],"2":[1,1],"3":[2,2,2],"4":[0,1],"5":[2,1],"6":[1,1],"7":[1,1,1],"8":[1,1],"9":[0,2],"10":[2,1],"11":[1,1],"12":[2,1],"13":[1,0],"14":[1,1,1],"15":[1,0],"16":[0,0],"17":[0,0],"18":[1,1],"19":[1,1],"20":[1,1]},"_coverageSchema":"1a1c01bbd47fc00a2c39e90264f33305004495a9","hash":"3ad0e1b6b061334e645337a585c62f7735c2c60d"}
,"/Users/nicolasta/Documents/Projet/chatApp/src/reducers/index.js": {"path":"/Users/nicolasta/Documents/Projet/chatApp/src/reducers/index.js","statementMap":{},"fnMap":{},"branchMap":{},"s":{},"f":{},"b":{},"_coverageSchema":"1a1c01bbd47fc00a2c39e90264f33305004495a9","hash":"0a9b8bd0bbc50b06401f9c2e6a0e4a969f73eac4"}
,"/Users/nicolasta/Documents/Projet/chatApp/src/reducers/invite.js": {"path":"/Users/nicolasta/Documents/Projet/chatApp/src/reducers/invite.js","statementMap":{"0":{"start":{"line":1,"column":29},"end":{"line":89,"column":1}},"1":{"start":{"line":2,"column":2},"end":{"line":87,"column":3}},"2":{"start":{"line":4,"column":6},"end":{"line":11,"column":8}},"3":{"start":{"line":14,"column":6},"end":{"line":18,"column":8}},"4":{"start":{"line":21,"column":22},"end":{"line":21,"column":42}},"5":{"start":{"line":22,"column":28},"end":{"line":24,"column":12}},"6":{"start":{"line":23,"column":31},"end":{"line":23,"column":58}},"7":{"start":{"line":26,"column":26},"end":{"line":26,"column":28}},"8":{"start":{"line":27,"column":6},"end":{"line":29,"column":7}},"9":{"start":{"line":28,"column":8},"end":{"line":28,"column":65}},"10":{"start":{"line":28,"column":55},"end":{"line":28,"column":63}},"11":{"start":{"line":31,"column":26},"end":{"line":31,"column":42}},"12":{"start":{"line":32,"column":6},"end":{"line":37,"column":7}},"13":{"start":{"line":33,"column":21},"end":{"line":33,"column":37}},"14":{"start":{"line":34,"column":8},"end":{"line":36,"column":9}},"15":{"start":{"line":35,"column":10},"end":{"line":35,"column":33}},"16":{"start":{"line":38,"column":22},"end":{"line":38,"column":24}},"17":{"start":{"line":39,"column":6},"end":{"line":42,"column":7}},"18":{"start":{"line":40,"column":21},"end":{"line":40,"column":35}},"19":{"start":{"line":41,"column":8},"end":{"line":41,"column":36}},"20":{"start":{"line":43,"column":6},"end":{"line":47,"column":8}},"21":{"start":{"line":50,"column":21},"end":{"line":50,"column":41}},"22":{"start":{"line":52,"column":6},"end":{"line":60,"column":7}},"23":{"start":{"line":53,"column":8},"end":{"line":57,"column":10}},"24":{"start":{"line":59,"column":8},"end":{"line":59,"column":14}},"25":{"start":{"line":63,"column":21},"end":{"line":63,"column":41}},"26":{"start":{"line":64,"column":6},"end":{"line":72,"column":7}},"27":{"start":{"line":65,"column":8},"end":{"line":71,"column":10}},"28":{"start":{"line":69,"column":17},"end":{"line":69,"column":41}},"29":{"start":{"line":73,"column":6},"end":{"line":73,"column":12}},"30":{"start":{"line":76,"column":29},"end":{"line":76,"column":49}},"31":{"start":{"line":77,"column":6},"end":{"line":77,"column":46}},"32":{"start":{"line":80,"column":29},"end":{"line":80,"column":49}},"33":{"start":{"line":81,"column":6},"end":{"line":81,"column":47}},"34":{"start":{"line":84,"column":22},"end":{"line":84,"column":42}},"35":{"start":{"line":85,"column":6},"end":{"line":85,"column":31}},"36":{"start":{"line":88,"column":2},"end":{"line":88,"column":15}}},"fnMap":{"0":{"name":"(anonymous_0)","decl":{"start":{"line":1,"column":29},"end":{"line":1,"column":30}},"loc":{"start":{"line":1,"column":48},"end":{"line":89,"column":1}},"line":1},"1":{"name":"(anonymous_1)","decl":{"start":{"line":23,"column":23},"end":{"line":23,"column":24}},"loc":{"start":{"line":23,"column":31},"end":{"line":23,"column":58}},"line":23},"2":{"name":"(anonymous_2)","decl":{"start":{"line":28,"column":50},"end":{"line":28,"column":51}},"loc":{"start":{"line":28,"column":55},"end":{"line":28,"column":63}},"line":28},"3":{"name":"(anonymous_3)","decl":{"start":{"line":69,"column":12},"end":{"line":69,"column":13}},"loc":{"start":{"line":69,"column":17},"end":{"line":69,"column":41}},"line":69}},"branchMap":{"0":{"loc":{"start":{"line":2,"column":2},"end":{"line":87,"column":3}},"type":"switch","locations":[{"start":{"line":3,"column":4},"end":{"line":12,"column":5}},{"start":{"line":13,"column":4},"end":{"line":19,"column":5}},{"start":{"line":20,"column":4},"end":{"line":48,"column":5}},{"start":{"line":49,"column":4},"end":{"line":61,"column":5}},{"start":{"line":62,"column":4},"end":{"line":74,"column":5}},{"start":{"line":75,"column":4},"end":{"line":78,"column":5}},{"start":{"line":79,"column":4},"end":{"line":82,"column":5}},{"start":{"line":83,"column":4},"end":{"line":86,"column":5}}],"line":2},"1":{"loc":{"start":{"line":21,"column":22},"end":{"line":21,"column":42}},"type":"binary-expr","locations":[{"start":{"line":21,"column":22},"end":{"line":21,"column":36}},{"start":{"line":21,"column":40},"end":{"line":21,"column":42}}],"line":21},"2":{"loc":{"start":{"line":22,"column":28},"end":{"line":24,"column":12}},"type":"cond-expr","locations":[{"start":{"line":23,"column":10},"end":{"line":23,"column":59}},{"start":{"line":24,"column":10},"end":{"line":24,"column":12}}],"line":22},"3":{"loc":{"start":{"line":27,"column":6},"end":{"line":29,"column":7}},"type":"if","locations":[{"start":{"line":27,"column":6},"end":{"line":29,"column":7}},{"start":{"line":27,"column":6},"end":{"line":29,"column":7}}],"line":27},"4":{"loc":{"start":{"line":34,"column":8},"end":{"line":36,"column":9}},"type":"if","locations":[{"start":{"line":34,"column":8},"end":{"line":36,"column":9}},{"start":{"line":34,"column":8},"end":{"line":36,"column":9}}],"line":34},"5":{"loc":{"start":{"line":50,"column":21},"end":{"line":50,"column":41}},"type":"binary-expr","locations":[{"start":{"line":50,"column":21},"end":{"line":50,"column":35}},{"start":{"line":50,"column":39},"end":{"line":50,"column":41}}],"line":50},"6":{"loc":{"start":{"line":52,"column":6},"end":{"line":60,"column":7}},"type":"if","locations":[{"start":{"line":52,"column":6},"end":{"line":60,"column":7}},{"start":{"line":52,"column":6},"end":{"line":60,"column":7}}],"line":52},"7":{"loc":{"start":{"line":63,"column":21},"end":{"line":63,"column":41}},"type":"binary-expr","locations":[{"start":{"line":63,"column":21},"end":{"line":63,"column":35}},{"start":{"line":63,"column":39},"end":{"line":63,"column":41}}],"line":63},"8":{"loc":{"start":{"line":64,"column":6},"end":{"line":72,"column":7}},"type":"if","locations":[{"start":{"line":64,"column":6},"end":{"line":72,"column":7}},{"start":{"line":64,"column":6},"end":{"line":72,"column":7}}],"line":64},"9":{"loc":{"start":{"line":76,"column":13},"end":{"line":76,"column":25}},"type":"default-arg","locations":[{"start":{"line":76,"column":21},"end":{"line":76,"column":25}}],"line":76},"10":{"loc":{"start":{"line":76,"column":29},"end":{"line":76,"column":49}},"type":"binary-expr","locations":[{"start":{"line":76,"column":29},"end":{"line":76,"column":43}},{"start":{"line":76,"column":47},"end":{"line":76,"column":49}}],"line":76},"11":{"loc":{"start":{"line":80,"column":13},"end":{"line":80,"column":25}},"type":"default-arg","locations":[{"start":{"line":80,"column":21},"end":{"line":80,"column":25}}],"line":80},"12":{"loc":{"start":{"line":80,"column":29},"end":{"line":80,"column":49}},"type":"binary-expr","locations":[{"start":{"line":80,"column":29},"end":{"line":80,"column":43}},{"start":{"line":80,"column":47},"end":{"line":80,"column":49}}],"line":80},"13":{"loc":{"start":{"line":84,"column":22},"end":{"line":84,"column":42}},"type":"binary-expr","locations":[{"start":{"line":84,"column":22},"end":{"line":84,"column":36}},{"start":{"line":84,"column":40},"end":{"line":84,"column":42}}],"line":84}},"s":{"0":3,"1":14,"2":1,"3":1,"4":2,"5":2,"6":2,"7":2,"8":2,"9":1,"10":1,"11":2,"12":2,"13":2,"14":2,"15":1,"16":2,"17":2,"18":3,"19":3,"20":2,"21":3,"22":3,"23":2,"24":1,"25":3,"26":3,"27":1,"28":2,"29":2,"30":1,"31":1,"32":1,"33":1,"34":1,"35":1,"36":4},"f":{"0":14,"1":2,"2":1,"3":2},"b":{"0":[1,1,2,3,3,1,1,1],"1":[2,1],"2":[1,1],"3":[1,1],"4":[1,1],"5":[3,1],"6":[2,1],"7":[3,1],"8":[1,2],"9":[1],"10":[1,1],"11":[1],"12":[1,1],"13":[1,1]},"_coverageSchema":"1a1c01bbd47fc00a2c39e90264f33305004495a9","hash":"9a35aacc99805c48e5095211544487d33195923f"}
,"/Users/nicolasta/Documents/Projet/chatApp/src/reducers/login.js": {"path":"/Users/nicolasta/Documents/Projet/chatApp/src/reducers/login.js","statementMap":{"0":{"start":{"line":1,"column":28},"end":{"line":23,"column":1}},"1":{"start":{"line":2,"column":2},"end":{"line":21,"column":3}},"2":{"start":{"line":4,"column":24},"end":{"line":4,"column":44}},"3":{"start":{"line":5,"column":6},"end":{"line":5,"column":41}},"4":{"start":{"line":8,"column":24},"end":{"line":8,"column":44}},"5":{"start":{"line":9,"column":6},"end":{"line":9,"column":43}},"6":{"start":{"line":12,"column":6},"end":{"line":12,"column":53}},"7":{"start":{"line":15,"column":6},"end":{"line":15,"column":43}},"8":{"start":{"line":18,"column":22},"end":{"line":18,"column":42}},"9":{"start":{"line":19,"column":6},"end":{"line":19,"column":31}},"10":{"start":{"line":22,"column":2},"end":{"line":22,"column":15}}},"fnMap":{"0":{"name":"(anonymous_0)","decl":{"start":{"line":1,"column":28},"end":{"line":1,"column":29}},"loc":{"start":{"line":1,"column":47},"end":{"line":23,"column":1}},"line":1}},"branchMap":{"0":{"loc":{"start":{"line":2,"column":2},"end":{"line":21,"column":3}},"type":"switch","locations":[{"start":{"line":3,"column":4},"end":{"line":6,"column":5}},{"start":{"line":7,"column":4},"end":{"line":10,"column":5}},{"start":{"line":11,"column":4},"end":{"line":13,"column":5}},{"start":{"line":14,"column":4},"end":{"line":16,"column":5}},{"start":{"line":17,"column":4},"end":{"line":20,"column":5}}],"line":2},"1":{"loc":{"start":{"line":4,"column":24},"end":{"line":4,"column":44}},"type":"binary-expr","locations":[{"start":{"line":4,"column":24},"end":{"line":4,"column":38}},{"start":{"line":4,"column":42},"end":{"line":4,"column":44}}],"line":4},"2":{"loc":{"start":{"line":8,"column":24},"end":{"line":8,"column":44}},"type":"binary-expr","locations":[{"start":{"line":8,"column":24},"end":{"line":8,"column":38}},{"start":{"line":8,"column":42},"end":{"line":8,"column":44}}],"line":8},"3":{"loc":{"start":{"line":18,"column":22},"end":{"line":18,"column":42}},"type":"binary-expr","locations":[{"start":{"line":18,"column":22},"end":{"line":18,"column":36}},{"start":{"line":18,"column":40},"end":{"line":18,"column":42}}],"line":18}},"s":{"0":3,"1":6,"2":1,"3":1,"4":1,"5":1,"6":1,"7":1,"8":1,"9":1,"10":1},"f":{"0":6},"b":{"0":[1,1,1,1,1],"1":[1,1],"2":[1,1],"3":[1,1]},"_coverageSchema":"1a1c01bbd47fc00a2c39e90264f33305004495a9","hash":"4c29291a35371c2730c4b315380df65cc6858108"}
,"/Users/nicolasta/Documents/Projet/chatApp/src/reducers/member.js": {"path":"/Users/nicolasta/Documents/Projet/chatApp/src/reducers/member.js","statementMap":{"0":{"start":{"line":1,"column":29},"end":{"line":27,"column":1}},"1":{"start":{"line":2,"column":2},"end":{"line":25,"column":3}},"2":{"start":{"line":4,"column":24},"end":{"line":4,"column":44}},"3":{"start":{"line":5,"column":6},"end":{"line":5,"column":44}},"4":{"start":{"line":8,"column":21},"end":{"line":8,"column":41}},"5":{"start":{"line":9,"column":6},"end":{"line":11,"column":7}},"6":{"start":{"line":9,"column":42},"end":{"line":9,"column":50}},"7":{"start":{"line":10,"column":8},"end":{"line":10,"column":72}},"8":{"start":{"line":12,"column":6},"end":{"line":12,"column":12}},"9":{"start":{"line":15,"column":6},"end":{"line":15,"column":50}},"10":{"start":{"line":18,"column":22},"end":{"line":18,"column":42}},"11":{"start":{"line":19,"column":6},"end":{"line":19,"column":47}},"12":{"start":{"line":22,"column":22},"end":{"line":22,"column":42}},"13":{"start":{"line":23,"column":6},"end":{"line":23,"column":31}},"14":{"start":{"line":26,"column":2},"end":{"line":26,"column":15}}},"fnMap":{"0":{"name":"(anonymous_0)","decl":{"start":{"line":1,"column":29},"end":{"line":1,"column":30}},"loc":{"start":{"line":1,"column":48},"end":{"line":27,"column":1}},"line":1},"1":{"name":"(anonymous_1)","decl":{"start":{"line":9,"column":37},"end":{"line":9,"column":38}},"loc":{"start":{"line":9,"column":42},"end":{"line":9,"column":50}},"line":9}},"branchMap":{"0":{"loc":{"start":{"line":2,"column":2},"end":{"line":25,"column":3}},"type":"switch","locations":[{"start":{"line":3,"column":4},"end":{"line":6,"column":5}},{"start":{"line":7,"column":4},"end":{"line":13,"column":5}},{"start":{"line":14,"column":4},"end":{"line":16,"column":5}},{"start":{"line":17,"column":4},"end":{"line":20,"column":5}},{"start":{"line":21,"column":4},"end":{"line":24,"column":5}}],"line":2},"1":{"loc":{"start":{"line":4,"column":24},"end":{"line":4,"column":44}},"type":"binary-expr","locations":[{"start":{"line":4,"column":24},"end":{"line":4,"column":38}},{"start":{"line":4,"column":42},"end":{"line":4,"column":44}}],"line":4},"2":{"loc":{"start":{"line":8,"column":21},"end":{"line":8,"column":41}},"type":"binary-expr","locations":[{"start":{"line":8,"column":21},"end":{"line":8,"column":35}},{"start":{"line":8,"column":39},"end":{"line":8,"column":41}}],"line":8},"3":{"loc":{"start":{"line":9,"column":6},"end":{"line":11,"column":7}},"type":"if","locations":[{"start":{"line":9,"column":6},"end":{"line":11,"column":7}},{"start":{"line":9,"column":6},"end":{"line":11,"column":7}}],"line":9},"4":{"loc":{"start":{"line":9,"column":10},"end":{"line":9,"column":73}},"type":"binary-expr","locations":[{"start":{"line":9,"column":10},"end":{"line":9,"column":14}},{"start":{"line":9,"column":18},"end":{"line":9,"column":73}}],"line":9},"5":{"loc":{"start":{"line":18,"column":22},"end":{"line":18,"column":42}},"type":"binary-expr","locations":[{"start":{"line":18,"column":22},"end":{"line":18,"column":36}},{"start":{"line":18,"column":40},"end":{"line":18,"column":42}}],"line":18},"6":{"loc":{"start":{"line":22,"column":22},"end":{"line":22,"column":42}},"type":"binary-expr","locations":[{"start":{"line":22,"column":22},"end":{"line":22,"column":36}},{"start":{"line":22,"column":40},"end":{"line":22,"column":42}}],"line":22}},"s":{"0":3,"1":9,"2":1,"3":1,"4":4,"5":4,"6":4,"7":2,"8":2,"9":1,"10":1,"11":1,"12":1,"13":1,"14":3},"f":{"0":9,"1":4},"b":{"0":[1,4,1,1,1],"1":[1,1],"2":[4,1],"3":[2,2],"4":[4,3],"5":[1,1],"6":[1,1]},"_coverageSchema":"1a1c01bbd47fc00a2c39e90264f33305004495a9","hash":"4999697eba11ac4fb9d04ab8abe4747e9a922229"}
,"/Users/nicolasta/Documents/Projet/chatApp/src/screens/chat.js": {"path":"/Users/nicolasta/Documents/Projet/chatApp/src/screens/chat.js","statementMap":{"0":{"start":{"line":9,"column":13},"end":{"line":102,"column":1}},"1":{"start":{"line":10,"column":20},"end":{"line":10,"column":51}},"2":{"start":{"line":11,"column":18},"end":{"line":11,"column":23}},"3":{"start":{"line":12,"column":44},"end":{"line":12,"column":55}},"4":{"start":{"line":13,"column":44},"end":{"line":13,"column":55}},"5":{"start":{"line":16,"column":19},"end":{"line":24,"column":3}},"6":{"start":{"line":17,"column":4},"end":{"line":17,"column":23}},"7":{"start":{"line":18,"column":4},"end":{"line":18,"column":24}},"8":{"start":{"line":19,"column":4},"end":{"line":23,"column":15}},"9":{"start":{"line":27,"column":27},"end":{"line":35,"column":3}},"10":{"start":{"line":28,"column":4},"end":{"line":28,"column":23}},"11":{"start":{"line":29,"column":4},"end":{"line":29,"column":24}},"12":{"start":{"line":30,"column":4},"end":{"line":34,"column":15}},"13":{"start":{"line":38,"column":16},"end":{"line":46,"column":3}},"14":{"start":{"line":39,"column":4},"end":{"line":45,"column":7}},"15":{"start":{"line":44,"column":6},"end":{"line":44,"column":26}},"16":{"start":{"line":51,"column":4},"end":{"line":59,"column":6}},"17":{"start":{"line":56,"column":8},"end":{"line":56,"column":16}},"18":{"start":{"line":57,"column":8},"end":{"line":57,"column":42}},"19":{"start":{"line":64,"column":4},"end":{"line":77,"column":20}},"20":{"start":{"line":82,"column":4},"end":{"line":86,"column":6}},"21":{"start":{"line":92,"column":13},"end":{"line":92,"column":49}},"22":{"start":{"line":94,"column":2},"end":{"line":101,"column":4}}},"fnMap":{"0":{"name":"(anonymous_0)","decl":{"start":{"line":9,"column":13},"end":{"line":9,"column":14}},"loc":{"start":{"line":9,"column":22},"end":{"line":102,"column":1}},"line":9},"1":{"name":"(anonymous_1)","decl":{"start":{"line":16,"column":19},"end":{"line":16,"column":20}},"loc":{"start":{"line":16,"column":25},"end":{"lin
[...]
ne":50},"1":{"loc":{"start":{"line":52,"column":8},"end":{"line":61,"column":9}},"type":"if","locations":[{"start":{"line":52,"column":8},"end":{"line":61,"column":9}},{"start":{"line":52,"column":8},"end":{"line":61,"column":9}}],"line":52},"2":{"loc":{"start":{"line":83,"column":4},"end":{"line":85,"column":5}},"type":"if","locations":[{"start":{"line":83,"column":4},"end":{"line":85,"column":5}},{"start":{"line":83,"column":4},"end":{"line":85,"column":5}}],"line":83},"3":{"loc":{"start":{"line":112,"column":4},"end":{"line":114,"column":5}},"type":"if","locations":[{"start":{"line":112,"column":4},"end":{"line":114,"column":5}},{"start":{"line":112,"column":4},"end":{"line":114,"column":5}}],"line":112},"4":{"loc":{"start":{"line":131,"column":4},"end":{"line":136,"column":5}},"type":"if","locations":[{"start":{"line":131,"column":4},"end":{"line":136,"column":5}},{"start":{"line":131,"column":4},"end":{"line":136,"column":5}}],"line":131},"5":{"loc":{"start":{"line":133,"column":6},"end":{"line":135,"column":7}},"type":"if","locations":[{"start":{"line":133,"column":6},"end":{"line":135,"column":7}},{"start":{"line":133,"column":6},"end":{"line":135,"column":7}}],"line":133},"6":{"loc":{"start":{"line":141,"column":6},"end":{"line":145,"column":7}},"type":"if","locations":[{"start":{"line":141,"column":6},"end":{"line":145,"column":7}},{"start":{"line":141,"column":6},"end":{"line":145,"column":7}}],"line":141},"7":{"loc":{"start":{"line":151,"column":4},"end":{"line":153,"column":5}},"type":"if","locations":[{"start":{"line":151,"column":4},"end":{"line":153,"column":5}},{"start":{"line":151,"column":4},"end":{"line":153,"column":5}}],"line":151},"8":{"loc":{"start":{"line":154,"column":4},"end":{"line":157,"column":5}},"type":"if","locations":[{"start":{"line":154,"column":4},"end":{"line":157,"column":5}},{"start":{"line":154,"column":4},"end":{"line":157,"column":5}}],"line":154},"9":{"loc":{"start":{"line":161,"column":4},"end":{"line":178,"column":5}},"type":"if","locations":[{"start":{"line":161,"column":4},"end":{"line":178,"column":5}},{"start":{"line":161,"column":4},"end":{"line":178,"column":5}}],"line":161},"10":{"loc":{"start":{"line":166,"column":8},"end":{"line":176,"column":9}},"type":"if","locations":[{"start":{"line":166,"column":8},"end":{"line":176,"column":9}},{"start":{"line":166,"column":8},"end":{"line":176,"column":9}}],"line":166},"11":{"loc":{"start":{"line":182,"column":4},"end":{"line":206,"column":5}},"type":"if","locations":[{"start":{"line":182,"column":4},"end":{"line":206,"column":5}},{"start":{"line":182,"column":4},"end":{"line":206,"column":5}}],"line":182},"12":{"loc":{"start":{"line":187,"column":8},"end":{"line":200,"column":9}},"type":"if","locations":[{"start":{"line":187,"column":8},"end":{"line":200,"column":9}},{"start":{"line":187,"column":8},"end":{"line":200,"column":9}}],"line":187},"13":{"loc":{"start":{"line":216,"column":9},"end":{"line":216,"column":72}},"type":"cond-expr","locations":[{"start":{"line":216,"column":29},"end":{"line":216,"column":60}},{"start":{"line":216,"column":63},"end":{"line":216,"column":72}}],"line":216},"14":{"loc":{"start":{"line":246,"column":20},"end":{"line":246,"column":61}},"type":"binary-expr","locations":[{"start":{"line":246,"column":20},"end":{"line":246,"column":33}},{"start":{"line":246,"column":37},"end":{"line":246,"column":61}}],"line":246},"15":{"loc":{"start":{"line":269,"column":28},"end":{"line":269,"column":61}},"type":"binary-expr","locations":[{"start":{"line":269,"column":28},"end":{"line":269,"column":47}},{"start":{"line":269,"column":51},"end":{"line":269,"column":61}}],"line":269},"16":{"loc":{"start":{"line":272,"column":8},"end":{"line":276,"column":9}},"type":"binary-expr","locations":[{"start":{"line":272,"column":8},"end":{"line":272,"column":19}},{"start":{"line":273,"column":10},"end":{"line":275,"column":16}}],"line":272},"17":{"loc":{"start":{"line":290,"column":16},"end":{"line":290,"column":61}},"type":"cond-expr","locations":[{"start":{"line":290,"column":40},"end":{"line":290,"column":49}},{"start":{"line":290,"column":52},"end":{"line":290,"column":61}}],"line":290},"18":{"loc":{"start":{"line":291,"column":30},"end":{"line":291,"column":61}},"type":"cond-expr","locations":[{"start":{"line":291,"column":54},"end":{"line":291,"column":56}},{"start":{"line":291,"column":59},"end":{"line":291,"column":61}}],"line":291},"19":{"loc":{"start":{"line":293,"column":7},"end":{"line":301,"column":7}},"type":"cond-expr","locations":[{"start":{"line":294,"column":8},"end":{"line":294,"column":19}},{"start":{"line":296,"column":8},"end":{"line":300,"column":15}}],"line":293}},"s":{"0":1,"1":0,"2":0,"3":0,"4":0,"5":0,"6":0,"7":0,"8":0,"9":0,"10":0,"11":0,"12":0,"13":0,"14":0,"15":0,"16":0,"17":0,"18":0,"19":0,"20":0,"21":0,"22":0,"23":0,"24":0,"25":0,"26":0,"27":0,"28":0,"29":0,"30":0,"31":0,"32":0,"33":0,"34":0,"35":0,"36":0,"37":0,"38":0,"39":0,"40":0,"41":0,"42":0,"43":0,"44":0,"45":0,"46":0,"47":0,"48":0,"49":0,"50":0,"51":0,"52":0,"53":0,"54":0,"55":0,"56":0,"57":0,"58":0,"59":0,"60":0,"61":0,"62":0,"63":0,"64":0,"65":0,"66":0,"67":0,"68":0,"69":0,"70":0,"71":0,"72":0,"73":0,"74":0,"75":0,"76":0,"77":0,"78":0},"f":{"0":0,"1":0,"2":0,"3":0,"4":0,"5":0,"6":0,"7":0,"8":0,"9":0,"10":0,"11":0,"12":0,"13":0,"14":0,"15":0,"16":0,"17":0,"18":0,"19":0,"20":0,"21":0,"22":0},"b":{"0":[0,0],"1":[0,0],"2":[0,0],"3":[0,0],"4":[0,0],"5":[0,0],"6":[0,0],"7":[0,0],"8":[0,0],"9":[0,0],"10":[0,0],"11":[0,0],"12":[0,0],"13":[0,0],"14":[0,0],"15":[0,0],"16":[0,0],"17":[0,0],"18":[0,0],"19":[0,0]},"_coverageSchema":"1a1c01bbd47fc00a2c39e90264f33305004495a9","hash":"8df5067a8994b07f83101a5a1b8a76a6290260d6"}
,"/Users/nicolasta/Documents/Projet/chatApp/src/screens/chatPanels/memberList.js": {"path":"/Users/nicolasta/Documents/Projet/chatApp/src/screens/chatPanels/memberList.js","statementMap":{"0":{"start":{"line":18,"column":19},"end":{"line":242,"column":1}},"1":{"start":{"line":19,"column":40},"end":{"line":19,"column":45}},"2":{"start":{"line":20,"column":33},"end":{"line":20,"column":45}},"3":{"start":{"line":21,"column":28},"end":{"line":26,"column":4}},"4":{"start":{"line":27,"column":48},"end":{"line":27,"column":63}},"5":{"start":{"line":30,"column":2},"end":{"line":68,"column":5}},"6":{"start":{"line":31,"column":4},"end":{"line":31,"column":63}},"7":{"start":{"line":32,"column":4},"end":{"line":32,"column":57}},"8":{"start":{"line":33,"column":18},"end":{"line":33,"column":72}},"9":{"start":{"line":36,"column":28},"end":{"line":47,"column":5}},"10":{"start":{"line":37,"column":6},"end":{"line":46,"column":7}},"11":{"start":{"line":38,"column":8},"end":{"line":38,"column":18}},"12":{"start":{"line":40,"column":8},"end":{"line":45,"column":11}},"13":{"start":{"line":49,"column":4},"end":{"line":53,"column":5}},"14":{"start":{"line":50,"column":6},"end":{"line":50,"column":60}},"15":{"start":{"line":52,"column":6},"end":{"line":52,"column":16}},"16":{"start":{"line":55,"column":4},"end":{"line":60,"column":6}},"17":{"start":{"line":56,"column":6},"end":{"line":56,"column":49}},"18":{"start":{"line":57,"column":6},"end":{"line":57,"column":46}},"19":{"start":{"line":58,"column":6},"end":{"line":58,"column":21}},"20":{"start":{"line":59,"column":6},"end":{"line":59,"column":38}},"21":{"start":{"line":71,"column":2},"end":{"line":73,"column":38}},"22":{"start":{"line":72,"column":4},"end":{"line":72,"column":14}},"23":{"start":{"line":76,"column":28},"end":{"line":79,"column":3}},"24":{"start":{"line":77,"column":10},"end":{"line":77,"column":42}},"25":{"start":{"line":80,"column":2},"end":{"line":87,"column":4}},"26":{"start":{"line":81,"column":4},"end":{"line":86,"column":7}},"27":{"start":{"line":88,"column":2},"end":{"line":101,"column":4}},"28":{"start":{"line":89,"column":4},"end":{"line":94,"column":7}},"29":{"start":{"line":95,"column":4},"end":{"line":100,"column":5}},"30":{"start":{"line":96,"column":6},"end":{"line":96,"column":16}},"31":{"start":{"line":99,"column":6},"end":{"line":99,"column":16}},"32":{"start":{"line":102,"column":2},"end":{"line":109,"column":4}},"33":{"start":{"line":103,"column":4},"end":{"line":108,"column":7}},"34":{"start":{"line":112,"column":25},"end":{"line":115,"column":3}},"35":{"start":{"line":113,"column":10},"end":{"line":113,"column":39}},"36":{"start":{"line":116,"column":2},"end":{"line":120,"column":4}},"37":{"start":{"line":117,"column":4},"end":{"line":119,"column":5}},"38":{"start":{"line":118,"column":6},"end":{"line":118,"column":54}},"39":{"start":{"line":121,"column":2},"end":{"line":127,"column":4}},"40":{"start":{"line":122,"column":4},"end":{"line":126,"column":5}},"41":{"start":{"line":123,"column":6},"end":{"line":123,"column":57}},"42":{"start":{"line":125,"column":6},"end":{"line":125,"column":26}},"43":{"start":{"line":130,"column":28},"end":{"line":139,"column":3}},"44":{"start":{"line":132,"column":6},"end":{"line":136,"column":7}},"45":{"start":{"line":133,"column":8},"end":{"line":133,"column":38}},"46":{"start":{"line":135,"column":8},"end":{"line":135,"column":38}},"47":{"start":{"line":142,"column":39},"end":{"line":159,"column":15}},"48":{"start":{"line":143,"column":20},"end":{"line":143,"column":56}},"49":{"start":{"line":145,"column":4},"end":{"line":158,"column":7}},"50":{"start":{"line":146,"column":6},"end":{"line":146,"column":38}},"51":{"start":{"line":147,"column":6},"end":{"line":157,"column":7}},"52":{"start":{"line":149,"column":8},"end":{"line":154,"column":11}},"53":{"start":{"line":156,"column":8},"end":{"line":156,"column":73}},"54":{"start":{"line":162,"column":18},"end":{"line":173,"column":74}},"55":{"start":{"line":163,"column":4},"end":{"line":163,"column":38}},"56":{"start":{"line":166,"column":4},"end":{"line":172,"column":5}},"57":{"start":{"line":167,"column":6},"end":{"line":167,"column":37}},"58":{"start":{"line":170,"column":6},"end":{"line":170,"column":38}},"59":{"start":{"line":171,"column":6},"end":{"line":171,"column":71}},"60":{"start":{"line":177,"column":4},"end":{"line":179,"column":11}},"61":{"start":{"line":183,"column":4},"end":{"line":204,"column":6}},"62":{"start":{"line":185,"column":30},"end":{"line":185,"column":50}},"63":{"start":{"line":186,"column":28},"end":{"line":186,"column":39}},"64":{"start":{"line":208,"column":4},"end":{"line":228,"column":10}},"65":{"start":{"line":210,"column":23},"end":{"line":210,"column":47}},"66":{"start":{"line":224,"column":10},"end":{"line":224,"column":36}},"67":{"start":{"line":225,"column":10},"end":{"line":225,"column":30}},"68":{"start":{"line":231,"column":2},"end":{"line":241,"column":4}}},"fnMap":{"0":{"name":"(anonymous_0)","decl":{"start":{"line":18,"column":19},"end":{"line":18,"column":20}},"loc":{"start":{"line":18,"column":28},"end":{"line":242,"column":1}},"line":18},"1":{"name":"(anonymous_1)","decl":{"start":{"line":30,"column":12},"end":{"line":30,"column":13}},"loc":{"start":{"line":30,"column":18},"end":{"line":61,"column":3}},"line":30},"2":{"name":"(anonymous_2)","decl":{"start":{"line":36,"column":28},"end":{"line":36,"column":29}},"loc":{"start":{"line":36,"column":40},"end":{"line":47,"column":5}},"line":36},"3":{"name":"(anonymous_3)","decl":{"start":{"line":55,"column":11},"end":{"line":55,"column":12}},"loc":{"start":{"line":55,"column":17},"end":{"line":60,"column":5}},"line":55},"4":{"name":"(anonymous_4)","decl":{"start":{"line":71,"column":12},"end":{"line":71,"column":13}},"loc":{"start":{"line":71,"column":18},"end":{"line":73,"column":3}},"line":71},"5":{"name":"(anonymous_5)","decl":{"start":{"line":77,"column":4},"end":{"line":77,"column":5}},"loc":{"start":{"line":77,"column":10},"end":{"line":77,"column":42}},"line":77},"6":{"name":"(anonymous_6)","decl":{"start":{"line":80,"column":41},"end":{"line":80,"column":42}},"loc":{"start":{"line":80,"column":47},"end":{"line":87,"column":3}},"line":80},"7":{"name":"(anonymous_7)","decl":{"start":{"line":88,"column":43},"end":{"line":88,"column":44}},"loc":{"start":{"line":88,"column":49},"end":{"line":101,"column":3}},"line":88},"8":{"name":"(anonymous_8)","decl":{"start":{"line":102,"column":40},"end":{"line":102,"column":41}},"loc":{"start":{"line":102,"column":46},"end":{"line":109,"column":3}},"line":102},"9":{"name":"(anonymous_9)","decl":{"start":{"line":113,"column":4},"end":{"line":113,"column":5}},"loc":{"start":{"line":113,"column":10},"end":{"line":113,"column":39}},"line":113},"10":{"name":"(anonymous_10)","decl":{"start":{"line":116,"column":32},"end":{"line":116,"column":33}},"loc":{"start":{"line":116,"column":45},"end":{"line":120,"column":3}},"line":116},"11":{"name":"(anonymous_11)","decl":{"start":{"line":121,"column":30},"end":{"line":121,"column":31}},"loc":{"start":{"line":121,"column":43},"end":{"line":127,"column":3}},"line":121},"12":{"name":"(anonymous_12)","decl":{"start":{"line":131,"column":4},"end":{"line":131,"column":5}},"loc":{"start":{"line":131,"column":16},"end":{"line":137,"column":5}},"line":131},"13":{"name":"(anonymous_13)","decl":{"start":{"line":142,"column":51},"end":{"line":142,"column":52}},"loc":{"start":{"line":142,"column":57},"end":{"line":159,"column":3}},"line":142},"14":{"name":"(anonymous_14)","decl":{"start":{"line":145,"column":19},"end":{"line":145,"column":20}},"loc":{"start":{"line":145,"column":47},"end":{"line":158,"column":5}},"line":145},"15":{"name":"(anonymous_15)","decl":{"start":{"line":162,"column":30},"end":{"line":162,"column":31}},"loc":{"start":{"line":162,"column":36},"end":{"line":173,"column":3}},"line":162},"16":{"name":"(anonymous_16)","decl":{"start":{"line":185,"column":18},"end":{"line":185,"column":19}},"loc":{"start":{"line":185,"column":30},"end":{"line":185,"column":50}},"line":185},"17":{"name":"(anonymous_17)","decl":{"start":{"line":186,"column":20},"end":{"line":186,"column":21}},"loc":{"start":{"line":186,"column":28},"end":{"line":186,"column":39}},"line":186},"18":{"name":"(anonymous_18)","decl":{"start":{"line":210,"column":17},"end":{"line":210,"column":18}},"loc":{"start":{"line":210,"column":23},"end":{"line":210,"column":47}},"line":210},"19":{"name":"(anonymous_19)","decl":{"start":{"line":223,"column":17},"end":{"line":223,"column":18}},"loc":{"start":{"line":223,"column":23},"end":{"line":226,"column":9}},"line":223}},"branchMap":{"0":{"loc":{"start":{"line":23,"column":6},"end":{"line":23,"column":78}},"type":"cond-expr","locations":[{"start":{"line":23,"column":40},"end":{"line":23,"column":55}},{"start":{"line":23,"column":58},"end":{"line":23,"column":78}}],"line":23},"1":{"loc":{"start":{"line":37,"column":6},"end":{"line":46,"column":7}},"type":"if","locations":[{"start":{"line":37,"column":6},"end":{"line":46,"column":7}},{"start":{"line":37,"column":6},"end":{"line":46,"column":7}}],"line":37},"2":{"loc":{"start":{"line":49,"column":4},"end":{"line":53,"column":5}},"type":"if","locations":[{"start":{"line":49,"column":4},"end":{"line":53,"column":5}},{"start":{"line":49,"column":4},"end":{"line":53,"column":5}}],"line":49},"3":{"loc":{"start":{"line":95,"column":4},"end":{"line":100,"column":5}},"type":"if","locations":[{"start":{"line":95,"column":4},"end":{"line":100,"column":5}},{"start":{"line":95,"column":4},"end":{"line":100,"column":5}}],"line":95},"4":{"loc":{"start":{"line":117,"column":4},"end":{"line":119,"column":5}},"type":"if","locations":[{"start":{"line":117,"column":4},"end":{"line":119,"column":5}},{"start":{"line":117,"column":4},"end":{"line":119,"column":5}}],"line":117},"5":{"loc":{"start":{"line":122,"column":4},"end":{"line":126,"column":5}},"type":"if","locations":[{"start":{"line":122,"column":4},"end":{"line":126,"column":5}},{"start":{"line":122,"column":4},"end":{"line":126,"column":5}}],"line":122},"6":{"loc":{"start":{"line":132,"column":6},"end":{"line":136,"column":7}},"type":"if","locations":[{"start":{"line":132,"column":6},"end":{"line":136,"column":7}},{"start":{"line":132,"column":6},"end":{"line":136,"column":7}}],"line":132},"7":{"loc":{"start":{"line":147,"column":6},"end":{"line":157,"column":7}},"type":"if","locations":[{"start":{"line":147,"column":6},"end":{"line":157,"column":7}},{"start":{"line":147,"column":6},"end":{"line":157,"column":7}}],"line":147},"8":{"loc":{"start":{"line":166,"column":4},"end":{"line":172,"column":5}},"type":"if","locations":[{"start":{"line":166,"column":4},"end":{"line":172,"column":5}},{"start":{"line":166,"column":4},"end":{"line":172,"column":5}}],"line":166},"9":{"loc":{"start":{"line":178,"column":7},"end":{"line":178,"column":73}},"type":"cond-expr","locations":[{"start":{"line":178,"column":40},"end":{"line":178,"column":61}},{"start":{"line":178,"column":64},"end":{"line":178,"column":73}}],"line":178},"10":{"loc":{"start":{"line":198,"column":8},"end":{"line":202,"column":9}},"type":"binary-expr","locations":[{"start":{"line":198,"column":8},"end":{"line":198,"column":19}},{"start":{"line":199,"column":10},"end":{"line":201,"column":16}}],"line":198},"11":{"loc":{"start":{"line":234,"column":46},"end":{"line":234,"column":75}},"type":"cond-expr","locations":[{"start":{"line":234,"column":70},"end":{"line":234,"column":71}},{"start":{"line":234,"column":74},"end":{"line":234,"column":75}}],"line":234},"12":{"loc":{"start":{"line":238,"column":9},"end":{"line":238,"column":70}},"type":"cond-expr","locations":[{"start":{"line":238,"column":43},"end":{"line":238,"column":58}},{"start":{"line":238,"column":61},"end":{"line":238,"column":70}}],"line":238}},"s":{"0":1,"1":0,"2":0,"3":0,"4":0,"5":0,"6":0,"7":0,"8":0,"9":0,"10":0,"11":0,"12":0,"13":0,"14":0,"15":0,"16":0,"17":0,"18":0,"19":0,"20":0,"21":0,"22":0,"23":0,"24":0,"25":0,"26":0,"27":0,"28":0,"29":0,"30":0,"31":0,"32":0,"33":0,"34":0,"35":0,"36":0,"37":0,"38":0,"39":0,"40":0,"41":0,"42":0,"43":0,"44":0,"45":0,"46":0,"47":0,"48":0,"49":0,"50":0,"51":0,"52":0,"53":0,"54":0,"55":0,"56":0,"57":0,"58":0,"59":0,"60":0,"61":0,"62":0,"63":0,"64":0,"65":0,"66":0,"67":0,"68":0},"f":{"0":0,"1":0,"2":0,"3":0,"4":0,"5":0,"6":0,"7":0,"8":0,"9":0,"10":0,"11":0,"12":0,"13":0,"14":0,"15":0,"16":0,"17":0,"18":0,"19":0},"b":{"0":[0,0],"1":[0,0],"2":[0,0],"3":[0,0],"4":[0,0],"5":[0,0],"6":[0,0],"7":[0,0],"8":[0,0],"9":[0,0],"10":[0,0],"11":[0,0],"12":[0,0]},"_coverageSchema":"1a1c01bbd47fc00a2c39e90264f33305004495a9","hash":"1c577ef6afadb44afd6b8c867260cc62582c504e"}
,"/Users/nicolasta/Documents/Projet/chatApp/src/styles/channel.style.js": {"path":"/Users/nicolasta/Documents/Projet/chatApp/src/styles/channel.style.js","statementMap":{},"fnMap":{},"branchMap":{},"s":{},"f":{},"b":{},"_coverageSchema":"1a1c01bbd47fc00a2c39e90264f33305004495a9","hash":"9e75c74d986ad952887259f1c2b2da1639ae334d"}
,"/Users/nicolasta/Documents/Projet/chatApp/src/styles/chat.style.js": {"path":"/Users/nicolasta/Documents/Projet/chatApp/src/styles/chat.style.js","statementMap":{},"fnMap":{},"branchMap":{},"s":{},"f":{},"b":{},"_coverageSchema":"1a1c01bbd47fc00a2c39e90264f33305004495a9","hash":"ad3a675c10a5893ab552458e4545f2d21d4fbde4"}
,"/Users/nicolasta/Documents/Projet/chatApp/src/styles/index.js": {"path":"/Users/nicolasta/Documents/Projet/chatApp/src/styles/index.js","statementMap":{},"fnMap":{},"branchMap":{},"s":{},"f":{},"b":{},"_coverageSchema":"1a1c01bbd47fc00a2c39e90264f33305004495a9","hash":"e2e62810f69a1b28530499bb20f866b8d19437f7"}
,"/Users/nicolasta/Documents/Projet/chatApp/src/styles/login.style.js": {"path":"/Users/nicolasta/Documents/Projet/chatApp/src/styles/login.style.js","statementMap":{},"fnMap":{},"branchMap":{},"s":{},"f":{},"b":{},"_coverageSchema":"1a1c01bbd47fc00a2c39e90264f33305004495a9","hash":"9edc5d5bdbf8a80debceafef5e318e1b401bacbb"}
,"/Users/nicolasta/Documents/Projet/chatApp/src/styles/member.style.js": {"path":"/Users/nicolasta/Documents/Projet/chatApp/src/styles/member.style.js","statementMap":{},"fnMap":{},"branchMap":{},"s":{},"f":{},"b":{},"_coverageSchema":"1a1c01bbd47fc00a2c39e90264f33305004495a9","hash":"5bb2c8ab279d8cf942450e15ec574194a51ab463"}
}
