TN:
SF:App.js
FN:28,(anonymous_0)
FNF:1
FNH:1
FNDA:1,(anonymous_0)
DA:19,1
DA:20,1
DA:21,1
DA:22,1
DA:24,1
DA:28,1
DA:29,1
LF:7
LH:7
BRF:0
BRH:0
end_of_record
TN:
SF:src/context.js
FN:4,(anonymous_0)
FN:5,(anonymous_1)
FN:8,(anonymous_2)
FNF:3
FNH:1
FNDA:10,(anonymous_0)
FNDA:0,(anonymous_1)
FNDA:0,(anonymous_2)
DA:3,1
DA:4,1
DA:5,10
DA:6,0
DA:9,0
DA:10,0
DA:11,0
DA:16,10
LF:8
LH:4
BRDA:4,0,0,10
BRDA:9,1,0,0
BRDA:9,1,1,0
BRF:3
BRH:1
end_of_record
TN:
SF:src/assets/no-avatar.png
FNF:0
FNH:0
DA:1,1
LF:1
LH:1
BRF:0
BRH:0
end_of_record
TN:
SF:src/components/adminMessage.js
FN:6,(anonymous_0)
FNF:1
FNH:0
FNDA:0,(anonymous_0)
DA:6,1
DA:7,0
DA:8,0
DA:18,1
LF:4
LH:2
BRF:0
BRH:0
end_of_record
TN:
SF:src/components/channel.js
FN:15,(anonymous_0)
FN:24,(anonymous_1)
FN:27,(anonymous_2)
FN:35,(anonymous_3)
FN:42,(anonymous_4)
FN:53,(anonymous_5)
FN:60,(anonymous_6)
FN:74,(anonymous_7)
FN:81,(anonymous_8)
FN:91,(anonymous_9)
FN:98,(anonymous_10)
FN:109,(anonymous_11)
FNF:12
FNH:0
FNDA:0,(anonymous_0)
FNDA:0,(anonymous_1)
FNDA:0,(anonymous_2)
FNDA:0,(anonymous_3)
FNDA:0,(anonymous_4)
FNDA:0,(anonymous_5)
FNDA:0,(anonymous_6)
FNDA:0,(anonymous_7)
FNDA:0,(anonymous_8)
FNDA:0,(anonymous_9)
FNDA:0,(anonymous_10)
FNDA:0,(anonymous_11)
DA:15,1
DA:16,0
DA:17,0
DA:18,0
DA:19,0
DA:20,0
DA:23,0
DA:24,0
DA:27,0
DA:28,0
DA:29,0
DA:30,0
DA:31,0
DA:32,0
DA:35,0
DA:36,0
DA:37,0
DA:38,0
DA:42,0
DA:43,0
DA:44,0
DA:45,0
DA:53,0
DA:54,0
DA:60,0
DA:61,0
DA:62,0
DA:63,0
DA:64,0
DA:65,0
DA:66,0
DA:74,0
DA:75,0
DA:81,0
DA:82,0
DA:91,0
DA:93,0
DA:94,0
DA:95,0
DA:96,0
DA:97,0
DA:98,0
DA:99,0
DA:102,0
DA:109,0
LF:45
LH:1
BRDA:28,0,0,0
BRDA:28,0,1,0
BRDA:36,1,0,0
BRDA:36,1,1,0
BRDA:37,2,0,0
BRDA:37,2,1,0
BRDA:43,3,0,0
BRDA:43,3,1,0
BRDA:44,4,0,0
BRDA:44,4,1,0
BRDA:61,5,0,0
BRDA:61,5,1,0
BRDA:63,6,0,0
BRDA:63,6,1,0
BRDA:65,7,0,0
BRDA:65,7,1,0
BRDA:84,8,0,0
BRDA:84,8,1,0
BRDA:107,9,0,0
BRDA:107,9,1,0
BRDA:112,10,0,0
BRDA:112,10,1,0
BRDA:126,11,0,0
BRDA:126,11,1,0
BRF:24
BRH:0
end_of_record
TN:
SF:src/components/channelList.js
FN:8,(anonymous_0)
FN:16,(anonymous_1)
FN:21,(anonymous_2)
FN:24,(anonymous_3)
FN:46,(anonymous_4)
FNF:5
FNH:0
FNDA:0,(anonymous_0)
FNDA:0,(anonymous_1)
FNDA:0,(anonymous_2)
FNDA:0,(anonymous_3)
FNDA:0,(anonymous_4)
DA:8,1
DA:9,0
DA:10,0
DA:17,0
DA:21,0
DA:24,0
DA:46,0
LF:7
LH:1
BRDA:35,0,0,0
BRDA:35,0,1,0
BRF:2
BRH:0
end_of_record
TN:
SF:src/components/index.js
FNF:0
FNH:0
LF:0
LH:0
BRF:0
BRH:0
end_of_record
TN:
SF:src/components/inviteModal.js
FN:9,(anonymous_0)
FN:22,(anonymous_1)
FN:27,(anonymous_2)
FN:33,(anonymous_3)
FN:45,(anonymous_4)
FN:50,(anonymous_5)
FN:51,(anonymous_6)
FN:64,(anonymous_7)
FN:80,(anonymous_8)
FN:91,(anonymous_9)
FN:106,(anonymous_10)
FN:122,(anonymous_11)
FN:135,(anonymous_12)
FN:143,(anonymous_13)
FN:163,(anonymous_14)
FN:183,(anonymous_15)
FN:190,(anonymous_16)
FNF:17
FNH:0
FNDA:0,(anonymous_0)
FNDA:0,(anonymous_1)
FNDA:0,(anonymous_2)
FNDA:0,(anonymous_3)
FNDA:0,(anonymous_4)
FNDA:0,(anonymous_5)
FNDA:0,(anonymous_6)
FNDA:0,(anonymous_7)
FNDA:0,(anonymous_8)
FNDA:0,(anonymous_9)
FNDA:0,(anonymous_10)
FNDA:0,(anonymous_11)
FNDA:0,(anonymous_12)
FNDA:0,(anonymous_13)
FNDA:0,(anonymous_14)
FNDA:0,(anonymous_15)
FNDA:0,(anonymous_16)
DA:9,1
DA:10,0
DA:11,0
DA:13,0
DA:22,0
DA:23,0
DA:27,0
DA:28,0
DA:30,0
DA:31,0
DA:33,0
DA:34,0
DA:35,0
DA:42,0
DA:44,0
DA:45,0
DA:46,0
DA:48,0
DA:49,0
DA:51,0
DA:52,0
DA:56,0
DA:58,0
DA:64,0
DA:65,0
DA:66,0
DA:67,0
DA:69,0
DA:70,0
DA:80,0
DA:81,0
DA:82,0
DA:83,0
DA:84,0
DA:85,0
DA:86,0
DA:91,0
DA:92,0
DA:93,0
DA:94,0
DA:96,0
DA:106,0
DA:107,0
DA:108,0
DA:110,0
DA:112,0
DA:122,0
DA:123,0
DA:124,0
DA:126,0
DA:133,0
DA:136,0
DA:143,0
DA:161,0
DA:164,0
DA:165,0
DA:184,0
DA:185,0
DA:191,0
DA:201,0
LF:60
LH:1
BRDA:34,0,0,0
BRDA:34,0,1,0
BRDA:42,1,0,0
BRDA:42,1,1,0
BRDA:46,2,0,0
BRDA:46,2,1,0
BRDA:48,3,0,0
BRDA:48,3,1,0
BRDA:65,4,0,0
BRDA:65,4,1,0
BRDA:81,5,0,0
BRDA:81,5,1,0
BRDA:92,6,0,0
BRDA:92,6,1,0
BRDA:107,7,0,0
BRDA:107,7,1,0
BRDA:123,8,0,0
BRDA:123,8,1,0
BRDA:146,9,0,0
BRDA:146,9,1,0
BRDA:172,10,0,0
BRDA:172,10,1,0
BRDA:191,11,0,0
BRDA:191,11,1,0
BRF:24
BRH:0
end_of_record
TN:
SF:src/components/message.js
FN:7,(anonymous_0)
FNF:1
FNH:0
FNDA:0,(anonymous_0)
DA:7,1
DA:8,0
DA:9,0
DA:10,0
DA:11,0
DA:12,0
DA:13,0
DA:15,0
LF:8
LH:1
BRDA:10,0,0,0
BRDA:10,0,1,0
BRDA:12,1,0,0
BRDA:12,1,1,0
BRF:4
BRH:0
end_of_record
TN:
SF:src/components/user.js
FN:10,(anonymous_0)
FN:13,(anonymous_1)
FN:26,(anonymous_2)
FNF:3
FNH:0
FNDA:0,(anonymous_0)
FNDA:0,(anonymous_1)
FNDA:0,(anonymous_2)
DA:8,1
DA:10,1
DA:11,0
DA:12,0
DA:13,0
DA:14,0
DA:15,0
DA:16,0
DA:19,0
DA:26,0
DA:42,1
LF:11
LH:3
BRDA:14,0,0,0
BRDA:14,0,1,0
BRDA:24,1,0,0
BRDA:24,1,1,0
BRDA:29,2,0,0
BRDA:29,2,1,0
BRDA:32,3,0,0
BRDA:32,3,1,0
BRDA:35,4,0,0
BRDA:35,4,1,0
BRDA:37,5,0,0
BRDA:37,5,1,0
BRF:12
BRH:0
end_of_record
TN:
SF:src/components/userMessage.js
FN:11,(anonymous_0)
FN:16,(anonymous_1)
FN:19,(anonymous_2)
FN:27,(anonymous_3)
FNF:4
FNH:0
FNDA:0,(anonymous_0)
FNDA:0,(anonymous_1)
FNDA:0,(anonymous_2)
FNDA:0,(anonymous_3)
DA:9,1
DA:11,1
DA:12,0
DA:13,0
DA:14,0
DA:16,0
DA:17,0
DA:18,0
DA:19,0
DA:20,0
DA:24,0
DA:27,0
DA:98,1
LF:13
LH:3
BRDA:30,0,0,0
BRDA:30,0,1,0
BRDA:33,1,0,0
BRDA:33,1,1,0
BRDA:36,2,0,0
BRDA:36,2,1,0
BRDA:49,3,0,0
BRDA:49,3,1,0
BRDA:51,4,0,0
BRDA:51,4,1,0
BRDA:57,5,0,0
BRDA:57,5,1,0
BRDA:62,6,0,0
BRDA:62,6,1,0
BRDA:69,7,0,0
BRDA:69,7,1,0
BRDA:71,8,0,0
BRDA:71,8,1,0
BRDA:72,9,0,0
BRDA:72,9,1,0
BRDA:83,10,0,0
BRDA:83,10,1,0
BRDA:85,11,0,0
BRDA:85,11,1,0
BRF:24
BRH:0
end_of_record
TN:
SF:src/misc/config.js
FNF:0
FNH:0
DA:1,1
DA:3,1
LF:2
LH:2
BRF:0
BRH:0
end_of_record
TN:
SF:src/misc/constants.js
FNF:0
FNH:0
DA:2,1
DA:11,1
LF:2
LH:2
BRF:0
BRH:0
end_of_record
TN:
SF:src/misc/utils.js
FN:9,(anonymous_0)
FN:16,(anonymous_1)
FN:18,(anonymous_2)
FN:33,(anonymous_3)
FNF:4
FNH:0
FNDA:0,(anonymous_0)
FNDA:0,(anonymous_1)
FNDA:0,(anonymous_2)
FNDA:0,(anonymous_3)
DA:1,1
DA:2,1
DA:3,1
DA:9,1
DA:10,0
DA:16,1
DA:17,0
DA:18,0
DA:19,0
DA:20,0
DA:27,0
DA:30,0
DA:33,1
DA:34,0
DA:35,0
DA:37,0
LF:16
LH:6
BRDA:10,0,0,0
BRDA:10,0,1,0
BRDA:17,1,0,0
BRDA:17,1,1,0
BRDA:17,2,0,0
BRDA:17,2,1,0
BRDA:19,3,0,0
BRDA:19,3,1,0
BRDA:34,4,0,0
BRDA:34,4,1,0
BRF:10
BRH:0
end_of_record
TN:
SF:src/reducers/channel.js
FN:1,(anonymous_0)
FN:21,(anonymous_1)
FN:26,(anonymous_2)
FN:50,(anonymous_3)
FN:54,(anonymous_4)
FN:81,(anonymous_5)
FN:82,(anonymous_6)
FN:94,(anonymous_7)
FNF:8
FNH:8
FNDA:14,(anonymous_0)
FNDA:2,(anonymous_1)
FNDA:4,(anonymous_2)
FNDA:2,(anonymous_3)
FNDA:3,(anonymous_4)
FNDA:4,(anonymous_5)
FNDA:2,(anonymous_6)
FNDA:2,(anonymous_7)
DA:1,2
DA:2,14
DA:4,1
DA:15,1
DA:20,1
DA:22,2
DA:25,1
DA:27,4
DA:28,4
DA:29,4
DA:32,1
DA:33,1
DA:34,5
DA:35,5
DA:37,1
DA:46,2
DA:48,2
DA:50,2
DA:53,2
DA:55,3
DA:56,3
DA:57,3
DA:60,2
DA:61,2
DA:62,4
DA:63,4
DA:65,2
DA:74,4
DA:75,4
DA:81,4
DA:83,2
DA:84,2
DA:85,2
DA:93,2
DA:94,2
DA:95,2
DA:103,1
DA:104,1
DA:107,1
DA:108,1
DA:111,1
DA:112,1
DA:115,1
LF:43
LH:43
BRDA:2,0,0,1
BRDA:2,0,1,1
BRDA:2,0,2,2
BRDA:2,0,3,2
BRDA:2,0,4,4
BRDA:2,0,5,1
BRDA:2,0,6,2
BRDA:2,0,7,1
BRDA:2,0,8,1
BRDA:2,0,9,1
BRDA:15,1,0,1
BRDA:15,1,1,0
BRDA:20,2,0,1
BRDA:20,2,1,0
BRDA:22,3,0,2
BRDA:22,3,1,2
BRDA:27,4,0,4
BRDA:27,4,1,0
BRDA:28,5,0,4
BRDA:28,5,1,0
BRDA:41,6,0,0
BRDA:41,6,1,1
BRDA:46,7,0,2
BRDA:46,7,1,1
BRDA:48,8,0,1
BRDA:48,8,1,1
BRDA:50,9,0,2
BRDA:50,9,1,2
BRDA:55,10,0,3
BRDA:55,10,1,0
BRDA:56,11,0,3
BRDA:56,11,1,0
BRDA:69,12,0,1
BRDA:69,12,1,1
BRDA:74,13,0,4
BRDA:74,13,1,2
BRDA:77,14,0,2
BRDA:77,14,1,2
BRDA:78,15,0,2
BRDA:78,15,1,2
BRDA:83,16,0,2
BRDA:83,16,1,0
BRDA:84,17,0,2
BRDA:84,17,1,0
BRDA:93,18,0,2
BRDA:93,18,1,1
BRDA:97,19,0,1
BRDA:97,19,1,1
BRDA:99,20,0,1
BRDA:99,20,1,1
BRDA:103,21,0,1
BRDA:103,22,0,1
BRDA:103,22,1,1
BRDA:107,23,0,1
BRDA:107,24,0,1
BRDA:107,24,1,1
BRDA:111,25,0,1
BRDA:111,25,1,1
BRF:58
BRH:49
end_of_record
TN:
SF:src/reducers/chat.js
FN:1,(anonymous_0)
FN:19,(anonymous_1)
FNF:2
FNH:1
FNDA:12,(anonymous_0)
FNDA:0,(anonymous_1)
DA:1,2
DA:2,12
DA:4,1
DA:13,2
DA:15,2
DA:16,1
DA:18,1
DA:19,0
DA:21,1
DA:22,1
DA:23,0
DA:30,1
DA:31,1
DA:32,0
DA:33,0
DA:35,1
DA:43,2
DA:44,2
DA:45,0
DA:50,2
DA:60,2
DA:61,2
DA:62,1
DA:63,0
DA:68,1
DA:76,1
DA:77,0
DA:78,0
DA:79,0
DA:80,0
DA:81,0
DA:89,1
DA:93,1
DA:94,1
DA:97,1
DA:100,1
DA:101,1
DA:104,1
DA:105,1
DA:108,2
LF:40
LH:29
BRDA:2,0,0,1
BRDA:2,0,1,2
BRDA:2,0,2,2
BRDA:2,0,3,2
BRDA:2,0,4,1
BRDA:2,0,5,1
BRDA:2,0,6,1
BRDA:2,0,7,1
BRDA:13,1,0,2
BRDA:13,1,1,1
BRDA:15,2,0,1
BRDA:15,2,1,1
BRDA:24,3,0,0
BRDA:24,3,1,0
BRDA:24,3,2,0
BRDA:39,4,0,1
BRDA:39,4,1,0
BRDA:43,5,0,2
BRDA:43,5,1,1
BRDA:44,6,0,0
BRDA:44,6,1,2
BRDA:46,7,0,0
BRDA:46,7,1,0
BRDA:46,7,2,0
BRDA:53,8,0,1
BRDA:53,8,1,1
BRDA:56,9,0,0
BRDA:56,9,1,2
BRDA:60,10,0,2
BRDA:60,10,1,1
BRDA:61,11,0,1
BRDA:61,11,1,1
BRDA:61,12,0,2
BRDA:61,12,1,1
BRDA:62,13,0,0
BRDA:62,13,1,1
BRDA:63,14,0,0
BRDA:63,14,1,0
BRDA:63,14,2,0
BRDA:72,15,0,1
BRDA:72,15,1,0
BRDA:77,16,0,0
BRDA:77,16,1,0
BRDA:83,17,0,0
BRDA:83,17,1,0
BRDA:93,18,0,1
BRDA:93,18,1,1
BRDA:100,19,0,1
BRDA:100,19,1,1
BRDA:104,20,0,1
BRDA:104,20,1,1
BRF:51
BRH:33
end_of_record
TN:
SF:src/reducers/index.js
FNF:0
FNH:0
LF:0
LH:0
BRF:0
BRH:0
end_of_record
TN:
SF:src/reducers/invite.js
FN:1,(anonymous_0)
FN:22,(anonymous_1)
FN:26,(anonymous_2)
FN:65,(anonymous_3)
FNF:4
FNH:0
FNDA:0,(anonymous_0)
FNDA:0,(anonymous_1)
FNDA:0,(anonymous_2)
FNDA:0,(anonymous_3)
DA:1,1
DA:2,0
DA:4,0
DA:14,0
DA:21,0
DA:22,0
DA:24,0
DA:25,0
DA:26,0
DA:29,0
DA:30,0
DA:31,0
DA:32,0
DA:33,0
DA:36,0
DA:37,0
DA:38,0
DA:39,0
DA:41,0
DA:48,0
DA:49,0
DA:50,0
DA:56,0
DA:59,0
DA:60,0
DA:61,0
DA:65,0
DA:69,0
DA:72,0
DA:73,0
DA:76,0
DA:77,0
DA:80,0
DA:81,0
DA:84,0
LF:35
LH:1
BRDA:2,0,0,0
BRDA:2,0,1,0
BRDA:2,0,2,0
BRDA:2,0,3,0
BRDA:2,0,4,0
BRDA:2,0,5,0
BRDA:2,0,6,0
BRDA:2,0,7,0
BRDA:21,1,0,0
BRDA:21,1,1,0
BRDA:25,2,0,0
BRDA:25,2,1,0
BRDA:32,3,0,0
BRDA:32,3,1,0
BRDA:48,4,0,0
BRDA:48,4,1,0
BRDA:49,5,0,0
BRDA:49,5,1,0
BRDA:59,6,0,0
BRDA:59,6,1,0
BRDA:60,7,0,0
BRDA:60,7,1,0
BRDA:72,8,0,0
BRDA:72,9,0,0
BRDA:72,9,1,0
BRDA:76,10,0,0
BRDA:76,11,0,0
BRDA:76,11,1,0
BRDA:80,12,0,0
BRDA:80,12,1,0
BRF:30
BRH:0
end_of_record
TN:
SF:src/reducers/login.js
FN:1,(anonymous_0)
FNF:1
FNH:1
FNDA:6,(anonymous_0)
DA:1,2
DA:2,6
DA:4,1
DA:5,1
DA:8,1
DA:9,1
DA:12,1
DA:15,1
DA:18,1
DA:19,1
DA:22,1
LF:11
LH:11
BRDA:2,0,0,1
BRDA:2,0,1,1
BRDA:2,0,2,1
BRDA:2,0,3,1
BRDA:2,0,4,1
BRDA:4,1,0,1
BRDA:4,1,1,1
BRDA:8,2,0,1
BRDA:8,2,1,1
BRDA:18,3,0,1
BRDA:18,3,1,1
BRF:11
BRH:11
end_of_record
TN:
SF:src/reducers/member.js
FN:1,(anonymous_0)
FN:9,(anonymous_1)
FNF:2
FNH:2
FNDA:9,(anonymous_0)
FNDA:4,(anonymous_1)
DA:1,2
DA:2,9
DA:4,1
DA:5,1
DA:8,4
DA:9,4
DA:10,2
DA:12,2
DA:15,1
DA:18,1
DA:19,1
DA:22,1
DA:23,1
DA:26,3
LF:14
LH:14
BRDA:2,0,0,1
BRDA:2,0,1,4
BRDA:2,0,2,1
BRDA:2,0,3,1
BRDA:2,0,4,1
BRDA:4,1,0,1
BRDA:4,1,1,1
BRDA:8,2,0,4
BRDA:8,2,1,1
BRDA:9,3,0,2
BRDA:9,3,1,2
BRDA:9,4,0,4
BRDA:9,4,1,3
BRDA:18,5,0,1
BRDA:18,5,1,1
BRDA:22,6,0,1
BRDA:22,6,1,1
BRF:17
BRH:17
end_of_record
TN:
SF:src/screens/chat.js
FN:9,(anonymous_0)
FN:15,(anonymous_1)
FN:26,(anonymous_2)
FN:37,(anonymous_3)
FN:42,(anonymous_4)
FN:53,(anonymous_5)
FNF:6
FNH:0
FNDA:0,(anonymous_0)
FNDA:0,(anonymous_1)
FNDA:0,(anonymous_2)
FNDA:0,(anonymous_3)
FNDA:0,(anonymous_4)
FNDA:0,(anonymous_5)
DA:9,1
DA:10,0
DA:11,0
DA:12,0
DA:15,0
DA:16,0
DA:17,0
DA:18,0
DA:26,0
DA:27,0
DA:28,0
DA:29,0
DA:37,0
DA:38,0
DA:43,0
DA:50,0
DA:54,0
DA:55,0
DA:62,0
DA:79,0
DA:89,0
DA:91,0
LF:22
LH:1
BRDA:69,0,0,0
BRDA:69,0,1,0
BRDA:95,1,0,0
BRDA:95,1,1,0
BRF:4
BRH:0
end_of_record
TN:
SF:src/screens/index.js
FNF:0
FNH:0
LF:0
LH:0
BRF:0
BRH:0
end_of_record
TN:
SF:src/screens/login.js
FN:11,(anonymous_0)
FN:25,(anonymous_1)
FN:47,(anonymous_2)
FN:54,(anonymous_3)
FN:61,(anonymous_4)
FN:67,(anonymous_5)
FN:72,(anonymous_6)
FN:80,(anonymous_7)
FN:81,(anonymous_8)
FN:87,(anonymous_9)
FN:113,(anonymous_10)
FN:134,(anonymous_11)
FNF:12
FNH:0
FNDA:0,(anonymous_0)
FNDA:0,(anonymous_1)
FNDA:0,(anonymous_2)
FNDA:0,(anonymous_3)
FNDA:0,(anonymous_4)
FNDA:0,(anonymous_5)
FNDA:0,(anonymous_6)
FNDA:0,(anonymous_7)
FNDA:0,(anonymous_8)
FNDA:0,(anonymous_9)
FNDA:0,(anonymous_10)
FNDA:0,(anonymous_11)
DA:11,1
DA:12,0
DA:13,0
DA:20,0
DA:25,0
DA:26,0
DA:27,0
DA:40,0
DA:47,0
DA:48,0
DA:49,0
DA:50,0
DA:53,0
DA:55,0
DA:56,0
DA:57,0
DA:59,0
DA:62,0
DA:67,0
DA:68,0
DA:69,0
DA:71,0
DA:72,0
DA:73,0
DA:80,0
DA:81,0
DA:82,0
DA:83,0
DA:87,0
DA:88,0
DA:89,0
DA:93,0
DA:95,0
DA:103,0
DA:109,0
DA:114,0
DA:115,0
DA:131,0
DA:134,0
DA:139,0
DA:149,0
DA:154,0
LF:42
LH:1
BRDA:48,0,0,0
BRDA:48,0,1,0
BRDA:55,1,0,0
BRDA:55,1,1,0
BRDA:68,2,0,0
BRDA:68,2,1,0
BRDA:82,3,0,0
BRDA:82,3,1,0
BRDA:88,4,0,0
BRDA:88,4,1,0
BRDA:139,5,0,0
BRDA:139,5,1,0
BRF:12
BRH:0
end_of_record
TN:
SF:src/screens/chatPanels/channelSelection.js
FN:17,(anonymous_0)
FN:37,(anonymous_1)
FN:42,(anonymous_2)
FN:58,(anonymous_3)
FN:74,(anonymous_4)
FN:81,(anonymous_5)
FN:89,(anonymous_6)
FN:92,(anonymous_7)
FN:100,(anonymous_8)
FN:106,(anonymous_9)
FN:117,(anonymous_10)
FN:120,(anonymous_11)
FN:125,(anonymous_12)
FN:130,(anonymous_13)
FN:133,(anonymous_14)
FN:139,(anonymous_15)
FN:152,(anonymous_16)
FN:157,(anonymous_17)
FN:164,(anonymous_18)
FN:168,(anonymous_19)
FN:188,(anonymous_20)
FN:192,(anonymous_21)
FN:215,(anonymous_22)
FN:245,(anonymous_23)
FN:258,(anonymous_24)
FN:264,(anonymous_25)
FNF:26
FNH:0
FNDA:0,(anonymous_0)
FNDA:0,(anonymous_1)
FNDA:0,(anonymous_2)
FNDA:0,(anonymous_3)
FNDA:0,(anonymous_4)
FNDA:0,(anonymous_5)
FNDA:0,(anonymous_6)
FNDA:0,(anonymous_7)
FNDA:0,(anonymous_8)
FNDA:0,(anonymous_9)
FNDA:0,(anonymous_10)
FNDA:0,(anonymous_11)
FNDA:0,(anonymous_12)
FNDA:0,(anonymous_13)
FNDA:0,(anonymous_14)
FNDA:0,(anonymous_15)
FNDA:0,(anonymous_16)
FNDA:0,(anonymous_17)
FNDA:0,(anonymous_18)
FNDA:0,(anonymous_19)
FNDA:0,(anonymous_20)
FNDA:0,(anonymous_21)
FNDA:0,(anonymous_22)
FNDA:0,(anonymous_23)
FNDA:0,(anonymous_24)
FNDA:0,(anonymous_25)
DA:17,1
DA:18,0
DA:19,0
DA:20,0
DA:21,0
DA:22,0
DA:24,0
DA:37,0
DA:38,0
DA:39,0
DA:40,0
DA:41,0
DA:42,0
DA:43,0
DA:44,0
DA:46,0
DA:55,0
DA:58,0
DA:59,0
DA:60,0
DA:61,0
DA:62,0
DA:74,0
DA:75,0
DA:76,0
DA:81,0
DA:82,0
DA:83,0
DA:88,0
DA:89,0
DA:92,0
DA:93,0
DA:100,0
DA:101,0
DA:102,0
DA:103,0
DA:106,0
DA:107,0
DA:116,0
DA:117,0
DA:120,0
DA:121,0
DA:122,0
DA:125,0
DA:126,0
DA:127,0
DA:130,0
DA:131,0
DA:133,0
DA:134,0
DA:138,0
DA:140,0
DA:141,0
DA:143,0
DA:152,0
DA:153,0
DA:157,0
DA:158,0
DA:159,0
DA:160,0
DA:164,0
DA:165,0
DA:166,0
DA:167,0
DA:168,0
DA:169,0
DA:170,0
DA:171,0
DA:176,0
DA:188,0
DA:189,0
DA:190,0
DA:191,0
DA:192,0
DA:193,0
DA:194,0
DA:195,0
DA:200,0
DA:215,0
DA:216,0
DA:217,0
DA:218,0
DA:224,0
DA:245,0
DA:251,0
DA:258,0
DA:263,0
DA:264,0
DA:272,0
LF:89
LH:1
BRDA:41,0,0,0
BRDA:41,0,1,0
BRDA:43,1,0,0
BRDA:43,1,1,0
BRDA:75,2,0,0
BRDA:75,2,1,0
BRDA:82,3,0,0
BRDA:82,3,1,0
BRDA:102,4,0,0
BRDA:102,4,1,0
BRDA:102,5,0,0
BRDA:102,5,1,0
BRDA:121,6,0,0
BRDA:121,6,1,0
BRDA:126,7,0,0
BRDA:126,7,1,0
BRDA:140,8,0,0
BRDA:140,8,1,0
BRDA:165,9,0,0
BRDA:165,9,1,0
BRDA:170,10,0,0
BRDA:170,10,1,0
BRDA:189,11,0,0
BRDA:189,11,1,0
BRDA:194,12,0,0
BRDA:194,12,1,0
BRDA:217,13,0,0
BRDA:217,13,1,0
BRDA:275,14,0,0
BRDA:275,14,1,0
BRF:30
BRH:0
end_of_record
TN:
SF:src/screens/chatPanels/currentChat.js
FN:28,(anonymous_0)
FN:44,(anonymous_1)
FN:50,(anonymous_2)
FN:66,(anonymous_3)
FN:81,(anonymous_4)
FN:87,(anonymous_5)
FN:93,(anonymous_6)
FN:96,(anonymous_7)
FN:104,(anonymous_8)
FN:115,(anonymous_9)
FN:126,(anonymous_10)
FN:129,(anonymous_11)
FN:139,(anonymous_12)
FN:149,(anonymous_13)
FN:159,(anonymous_14)
FN:164,(anonymous_15)
FN:180,(anonymous_16)
FN:185,(anonymous_17)
FN:189,(anonymous_18)
FN:233,(anonymous_19)
FN:264,(anonymous_20)
FN:267,(anonymous_21)
FN:281,(anonymous_22)
FNF:23
FNH:0
FNDA:0,(anonymous_0)
FNDA:0,(anonymous_1)
FNDA:0,(anonymous_2)
FNDA:0,(anonymous_3)
FNDA:0,(anonymous_4)
FNDA:0,(anonymous_5)
FNDA:0,(anonymous_6)
FNDA:0,(anonymous_7)
FNDA:0,(anonymous_8)
FNDA:0,(anonymous_9)
FNDA:0,(anonymous_10)
FNDA:0,(anonymous_11)
FNDA:0,(anonymous_12)
FNDA:0,(anonymous_13)
FNDA:0,(anonymous_14)
FNDA:0,(anonymous_15)
FNDA:0,(anonymous_16)
FNDA:0,(anonymous_17)
FNDA:0,(anonymous_18)
FNDA:0,(anonymous_19)
FNDA:0,(anonymous_20)
FNDA:0,(anonymous_21)
FNDA:0,(anonymous_22)
DA:28,1
DA:29,0
DA:30,0
DA:32,0
DA:33,0
DA:44,0
DA:45,0
DA:46,0
DA:47,0
DA:49,0
DA:50,0
DA:51,0
DA:52,0
DA:54,0
DA:63,0
DA:66,0
DA:67,0
DA:68,0
DA:69,0
DA:81,0
DA:82,0
DA:83,0
DA:87,0
DA:88,0
DA:92,0
DA:93,0
DA:96,0
DA:97,0
DA:104,0
DA:105,0
DA:111,0
DA:112,0
DA:115,0
DA:116,0
DA:125,0
DA:126,0
DA:129,0
DA:130,0
DA:131,0
DA:132,0
DA:133,0
DA:138,0
DA:140,0
DA:141,0
DA:143,0
DA:149,0
DA:150,0
DA:151,0
DA:153,0
DA:154,0
DA:155,0
DA:159,0
DA:160,0
DA:161,0
DA:162,0
DA:163,0
DA:164,0
DA:165,0
DA:166,0
DA:171,0
DA:180,0
DA:181,0
DA:182,0
DA:183,0
DA:185,0
DA:186,0
DA:187,0
DA:189,0
DA:190,0
DA:194,0
DA:201,0
DA:209,0
DA:229,0
DA:234,0
DA:260,0
DA:265,0
DA:267,0
DA:281,0
DA:285,0
LF:79
LH:1
BRDA:49,0,0,0
BRDA:49,0,1,0
BRDA:51,1,0,0
BRDA:51,1,1,0
BRDA:82,2,0,0
BRDA:82,2,1,0
BRDA:111,3,0,0
BRDA:111,3,1,0
BRDA:130,4,0,0
BRDA:130,4,1,0
BRDA:132,5,0,0
BRDA:132,5,1,0
BRDA:140,6,0,0
BRDA:140,6,1,0
BRDA:150,7,0,0
BRDA:150,7,1,0
BRDA:153,8,0,0
BRDA:153,8,1,0
BRDA:160,9,0,0
BRDA:160,9,1,0
BRDA:165,10,0,0
BRDA:165,10,1,0
BRDA:181,11,0,0
BRDA:181,11,1,0
BRDA:186,12,0,0
BRDA:186,12,1,0
BRDA:244,13,0,0
BRDA:244,13,1,0
BRDA:267,14,0,0
BRDA:267,14,1,0
BRDA:270,15,0,0
BRDA:270,15,1,0
BRDA:288,16,0,0
BRDA:288,16,1,0
BRDA:289,17,0,0
BRDA:289,17,1,0
BRDA:291,18,0,0
BRDA:291,18,1,0
BRF:38
BRH:0
end_of_record
TN:
SF:src/screens/chatPanels/memberList.js
FN:18,(anonymous_0)
FN:30,(anonymous_1)
FN:36,(anonymous_2)
FN:55,(anonymous_3)
FN:71,(anonymous_4)
FN:77,(anonymous_5)
FN:80,(anonymous_6)
FN:88,(anonymous_7)
FN:102,(anonymous_8)
FN:113,(anonymous_9)
FN:116,(anonymous_10)
FN:121,(anonymous_11)
FN:131,(anonymous_12)
FN:142,(anonymous_13)
FN:145,(anonymous_14)
FN:162,(anonymous_15)
FN:185,(anonymous_16)
FN:186,(anonymous_17)
FN:210,(anonymous_18)
FN:223,(anonymous_19)
FNF:20
FNH:0
FNDA:0,(anonymous_0)
FNDA:0,(anonymous_1)
FNDA:0,(anonymous_2)
FNDA:0,(anonymous_3)
FNDA:0,(anonymous_4)
FNDA:0,(anonymous_5)
FNDA:0,(anonymous_6)
FNDA:0,(anonymous_7)
FNDA:0,(anonymous_8)
FNDA:0,(anonymous_9)
FNDA:0,(anonymous_10)
FNDA:0,(anonymous_11)
FNDA:0,(anonymous_12)
FNDA:0,(anonymous_13)
FNDA:0,(anonymous_14)
FNDA:0,(anonymous_15)
FNDA:0,(anonymous_16)
FNDA:0,(anonymous_17)
FNDA:0,(anonymous_18)
FNDA:0,(anonymous_19)
DA:18,1
DA:19,0
DA:20,0
DA:21,0
DA:27,0
DA:30,0
DA:31,0
DA:32,0
DA:33,0
DA:36,0
DA:37,0
DA:38,0
DA:40,0
DA:49,0
DA:50,0
DA:52,0
DA:55,0
DA:56,0
DA:57,0
DA:58,0
DA:59,0
DA:71,0
DA:72,0
DA:76,0
DA:77,0
DA:80,0
DA:81,0
DA:88,0
DA:89,0
DA:95,0
DA:96,0
DA:99,0
DA:102,0
DA:103,0
DA:112,0
DA:113,0
DA:116,0
DA:117,0
DA:118,0
DA:121,0
DA:122,0
DA:123,0
DA:125,0
DA:130,0
DA:132,0
DA:133,0
DA:135,0
DA:142,0
DA:143,0
DA:145,0
DA:146,0
DA:147,0
DA:149,0
DA:156,0
DA:162,0
DA:163,0
DA:166,0
DA:167,0
DA:170,0
DA:171,0
DA:177,0
DA:183,0
DA:185,0
DA:186,0
DA:208,0
DA:210,0
DA:224,0
DA:225,0
DA:231,0
LF:69
LH:1
BRDA:23,0,0,0
BRDA:23,0,1,0
BRDA:37,1,0,0
BRDA:37,1,1,0
BRDA:49,2,0,0
BRDA:49,2,1,0
BRDA:95,3,0,0
BRDA:95,3,1,0
BRDA:117,4,0,0
BRDA:117,4,1,0
BRDA:122,5,0,0
BRDA:122,5,1,0
BRDA:132,6,0,0
BRDA:132,6,1,0
BRDA:147,7,0,0
BRDA:147,7,1,0
BRDA:166,8,0,0
BRDA:166,8,1,0
BRDA:178,9,0,0
BRDA:178,9,1,0
BRDA:198,10,0,0
BRDA:198,10,1,0
BRDA:234,11,0,0
BRDA:234,11,1,0
BRDA:238,12,0,0
BRDA:238,12,1,0
BRF:26
BRH:0
end_of_record
TN:
SF:src/styles/channel.style.js
FNF:0
FNH:0
LF:0
LH:0
BRF:0
BRH:0
end_of_record
TN:
SF:src/styles/chat.style.js
FNF:0
FNH:0
LF:0
LH:0
BRF:0
BRH:0
end_of_record
TN:
SF:src/styles/index.js
FNF:0
FNH:0
LF:0
LH:0
BRF:0
BRH:0
end_of_record
TN:
SF:src/styles/login.style.js
FNF:0
FNH:0
LF:0
LH:0
BRF:0
BRH:0
end_of_record
TN:
SF:src/styles/member.style.js
FNF:0
FNH:0
LF:0
LH:0
BRF:0
BRH:0
end_of_record
